{"/Users/craig/Developer/Public/paperclip.js/lib/index.js":{"path":"/Users/craig/Developer/Public/paperclip.js/lib/index.js","s":{"1":1,"2":1,"3":1,"4":1,"5":1,"6":1,"7":1,"8":1,"9":1,"10":1,"11":1,"12":1},"b":{},"f":{},"fnMap":{},"statementMap":{"1":{"start":{"line":2,"column":0},"end":{"line":2,"column":46}},"2":{"start":{"line":4,"column":0},"end":{"line":4,"column":25}},"3":{"start":{"line":6,"column":0},"end":{"line":6,"column":27}},"4":{"start":{"line":8,"column":0},"end":{"line":8,"column":31}},"5":{"start":{"line":10,"column":0},"end":{"line":10,"column":35}},"6":{"start":{"line":12,"column":0},"end":{"line":12,"column":38}},"7":{"start":{"line":14,"column":0},"end":{"line":14,"column":18}},"8":{"start":{"line":16,"column":0},"end":{"line":16,"column":25}},"9":{"start":{"line":18,"column":0},"end":{"line":18,"column":43}},"10":{"start":{"line":20,"column":0},"end":{"line":20,"column":38}},"11":{"start":{"line":22,"column":0},"end":{"line":22,"column":35}},"12":{"start":{"line":24,"column":0},"end":{"line":24,"column":36}}},"branchMap":{}},"/Users/craig/Developer/Public/paperclip.js/lib/clip/index.js":{"path":"/Users/craig/Developer/Public/paperclip.js/lib/clip/index.js","s":{"1":1,"2":144,"3":210,"4":1,"5":1,"6":1,"7":1,"8":1,"9":1,"10":1,"11":1,"12":1,"13":1,"14":1,"15":1,"16":1,"17":1,"18":1,"19":1,"20":243,"21":243,"22":243,"23":1,"24":235,"25":235,"26":1,"27":0,"28":0,"29":1,"30":0,"31":0,"32":0,"33":0,"34":0,"35":0,"36":0,"37":1,"38":0,"39":0,"40":0,"41":1,"42":10,"43":10,"44":1,"45":0,"46":0,"47":1,"48":243,"49":243,"50":243,"51":243,"52":243,"53":243,"54":245,"55":245,"56":243,"57":245,"58":34,"59":34,"60":0,"61":245,"62":245,"63":245,"64":10,"65":8,"66":2,"67":245,"68":47,"69":243,"70":1,"71":1,"72":1,"73":1,"74":72,"75":72,"76":72,"77":72,"78":72,"79":72,"80":72,"81":1,"82":0,"83":0,"84":0,"85":0,"86":1,"87":210,"88":210,"89":210,"90":93,"91":117,"92":117,"93":117,"94":1,"95":82,"96":82,"97":1,"98":8,"99":8,"100":8,"101":7,"102":8,"103":8,"104":1,"105":0,"106":1,"107":235,"108":1,"109":0,"110":1,"111":8,"112":1,"113":0,"114":1,"115":243,"116":243,"117":66,"118":177,"119":98,"120":91,"121":7,"122":86,"123":86,"124":86,"125":121,"126":0,"127":121,"128":0,"129":121,"130":3,"131":121,"132":69,"133":52,"134":14,"135":0,"136":14,"137":86,"138":1,"139":0,"140":0,"141":0,"142":0,"143":0,"144":0,"145":0,"146":1,"147":3,"148":3,"149":3,"150":0,"151":3,"152":3,"153":3,"154":0,"155":0,"156":0,"157":0,"158":1,"159":0,"160":0,"161":1,"162":1,"163":1,"164":72,"165":72,"166":72,"167":72,"168":1,"169":12,"170":12,"171":12,"172":12,"173":1,"174":8,"175":8,"176":8,"177":8,"178":1,"179":88,"180":88,"181":88,"182":88,"183":1,"184":0,"185":0,"186":0,"187":0,"188":1,"189":130,"190":1,"191":72,"192":72,"193":48,"194":24,"195":24,"196":1,"197":72,"198":72,"199":72,"200":72,"201":72,"202":117,"203":1,"204":1,"205":1,"206":72,"207":72,"208":72,"209":72,"210":72,"211":72,"212":72,"213":72,"214":4,"215":1,"216":158,"217":80,"218":158,"219":80,"220":158,"221":158,"222":80,"223":158,"224":1,"225":4,"226":4,"227":1,"228":8,"229":1,"230":88,"231":88,"232":1,"233":0,"234":0,"235":0,"236":0,"237":1,"238":130,"239":1,"240":8,"241":8,"242":1,"243":117,"244":117,"245":1,"246":74,"247":74,"248":1,"249":1},"b":{"1":[1,0],"2":[0,243],"3":[243,2],"4":[34,211],"5":[245,243],"6":[34,0],"7":[243,2],"8":[10,235],"9":[8,2],"10":[10,8],"11":[8,0],"12":[47,198],"13":[93,117],"14":[0,0],"15":[66,177],"16":[98,79],"17":[91,7],"18":[0,121],"19":[0,121],"20":[118,3],"21":[3,118],"22":[69,52],"23":[0,14],"24":[0,0],"25":[0,3],"26":[3,3],"27":[0,3],"28":[0,3],"29":[48,24],"30":[72,66],"31":[72,66],"32":[72,0],"33":[4,68],"34":[80,78],"35":[80,78],"36":[78,80],"37":[80,78],"38":[0,0],"39":[0,0]},"f":{"1":144,"2":210,"3":1,"4":1,"5":1,"6":243,"7":235,"8":0,"9":0,"10":0,"11":10,"12":0,"13":243,"14":1,"15":72,"16":0,"17":210,"18":82,"19":8,"20":0,"21":235,"22":0,"23":8,"24":0,"25":243,"26":121,"27":14,"28":0,"29":0,"30":0,"31":3,"32":0,"33":1,"34":72,"35":12,"36":8,"37":88,"38":0,"39":130,"40":72,"41":72,"42":117,"43":1,"44":72,"45":158,"46":4,"47":8,"48":88,"49":0,"50":130,"51":8,"52":117,"53":74},"fnMap":{"1":{"name":"(anonymous_1)","line":3,"loc":{"start":{"line":3,"column":11},"end":{"line":3,"column":27}}},"2":{"name":"(anonymous_2)","line":3,"loc":{"start":{"line":3,"column":36},"end":{"line":3,"column":46}}},"3":{"name":"(anonymous_3)","line":5,"loc":{"start":{"line":5,"column":14},"end":{"line":5,"column":38}}},"4":{"name":"ctor","line":5,"loc":{"start":{"line":5,"column":127},"end":{"line":5,"column":143}}},"5":{"name":"(anonymous_5)","line":20,"loc":{"start":{"line":20,"column":17},"end":{"line":20,"column":28}}},"6":{"name":"PropertyChain","line":30,"loc":{"start":{"line":30,"column":2},"end":{"line":30,"column":34}}},"7":{"name":"(anonymous_7)","line":40,"loc":{"start":{"line":40,"column":32},"end":{"line":40,"column":47}}},"8":{"name":"(anonymous_8)","line":51,"loc":{"start":{"line":51,"column":35},"end":{"line":51,"column":50}}},"9":{"name":"(anonymous_9)","line":60,"loc":{"start":{"line":60,"column":33},"end":{"line":60,"column":44}}},"10":{"name":"(anonymous_10)","line":75,"loc":{"start":{"line":75,"column":33},"end":{"line":75,"column":48}}},"11":{"name":"(anonymous_11)","line":85,"loc":{"start":{"line":85,"column":33},"end":{"line":85,"column":54}}},"12":{"name":"(anonymous_12)","line":97,"loc":{"start":{"line":97,"column":33},"end":{"line":97,"column":44}}},"13":{"name":"(anonymous_13)","line":106,"loc":{"start":{"line":106,"column":34},"end":{"line":106,"column":50}}},"14":{"name":"(anonymous_14)","line":148,"loc":{"start":{"line":148,"column":14},"end":{"line":148,"column":31}}},"15":{"name":"ClipScript","line":155,"loc":{"start":{"line":155,"column":2},"end":{"line":155,"column":36}}},"16":{"name":"(anonymous_16)","line":169,"loc":{"start":{"line":169,"column":33},"end":{"line":169,"column":44}}},"17":{"name":"(anonymous_17)","line":181,"loc":{"start":{"line":181,"column":32},"end":{"line":181,"column":43}}},"18":{"name":"(anonymous_18)","line":196,"loc":{"start":{"line":196,"column":31},"end":{"line":196,"column":42}}},"19":{"name":"(anonymous_19)","line":205,"loc":{"start":{"line":205,"column":33},"end":{"line":205,"column":44}}},"20":{"name":"(anonymous_20)","line":219,"loc":{"start":{"line":219,"column":36},"end":{"line":219,"column":47}}},"21":{"name":"(anonymous_21)","line":227,"loc":{"start":{"line":227,"column":29},"end":{"line":227,"column":44}}},"22":{"name":"(anonymous_22)","line":231,"loc":{"start":{"line":231,"column":30},"end":{"line":231,"column":45}}},"23":{"name":"(anonymous_23)","line":235,"loc":{"start":{"line":235,"column":30},"end":{"line":235,"column":51}}},"24":{"name":"(anonymous_24)","line":239,"loc":{"start":{"line":239,"column":32},"end":{"line":239,"column":47}}},"25":{"name":"(anonymous_25)","line":248,"loc":{"start":{"line":248,"column":32},"end":{"line":248,"column":55}}},"26":{"name":"(anonymous_26)","line":264,"loc":{"start":{"line":264,"column":46},"end":{"line":264,"column":72}}},"27":{"name":"(anonymous_27)","line":278,"loc":{"start":{"line":278,"column":15},"end":{"line":278,"column":26}}},"28":{"name":"(anonymous_28)","line":294,"loc":{"start":{"line":294,"column":40},"end":{"line":294,"column":66}}},"29":{"name":"(anonymous_29)","line":297,"loc":{"start":{"line":297,"column":34},"end":{"line":297,"column":45}}},"30":{"name":"(anonymous_30)","line":304,"loc":{"start":{"line":304,"column":15},"end":{"line":304,"column":26}}},"31":{"name":"(anonymous_31)","line":326,"loc":{"start":{"line":326,"column":38},"end":{"line":326,"column":65}}},"32":{"name":"(anonymous_32)","line":380,"loc":{"start":{"line":380,"column":41},"end":{"line":380,"column":52}}},"33":{"name":"(anonymous_33)","line":389,"loc":{"start":{"line":389,"column":15},"end":{"line":389,"column":26}}},"34":{"name":"ClipScripts","line":393,"loc":{"start":{"line":393,"column":2},"end":{"line":393,"column":38}}},"35":{"name":"(anonymous_35)","line":404,"loc":{"start":{"line":404,"column":32},"end":{"line":404,"column":43}}},"36":{"name":"(anonymous_36)","line":416,"loc":{"start":{"line":416,"column":34},"end":{"line":416,"column":45}}},"37":{"name":"(anonymous_37)","line":428,"loc":{"start":{"line":428,"column":33},"end":{"line":428,"column":44}}},"38":{"name":"(anonymous_38)","line":440,"loc":{"start":{"line":440,"column":34},"end":{"line":440,"column":45}}},"39":{"name":"(anonymous_39)","line":452,"loc":{"start":{"line":452,"column":30},"end":{"line":452,"column":45}}},"40":{"name":"(anonymous_40)","line":460,"loc":{"start":{"line":460,"column":39},"end":{"line":460,"column":57}}},"41":{"name":"(anonymous_41)","line":475,"loc":{"start":{"line":475,"column":38},"end":{"line":475,"column":68}}},"42":{"name":"(anonymous_42)","line":481,"loc":{"start":{"line":481,"column":35},"end":{"line":481,"column":51}}},"43":{"name":"(anonymous_43)","line":490,"loc":{"start":{"line":490,"column":8},"end":{"line":490,"column":19}}},"44":{"name":"Clip","line":494,"loc":{"start":{"line":494,"column":2},"end":{"line":494,"column":25}}},"45":{"name":"(anonymous_45)","line":512,"loc":{"start":{"line":512,"column":25},"end":{"line":512,"column":48}}},"46":{"name":"(anonymous_46)","line":530,"loc":{"start":{"line":530,"column":25},"end":{"line":530,"column":36}}},"47":{"name":"(anonymous_47)","line":539,"loc":{"start":{"line":539,"column":27},"end":{"line":539,"column":38}}},"48":{"name":"(anonymous_48)","line":547,"loc":{"start":{"line":547,"column":26},"end":{"line":547,"column":37}}},"49":{"name":"(anonymous_49)","line":556,"loc":{"start":{"line":556,"column":27},"end":{"line":556,"column":38}}},"50":{"name":"(anonymous_50)","line":564,"loc":{"start":{"line":564,"column":26},"end":{"line":564,"column":41}}},"51":{"name":"(anonymous_51)","line":568,"loc":{"start":{"line":568,"column":23},"end":{"line":568,"column":34}}},"52":{"name":"(anonymous_52)","line":573,"loc":{"start":{"line":573,"column":23},"end":{"line":573,"column":34}}},"53":{"name":"(anonymous_53)","line":578,"loc":{"start":{"line":578,"column":24},"end":{"line":578,"column":35}}}},"statementMap":{"1":{"start":{"line":2,"column":0},"end":{"line":5,"column":290}},"2":{"start":{"line":3,"column":29},"end":{"line":3,"column":82}},"3":{"start":{"line":3,"column":48},"end":{"line":3,"column":79}},"4":{"start":{"line":5,"column":40},"end":{"line":5,"column":126}},"5":{"start":{"line":5,"column":66},"end":{"line":5,"column":124}},"6":{"start":{"line":5,"column":99},"end":{"line":5,"column":124}},"7":{"start":{"line":5,"column":127},"end":{"line":5,"column":172}},"8":{"start":{"line":5,"column":145},"end":{"line":5,"column":170}},"9":{"start":{"line":5,"column":173},"end":{"line":5,"column":207}},"10":{"start":{"line":5,"column":208},"end":{"line":5,"column":237}},"11":{"start":{"line":5,"column":238},"end":{"line":5,"column":273}},"12":{"start":{"line":5,"column":274},"end":{"line":5,"column":287}},"13":{"start":{"line":7,"column":0},"end":{"line":7,"column":23}},"14":{"start":{"line":9,"column":0},"end":{"line":9,"column":27}},"15":{"start":{"line":11,"column":0},"end":{"line":11,"column":31}},"16":{"start":{"line":13,"column":0},"end":{"line":13,"column":33}},"17":{"start":{"line":20,"column":0},"end":{"line":142,"column":5}},"18":{"start":{"line":24,"column":2},"end":{"line":24,"column":51}},"19":{"start":{"line":30,"column":2},"end":{"line":34,"column":3}},"20":{"start":{"line":31,"column":4},"end":{"line":31,"column":27}},"21":{"start":{"line":32,"column":4},"end":{"line":32,"column":24}},"22":{"start":{"line":33,"column":4},"end":{"line":33,"column":34}},"23":{"start":{"line":40,"column":2},"end":{"line":45,"column":4}},"24":{"start":{"line":41,"column":4},"end":{"line":43,"column":7}},"25":{"start":{"line":44,"column":4},"end":{"line":44,"column":16}},"26":{"start":{"line":51,"column":2},"end":{"line":54,"column":4}},"27":{"start":{"line":52,"column":4},"end":{"line":52,"column":35}},"28":{"start":{"line":53,"column":4},"end":{"line":53,"column":16}},"29":{"start":{"line":60,"column":2},"end":{"line":69,"column":4}},"30":{"start":{"line":61,"column":4},"end":{"line":61,"column":32}},"31":{"start":{"line":62,"column":4},"end":{"line":62,"column":14}},"32":{"start":{"line":63,"column":4},"end":{"line":63,"column":26}},"33":{"start":{"line":64,"column":4},"end":{"line":67,"column":5}},"34":{"start":{"line":65,"column":6},"end":{"line":65,"column":19}},"35":{"start":{"line":66,"column":6},"end":{"line":66,"column":23}},"36":{"start":{"line":68,"column":4},"end":{"line":68,"column":26}},"37":{"start":{"line":75,"column":2},"end":{"line":79,"column":4}},"38":{"start":{"line":76,"column":4},"end":{"line":76,"column":22}},"39":{"start":{"line":77,"column":4},"end":{"line":77,"column":19}},"40":{"start":{"line":78,"column":4},"end":{"line":78,"column":16}},"41":{"start":{"line":85,"column":2},"end":{"line":91,"column":4}},"42":{"start":{"line":86,"column":4},"end":{"line":89,"column":7}},"43":{"start":{"line":90,"column":4},"end":{"line":90,"column":16}},"44":{"start":{"line":97,"column":2},"end":{"line":100,"column":4}},"45":{"start":{"line":98,"column":4},"end":{"line":98,"column":37}},"46":{"start":{"line":99,"column":4},"end":{"line":99,"column":16}},"47":{"start":{"line":106,"column":2},"end":{"line":138,"column":4}},"48":{"start":{"line":107,"column":4},"end":{"line":107,"column":56}},"49":{"start":{"line":108,"column":4},"end":{"line":108,"column":32}},"50":{"start":{"line":109,"column":4},"end":{"line":109,"column":49}},"51":{"start":{"line":110,"column":4},"end":{"line":110,"column":30}},"52":{"start":{"line":111,"column":4},"end":{"line":111,"column":26}},"53":{"start":{"line":112,"column":4},"end":{"line":136,"column":5}},"54":{"start":{"line":113,"column":6},"end":{"line":113,"column":24}},"55":{"start":{"line":114,"column":6},"end":{"line":116,"column":7}},"56":{"start":{"line":115,"column":8},"end":{"line":115,"column":45}},"57":{"start":{"line":117,"column":6},"end":{"line":123,"column":7}},"58":{"start":{"line":118,"column":8},"end":{"line":122,"column":9}},"59":{"start":{"line":119,"column":10},"end":{"line":119,"column":37}},"60":{"start":{"line":121,"column":10},"end":{"line":121,"column":43}},"61":{"start":{"line":124,"column":6},"end":{"line":124,"column":14}},"62":{"start":{"line":125,"column":6},"end":{"line":125,"column":68}},"63":{"start":{"line":126,"column":6},"end":{"line":132,"column":7}},"64":{"start":{"line":127,"column":8},"end":{"line":131,"column":9}},"65":{"start":{"line":128,"column":10},"end":{"line":128,"column":64}},"66":{"start":{"line":130,"column":10},"end":{"line":130,"column":22}},"67":{"start":{"line":133,"column":6},"end":{"line":135,"column":7}},"68":{"start":{"line":134,"column":8},"end":{"line":134,"column":14}},"69":{"start":{"line":137,"column":4},"end":{"line":137,"column":14}},"70":{"start":{"line":140,"column":2},"end":{"line":140,"column":23}},"71":{"start":{"line":148,"column":0},"end":{"line":387,"column":24}},"72":{"start":{"line":149,"column":2},"end":{"line":149,"column":32}},"73":{"start":{"line":155,"column":2},"end":{"line":163,"column":3}},"74":{"start":{"line":156,"column":4},"end":{"line":156,"column":25}},"75":{"start":{"line":157,"column":4},"end":{"line":157,"column":21}},"76":{"start":{"line":158,"column":4},"end":{"line":158,"column":62}},"77":{"start":{"line":159,"column":4},"end":{"line":159,"column":44}},"78":{"start":{"line":160,"column":4},"end":{"line":160,"column":37}},"79":{"start":{"line":161,"column":4},"end":{"line":161,"column":24}},"80":{"start":{"line":162,"column":4},"end":{"line":162,"column":19}},"81":{"start":{"line":169,"column":2},"end":{"line":175,"column":4}},"82":{"start":{"line":170,"column":4},"end":{"line":170,"column":12}},"83":{"start":{"line":171,"column":4},"end":{"line":173,"column":5}},"84":{"start":{"line":172,"column":6},"end":{"line":172,"column":36}},"85":{"start":{"line":174,"column":4},"end":{"line":174,"column":31}},"86":{"start":{"line":181,"column":2},"end":{"line":190,"column":4}},"87":{"start":{"line":182,"column":4},"end":{"line":182,"column":17}},"88":{"start":{"line":183,"column":4},"end":{"line":183,"column":41}},"89":{"start":{"line":184,"column":4},"end":{"line":186,"column":5}},"90":{"start":{"line":185,"column":6},"end":{"line":185,"column":22}},"91":{"start":{"line":187,"column":4},"end":{"line":187,"column":25}},"92":{"start":{"line":188,"column":4},"end":{"line":188,"column":47}},"93":{"start":{"line":189,"column":4},"end":{"line":189,"column":20}},"94":{"start":{"line":196,"column":2},"end":{"line":199,"column":4}},"95":{"start":{"line":197,"column":4},"end":{"line":197,"column":24}},"96":{"start":{"line":198,"column":4},"end":{"line":198,"column":16}},"97":{"start":{"line":205,"column":2},"end":{"line":213,"column":4}},"98":{"start":{"line":206,"column":4},"end":{"line":206,"column":12}},"99":{"start":{"line":207,"column":4},"end":{"line":207,"column":25}},"100":{"start":{"line":208,"column":4},"end":{"line":210,"column":5}},"101":{"start":{"line":209,"column":6},"end":{"line":209,"column":36}},"102":{"start":{"line":211,"column":4},"end":{"line":211,"column":24}},"103":{"start":{"line":212,"column":4},"end":{"line":212,"column":16}},"104":{"start":{"line":219,"column":2},"end":{"line":221,"column":4}},"105":{"start":{"line":220,"column":4},"end":{"line":220,"column":34}},"106":{"start":{"line":227,"column":2},"end":{"line":229,"column":4}},"107":{"start":{"line":228,"column":4},"end":{"line":228,"column":45}},"108":{"start":{"line":231,"column":2},"end":{"line":233,"column":4}},"109":{"start":{"line":232,"column":4},"end":{"line":232,"column":46}},"110":{"start":{"line":235,"column":2},"end":{"line":237,"column":4}},"111":{"start":{"line":236,"column":4},"end":{"line":236,"column":52}},"112":{"start":{"line":239,"column":2},"end":{"line":241,"column":4}},"113":{"start":{"line":240,"column":4},"end":{"line":240,"column":48}},"114":{"start":{"line":248,"column":2},"end":{"line":286,"column":4}},"115":{"start":{"line":249,"column":4},"end":{"line":250,"column":19}},"116":{"start":{"line":251,"column":4},"end":{"line":253,"column":5}},"117":{"start":{"line":252,"column":6},"end":{"line":252,"column":13}},"118":{"start":{"line":254,"column":4},"end":{"line":259,"column":5}},"119":{"start":{"line":255,"column":6},"end":{"line":257,"column":7}},"120":{"start":{"line":256,"column":8},"end":{"line":256,"column":15}},"121":{"start":{"line":258,"column":6},"end":{"line":258,"column":37}},"122":{"start":{"line":260,"column":4},"end":{"line":260,"column":22}},"123":{"start":{"line":261,"column":4},"end":{"line":261,"column":29}},"124":{"start":{"line":262,"column":4},"end":{"line":284,"column":6}},"125":{"start":{"line":265,"column":8},"end":{"line":267,"column":9}},"126":{"start":{"line":266,"column":10},"end":{"line":266,"column":36}},"127":{"start":{"line":268,"column":8},"end":{"line":272,"column":9}},"128":{"start":{"line":269,"column":10},"end":{"line":269,"column":66}},"129":{"start":{"line":270,"column":15},"end":{"line":272,"column":9}},"130":{"start":{"line":271,"column":10},"end":{"line":271,"column":50}},"131":{"start":{"line":273,"column":8},"end":{"line":275,"column":9}},"132":{"start":{"line":274,"column":10},"end":{"line":274,"column":17}},"133":{"start":{"line":276,"column":8},"end":{"line":276,"column":30}},"134":{"start":{"line":279,"column":8},"end":{"line":281,"column":9}},"135":{"start":{"line":280,"column":10},"end":{"line":280,"column":36}},"136":{"start":{"line":282,"column":8},"end":{"line":282,"column":33}},"137":{"start":{"line":285,"column":4},"end":{"line":285,"column":30}},"138":{"start":{"line":294,"column":2},"end":{"line":308,"column":4}},"139":{"start":{"line":295,"column":4},"end":{"line":296,"column":19}},"140":{"start":{"line":297,"column":4},"end":{"line":302,"column":7}},"141":{"start":{"line":298,"column":6},"end":{"line":300,"column":7}},"142":{"start":{"line":299,"column":8},"end":{"line":299,"column":15}},"143":{"start":{"line":301,"column":6},"end":{"line":301,"column":37}},"144":{"start":{"line":303,"column":4},"end":{"line":307,"column":6}},"145":{"start":{"line":305,"column":8},"end":{"line":305,"column":45}},"146":{"start":{"line":326,"column":2},"end":{"line":374,"column":4}},"147":{"start":{"line":327,"column":4},"end":{"line":327,"column":41}},"148":{"start":{"line":328,"column":4},"end":{"line":328,"column":15}},"149":{"start":{"line":329,"column":4},"end":{"line":331,"column":5}},"150":{"start":{"line":330,"column":6},"end":{"line":330,"column":13}},"151":{"start":{"line":332,"column":4},"end":{"line":332,"column":16}},"152":{"start":{"line":333,"column":4},"end":{"line":333,"column":90}},"153":{"start":{"line":334,"column":4},"end":{"line":342,"column":5}},"154":{"start":{"line":335,"column":6},"end":{"line":335,"column":21}},"155":{"start":{"line":336,"column":6},"end":{"line":339,"column":7}},"156":{"start":{"line":337,"column":8},"end":{"line":337,"column":23}},"157":{"start":{"line":338,"column":8},"end":{"line":338,"column":33}},"158":{"start":{"line":380,"column":2},"end":{"line":383,"column":4}},"159":{"start":{"line":381,"column":4},"end":{"line":381,"column":40}},"160":{"start":{"line":382,"column":4},"end":{"line":382,"column":62}},"161":{"start":{"line":385,"column":2},"end":{"line":385,"column":20}},"162":{"start":{"line":389,"column":0},"end":{"line":488,"column":5}},"163":{"start":{"line":393,"column":2},"end":{"line":398,"column":3}},"164":{"start":{"line":394,"column":4},"end":{"line":394,"column":21}},"165":{"start":{"line":395,"column":4},"end":{"line":395,"column":23}},"166":{"start":{"line":396,"column":4},"end":{"line":396,"column":20}},"167":{"start":{"line":397,"column":4},"end":{"line":397,"column":31}},"168":{"start":{"line":404,"column":2},"end":{"line":410,"column":4}},"169":{"start":{"line":405,"column":4},"end":{"line":405,"column":12}},"170":{"start":{"line":406,"column":4},"end":{"line":408,"column":5}},"171":{"start":{"line":407,"column":6},"end":{"line":407,"column":33}},"172":{"start":{"line":409,"column":4},"end":{"line":409,"column":16}},"173":{"start":{"line":416,"column":2},"end":{"line":422,"column":4}},"174":{"start":{"line":417,"column":4},"end":{"line":417,"column":12}},"175":{"start":{"line":418,"column":4},"end":{"line":420,"column":5}},"176":{"start":{"line":419,"column":6},"end":{"line":419,"column":35}},"177":{"start":{"line":421,"column":4},"end":{"line":421,"column":16}},"178":{"start":{"line":428,"column":2},"end":{"line":434,"column":4}},"179":{"start":{"line":429,"column":4},"end":{"line":429,"column":12}},"180":{"start":{"line":430,"column":4},"end":{"line":432,"column":5}},"181":{"start":{"line":431,"column":6},"end":{"line":431,"column":34}},"182":{"start":{"line":433,"column":4},"end":{"line":433,"column":16}},"183":{"start":{"line":440,"column":2},"end":{"line":446,"column":4}},"184":{"start":{"line":441,"column":4},"end":{"line":441,"column":12}},"185":{"start":{"line":442,"column":4},"end":{"line":444,"column":5}},"186":{"start":{"line":443,"column":6},"end":{"line":443,"column":35}},"187":{"start":{"line":445,"column":4},"end":{"line":445,"column":30}},"188":{"start":{"line":452,"column":2},"end":{"line":454,"column":4}},"189":{"start":{"line":453,"column":4},"end":{"line":453,"column":31}},"190":{"start":{"line":460,"column":2},"end":{"line":469,"column":4}},"191":{"start":{"line":461,"column":4},"end":{"line":461,"column":19}},"192":{"start":{"line":462,"column":4},"end":{"line":468,"column":5}},"193":{"start":{"line":463,"column":6},"end":{"line":463,"column":41}},"194":{"start":{"line":465,"column":6},"end":{"line":467,"column":7}},"195":{"start":{"line":466,"column":8},"end":{"line":466,"column":58}},"196":{"start":{"line":475,"column":2},"end":{"line":484,"column":4}},"197":{"start":{"line":476,"column":4},"end":{"line":477,"column":19}},"198":{"start":{"line":478,"column":4},"end":{"line":478,"column":26}},"199":{"start":{"line":479,"column":4},"end":{"line":479,"column":51}},"200":{"start":{"line":480,"column":4},"end":{"line":480,"column":37}},"201":{"start":{"line":481,"column":4},"end":{"line":483,"column":7}},"202":{"start":{"line":482,"column":6},"end":{"line":482,"column":41}},"203":{"start":{"line":486,"column":2},"end":{"line":486,"column":21}},"204":{"start":{"line":490,"column":0},"end":{"line":585,"column":5}},"205":{"start":{"line":494,"column":2},"end":{"line":506,"column":3}},"206":{"start":{"line":495,"column":4},"end":{"line":495,"column":16}},"207":{"start":{"line":496,"column":4},"end":{"line":496,"column":27}},"208":{"start":{"line":497,"column":4},"end":{"line":497,"column":73}},"209":{"start":{"line":498,"column":4},"end":{"line":498,"column":36}},"210":{"start":{"line":499,"column":4},"end":{"line":499,"column":58}},"211":{"start":{"line":500,"column":4},"end":{"line":502,"column":5}},"212":{"start":{"line":501,"column":6},"end":{"line":501,"column":52}},"213":{"start":{"line":503,"column":4},"end":{"line":505,"column":5}},"214":{"start":{"line":504,"column":6},"end":{"line":504,"column":19}},"215":{"start":{"line":512,"column":2},"end":{"line":524,"column":4}},"216":{"start":{"line":513,"column":4},"end":{"line":515,"column":5}},"217":{"start":{"line":514,"column":6},"end":{"line":514,"column":16}},"218":{"start":{"line":516,"column":4},"end":{"line":518,"column":5}},"219":{"start":{"line":517,"column":6},"end":{"line":517,"column":20}},"220":{"start":{"line":519,"column":4},"end":{"line":519,"column":69}},"221":{"start":{"line":520,"column":4},"end":{"line":522,"column":5}},"222":{"start":{"line":521,"column":6},"end":{"line":521,"column":20}},"223":{"start":{"line":523,"column":4},"end":{"line":523,"column":16}},"224":{"start":{"line":530,"column":2},"end":{"line":533,"column":4}},"225":{"start":{"line":531,"column":4},"end":{"line":531,"column":25}},"226":{"start":{"line":532,"column":4},"end":{"line":532,"column":16}},"227":{"start":{"line":539,"column":2},"end":{"line":541,"column":4}},"228":{"start":{"line":540,"column":4},"end":{"line":540,"column":34}},"229":{"start":{"line":547,"column":2},"end":{"line":550,"column":4}},"230":{"start":{"line":548,"column":4},"end":{"line":548,"column":26}},"231":{"start":{"line":549,"column":4},"end":{"line":549,"column":16}},"232":{"start":{"line":556,"column":2},"end":{"line":562,"column":4}},"233":{"start":{"line":557,"column":4},"end":{"line":557,"column":20}},"234":{"start":{"line":558,"column":4},"end":{"line":560,"column":5}},"235":{"start":{"line":559,"column":6},"end":{"line":559,"column":21}},"236":{"start":{"line":561,"column":4},"end":{"line":561,"column":69}},"237":{"start":{"line":564,"column":2},"end":{"line":566,"column":4}},"238":{"start":{"line":565,"column":4},"end":{"line":565,"column":34}},"239":{"start":{"line":568,"column":2},"end":{"line":571,"column":4}},"240":{"start":{"line":569,"column":4},"end":{"line":569,"column":13}},"241":{"start":{"line":570,"column":4},"end":{"line":570,"column":58}},"242":{"start":{"line":573,"column":2},"end":{"line":576,"column":4}},"243":{"start":{"line":574,"column":4},"end":{"line":574,"column":13}},"244":{"start":{"line":575,"column":4},"end":{"line":575,"column":58}},"245":{"start":{"line":578,"column":2},"end":{"line":581,"column":4}},"246":{"start":{"line":579,"column":4},"end":{"line":579,"column":13}},"247":{"start":{"line":580,"column":4},"end":{"line":580,"column":59}},"248":{"start":{"line":583,"column":2},"end":{"line":583,"column":14}},"249":{"start":{"line":587,"column":0},"end":{"line":587,"column":22}}},"branchMap":{"1":{"line":5,"type":"if","locations":[{"start":{"line":5,"column":66},"end":{"line":5,"column":66}},{"start":{"line":5,"column":66},"end":{"line":5,"column":66}}]},"2":{"line":109,"type":"cond-expr","locations":[{"start":{"line":109,"column":22},"end":{"line":109,"column":31}},{"start":{"line":109,"column":34},"end":{"line":109,"column":48}}]},"3":{"line":114,"type":"if","locations":[{"start":{"line":114,"column":6},"end":{"line":114,"column":6}},{"start":{"line":114,"column":6},"end":{"line":114,"column":6}}]},"4":{"line":117,"type":"if","locations":[{"start":{"line":117,"column":6},"end":{"line":117,"column":6}},{"start":{"line":117,"column":6},"end":{"line":117,"column":6}}]},"5":{"line":117,"type":"binary-expr","locations":[{"start":{"line":117,"column":10},"end":{"line":117,"column":21}},{"start":{"line":117,"column":25},"end":{"line":117,"column":33}}]},"6":{"line":118,"type":"if","locations":[{"start":{"line":118,"column":8},"end":{"line":118,"column":8}},{"start":{"line":118,"column":8},"end":{"line":118,"column":8}}]},"7":{"line":125,"type":"cond-expr","locations":[{"start":{"line":125,"column":20},"end":{"line":125,"column":39}},{"start":{"line":125,"column":42},"end":{"line":125,"column":67}}]},"8":{"line":126,"type":"if","locations":[{"start":{"line":126,"column":6},"end":{"line":126,"column":6}},{"start":{"line":126,"column":6},"end":{"line":126,"column":6}}]},"9":{"line":127,"type":"if","locations":[{"start":{"line":127,"column":8},"end":{"line":127,"column":8}},{"start":{"line":127,"column":8},"end":{"line":127,"column":8}}]},"10":{"line":127,"type":"binary-expr","locations":[{"start":{"line":127,"column":12},"end":{"line":127,"column":14}},{"start":{"line":127,"column":18},"end":{"line":127,"column":42}}]},"11":{"line":128,"type":"cond-expr","locations":[{"start":{"line":128,"column":28},"end":{"line":128,"column":54}},{"start":{"line":128,"column":57},"end":{"line":128,"column":63}}]},"12":{"line":133,"type":"if","locations":[{"start":{"line":133,"column":6},"end":{"line":133,"column":6}},{"start":{"line":133,"column":6},"end":{"line":133,"column":6}}]},"13":{"line":184,"type":"if","locations":[{"start":{"line":184,"column":4},"end":{"line":184,"column":4}},{"start":{"line":184,"column":4},"end":{"line":184,"column":4}}]},"14":{"line":220,"type":"binary-expr","locations":[{"start":{"line":220,"column":11},"end":{"line":220,"column":27}},{"start":{"line":220,"column":31},"end":{"line":220,"column":33}}]},"15":{"line":251,"type":"if","locations":[{"start":{"line":251,"column":4},"end":{"line":251,"column":4}},{"start":{"line":251,"column":4},"end":{"line":251,"column":4}}]},"16":{"line":254,"type":"if","locations":[{"start":{"line":254,"column":4},"end":{"line":254,"column":4}},{"start":{"line":254,"column":4},"end":{"line":254,"column":4}}]},"17":{"line":255,"type":"if","locations":[{"start":{"line":255,"column":6},"end":{"line":255,"column":6}},{"start":{"line":255,"column":6},"end":{"line":255,"column":6}}]},"18":{"line":265,"type":"if","locations":[{"start":{"line":265,"column":8},"end":{"line":265,"column":8}},{"start":{"line":265,"column":8},"end":{"line":265,"column":8}}]},"19":{"line":268,"type":"if","locations":[{"start":{"line":268,"column":8},"end":{"line":268,"column":8}},{"start":{"line":268,"column":8},"end":{"line":268,"column":8}}]},"20":{"line":268,"type":"cond-expr","locations":[{"start":{"line":268,"column":28},"end":{"line":268,"column":46}},{"start":{"line":268,"column":49},"end":{"line":268,"column":55}}]},"21":{"line":270,"type":"if","locations":[{"start":{"line":270,"column":15},"end":{"line":270,"column":15}},{"start":{"line":270,"column":15},"end":{"line":270,"column":15}}]},"22":{"line":273,"type":"if","locations":[{"start":{"line":273,"column":8},"end":{"line":273,"column":8}},{"start":{"line":273,"column":8},"end":{"line":273,"column":8}}]},"23":{"line":279,"type":"if","locations":[{"start":{"line":279,"column":8},"end":{"line":279,"column":8}},{"start":{"line":279,"column":8},"end":{"line":279,"column":8}}]},"24":{"line":298,"type":"if","locations":[{"start":{"line":298,"column":6},"end":{"line":298,"column":6}},{"start":{"line":298,"column":6},"end":{"line":298,"column":6}}]},"25":{"line":329,"type":"if","locations":[{"start":{"line":329,"column":4},"end":{"line":329,"column":4}},{"start":{"line":329,"column":4},"end":{"line":329,"column":4}}]},"26":{"line":333,"type":"binary-expr","locations":[{"start":{"line":333,"column":14},"end":{"line":333,"column":78}},{"start":{"line":333,"column":83},"end":{"line":333,"column":89}}]},"27":{"line":333,"type":"cond-expr","locations":[{"start":{"line":333,"column":51},"end":{"line":333,"column":69}},{"start":{"line":333,"column":72},"end":{"line":333,"column":78}}]},"28":{"line":334,"type":"if","locations":[{"start":{"line":334,"column":4},"end":{"line":334,"column":4}},{"start":{"line":334,"column":4},"end":{"line":334,"column":4}}]},"29":{"line":462,"type":"if","locations":[{"start":{"line":462,"column":4},"end":{"line":462,"column":4}},{"start":{"line":462,"column":4},"end":{"line":462,"column":4}}]},"30":{"line":497,"type":"binary-expr","locations":[{"start":{"line":497,"column":32},"end":{"line":497,"column":47}},{"start":{"line":497,"column":51},"end":{"line":497,"column":72}}]},"31":{"line":499,"type":"binary-expr","locations":[{"start":{"line":499,"column":14},"end":{"line":499,"column":34}},{"start":{"line":499,"column":38},"end":{"line":499,"column":57}}]},"32":{"line":500,"type":"if","locations":[{"start":{"line":500,"column":4},"end":{"line":500,"column":4}},{"start":{"line":500,"column":4},"end":{"line":500,"column":4}}]},"33":{"line":503,"type":"if","locations":[{"start":{"line":503,"column":4},"end":{"line":503,"column":4}},{"start":{"line":503,"column":4},"end":{"line":503,"column":4}}]},"34":{"line":513,"type":"if","locations":[{"start":{"line":513,"column":4},"end":{"line":513,"column":4}},{"start":{"line":513,"column":4},"end":{"line":513,"column":4}}]},"35":{"line":516,"type":"if","locations":[{"start":{"line":516,"column":4},"end":{"line":516,"column":4}},{"start":{"line":516,"column":4},"end":{"line":516,"column":4}}]},"36":{"line":519,"type":"cond-expr","locations":[{"start":{"line":519,"column":36},"end":{"line":519,"column":40}},{"start":{"line":519,"column":43},"end":{"line":519,"column":68}}]},"37":{"line":520,"type":"if","locations":[{"start":{"line":520,"column":4},"end":{"line":520,"column":4}},{"start":{"line":520,"column":4},"end":{"line":520,"column":4}}]},"38":{"line":558,"type":"if","locations":[{"start":{"line":558,"column":4},"end":{"line":558,"column":4}},{"start":{"line":558,"column":4},"end":{"line":558,"column":4}}]},"39":{"line":561,"type":"cond-expr","locations":[{"start":{"line":561,"column":44},"end":{"line":561,"column":59}},{"start":{"line":561,"column":62},"end":{"line":561,"column":68}}]}}},"/Users/craig/Developer/Public/paperclip.js/lib/paper/index.js":{"path":"/Users/craig/Developer/Public/paperclip.js/lib/paper/index.js","s":{"1":1,"2":1,"3":1,"4":1,"5":1,"6":1,"7":1,"8":1,"9":2,"10":0},"b":{},"f":{"1":2,"2":0},"fnMap":{"1":{"name":"(anonymous_1)","line":35,"loc":{"start":{"line":35,"column":12},"end":{"line":35,"column":37}}},"2":{"name":"(anonymous_2)","line":73,"loc":{"start":{"line":73,"column":7},"end":{"line":73,"column":20}}}},"statementMap":{"1":{"start":{"line":2,"column":0},"end":{"line":2,"column":60}},"2":{"start":{"line":4,"column":0},"end":{"line":4,"column":26}},"3":{"start":{"line":6,"column":0},"end":{"line":6,"column":33}},"4":{"start":{"line":8,"column":0},"end":{"line":8,"column":31}},"5":{"start":{"line":10,"column":0},"end":{"line":10,"column":35}},"6":{"start":{"line":12,"column":0},"end":{"line":12,"column":33}},"7":{"start":{"line":14,"column":0},"end":{"line":14,"column":31}},"8":{"start":{"line":16,"column":0},"end":{"line":76,"column":2}},"9":{"start":{"line":36,"column":4},"end":{"line":36,"column":38}},"10":{"start":{"line":74,"column":4},"end":{"line":74,"column":20}}},"branchMap":{}},"/Users/craig/Developer/Public/paperclip.js/lib/paper/template.js":{"path":"/Users/craig/Developer/Public/paperclip.js/lib/paper/template.js","s":{"1":1,"2":1,"3":1,"4":1,"5":1,"6":77,"7":77,"8":1,"9":78,"10":1,"11":1,"12":77,"13":77,"14":66,"15":77,"16":66,"17":0,"18":66,"19":11,"20":77},"b":{"1":[66,11],"2":[66,0],"3":[66,11],"4":[0,66]},"f":{"1":1,"2":77,"3":78,"4":77},"fnMap":{"1":{"name":"(anonymous_1)","line":8,"loc":{"start":{"line":8,"column":12},"end":{"line":8,"column":23}}},"2":{"name":"Template","line":12,"loc":{"start":{"line":12,"column":2},"end":{"line":12,"column":40}}},"3":{"name":"(anonymous_3)","line":21,"loc":{"start":{"line":21,"column":28},"end":{"line":21,"column":46}}},"4":{"name":"(anonymous_4)","line":29,"loc":{"start":{"line":29,"column":52},"end":{"line":29,"column":86}}}},"statementMap":{"1":{"start":{"line":2,"column":0},"end":{"line":2,"column":36}},"2":{"start":{"line":4,"column":0},"end":{"line":4,"column":31}},"3":{"start":{"line":6,"column":0},"end":{"line":6,"column":29}},"4":{"start":{"line":8,"column":0},"end":{"line":27,"column":5}},"5":{"start":{"line":12,"column":2},"end":{"line":15,"column":3}},"6":{"start":{"line":13,"column":4},"end":{"line":13,"column":23}},"7":{"start":{"line":14,"column":4},"end":{"line":14,"column":35}},"8":{"start":{"line":21,"column":2},"end":{"line":23,"column":4}},"9":{"start":{"line":22,"column":4},"end":{"line":22,"column":49}},"10":{"start":{"line":25,"column":2},"end":{"line":25,"column":18}},"11":{"start":{"line":29,"column":0},"end":{"line":48,"column":2}},"12":{"start":{"line":30,"column":2},"end":{"line":30,"column":12}},"13":{"start":{"line":31,"column":2},"end":{"line":36,"column":3}},"14":{"start":{"line":32,"column":4},"end":{"line":35,"column":6}},"15":{"start":{"line":37,"column":2},"end":{"line":46,"column":3}},"16":{"start":{"line":38,"column":4},"end":{"line":40,"column":5}},"17":{"start":{"line":39,"column":6},"end":{"line":39,"column":53}},"18":{"start":{"line":41,"column":4},"end":{"line":43,"column":7}},"19":{"start":{"line":45,"column":4},"end":{"line":45,"column":23}},"20":{"start":{"line":47,"column":2},"end":{"line":47,"column":42}}},"branchMap":{"1":{"line":31,"type":"if","locations":[{"start":{"line":31,"column":2},"end":{"line":31,"column":2}},{"start":{"line":31,"column":2},"end":{"line":31,"column":2}}]},"2":{"line":34,"type":"binary-expr","locations":[{"start":{"line":34,"column":9},"end":{"line":34,"column":33}},{"start":{"line":34,"column":37},"end":{"line":34,"column":47}}]},"3":{"line":37,"type":"if","locations":[{"start":{"line":37,"column":2},"end":{"line":37,"column":2}},{"start":{"line":37,"column":2},"end":{"line":37,"column":2}}]},"4":{"line":38,"type":"if","locations":[{"start":{"line":38,"column":4},"end":{"line":38,"column":4}},{"start":{"line":38,"column":4},"end":{"line":38,"column":4}}]}}},"/Users/craig/Developer/Public/paperclip.js/lib/paper/loader.js":{"path":"/Users/craig/Developer/Public/paperclip.js/lib/paper/loader.js","s":{"1":1,"2":1,"3":1,"4":1,"5":1,"6":1,"7":1,"8":1,"9":1,"10":1,"11":1,"12":1,"13":1,"14":78,"15":78,"16":78,"17":78,"18":78,"19":78,"20":1,"21":78,"22":78,"23":19,"24":78,"25":63,"26":78,"27":78,"28":78,"29":78,"30":78,"31":1,"32":79,"33":79,"34":1,"35":8,"36":8,"37":1,"38":5,"39":5,"40":1,"41":2,"42":2,"43":2,"44":1,"45":8,"46":8,"47":1,"48":0,"49":1,"50":86,"51":86,"52":86,"53":0,"54":0,"55":0,"56":0,"57":1,"58":1},"b":{"1":[19,59],"2":[63,15],"3":[86,0]},"f":{"1":1,"2":78,"3":78,"4":79,"5":8,"6":5,"7":2,"8":8,"9":0,"10":86},"fnMap":{"1":{"name":"(anonymous_1)","line":22,"loc":{"start":{"line":22,"column":10},"end":{"line":22,"column":21}}},"2":{"name":"Loader","line":32,"loc":{"start":{"line":32,"column":2},"end":{"line":32,"column":28}}},"3":{"name":"(anonymous_3)","line":51,"loc":{"start":{"line":51,"column":26},"end":{"line":51,"column":44}}},"4":{"name":"(anonymous_4)","line":70,"loc":{"start":{"line":70,"column":26},"end":{"line":70,"column":37}}},"5":{"name":"(anonymous_5)","line":79,"loc":{"start":{"line":79,"column":28},"end":{"line":79,"column":39}}},"6":{"name":"(anonymous_6)","line":88,"loc":{"start":{"line":88,"column":28},"end":{"line":88,"column":39}}},"7":{"name":"(anonymous_7)","line":97,"loc":{"start":{"line":97,"column":29},"end":{"line":97,"column":40}}},"8":{"name":"(anonymous_8)","line":107,"loc":{"start":{"line":107,"column":28},"end":{"line":107,"column":39}}},"9":{"name":"(anonymous_9)","line":116,"loc":{"start":{"line":116,"column":32},"end":{"line":116,"column":43}}},"10":{"name":"(anonymous_10)","line":124,"loc":{"start":{"line":124,"column":30},"end":{"line":124,"column":41}}}},"statementMap":{"1":{"start":{"line":2,"column":0},"end":{"line":2,"column":126}},"2":{"start":{"line":4,"column":0},"end":{"line":4,"column":35}},"3":{"start":{"line":6,"column":0},"end":{"line":6,"column":47}},"4":{"start":{"line":8,"column":0},"end":{"line":8,"column":41}},"5":{"start":{"line":10,"column":0},"end":{"line":10,"column":39}},"6":{"start":{"line":12,"column":0},"end":{"line":12,"column":45}},"7":{"start":{"line":14,"column":0},"end":{"line":14,"column":41}},"8":{"start":{"line":16,"column":0},"end":{"line":16,"column":53}},"9":{"start":{"line":18,"column":0},"end":{"line":18,"column":31}},"10":{"start":{"line":20,"column":0},"end":{"line":20,"column":23}},"11":{"start":{"line":22,"column":0},"end":{"line":137,"column":5}},"12":{"start":{"line":26,"column":2},"end":{"line":26,"column":37}},"13":{"start":{"line":32,"column":2},"end":{"line":45,"column":3}},"14":{"start":{"line":33,"column":4},"end":{"line":33,"column":29}},"15":{"start":{"line":34,"column":4},"end":{"line":34,"column":49}},"16":{"start":{"line":35,"column":4},"end":{"line":35,"column":52}},"17":{"start":{"line":36,"column":4},"end":{"line":36,"column":32}},"18":{"start":{"line":37,"column":4},"end":{"line":37,"column":44}},"19":{"start":{"line":38,"column":4},"end":{"line":44,"column":6}},"20":{"start":{"line":51,"column":2},"end":{"line":64,"column":4}},"21":{"start":{"line":52,"column":4},"end":{"line":52,"column":13}},"22":{"start":{"line":53,"column":4},"end":{"line":55,"column":5}},"23":{"start":{"line":54,"column":6},"end":{"line":54,"column":19}},"24":{"start":{"line":56,"column":4},"end":{"line":58,"column":5}},"25":{"start":{"line":57,"column":6},"end":{"line":57,"column":45}},"26":{"start":{"line":59,"column":4},"end":{"line":59,"column":27}},"27":{"start":{"line":60,"column":4},"end":{"line":60,"column":172}},"28":{"start":{"line":61,"column":4},"end":{"line":61,"column":42}},"29":{"start":{"line":62,"column":4},"end":{"line":62,"column":30}},"30":{"start":{"line":63,"column":4},"end":{"line":63,"column":16}},"31":{"start":{"line":70,"column":2},"end":{"line":73,"column":4}},"32":{"start":{"line":71,"column":4},"end":{"line":71,"column":37}},"33":{"start":{"line":72,"column":4},"end":{"line":72,"column":16}},"34":{"start":{"line":79,"column":2},"end":{"line":82,"column":4}},"35":{"start":{"line":80,"column":4},"end":{"line":80,"column":24}},"36":{"start":{"line":81,"column":4},"end":{"line":81,"column":24}},"37":{"start":{"line":88,"column":2},"end":{"line":91,"column":4}},"38":{"start":{"line":89,"column":4},"end":{"line":89,"column":24}},"39":{"start":{"line":90,"column":4},"end":{"line":90,"column":16}},"40":{"start":{"line":97,"column":2},"end":{"line":101,"column":4}},"41":{"start":{"line":98,"column":4},"end":{"line":98,"column":18}},"42":{"start":{"line":99,"column":4},"end":{"line":99,"column":27}},"43":{"start":{"line":100,"column":4},"end":{"line":100,"column":16}},"44":{"start":{"line":107,"column":2},"end":{"line":110,"column":4}},"45":{"start":{"line":108,"column":4},"end":{"line":108,"column":27}},"46":{"start":{"line":109,"column":4},"end":{"line":109,"column":16}},"47":{"start":{"line":116,"column":2},"end":{"line":118,"column":4}},"48":{"start":{"line":117,"column":4},"end":{"line":117,"column":37}},"49":{"start":{"line":124,"column":2},"end":{"line":133,"column":4}},"50":{"start":{"line":125,"column":4},"end":{"line":125,"column":18}},"51":{"start":{"line":126,"column":4},"end":{"line":128,"column":5}},"52":{"start":{"line":127,"column":6},"end":{"line":127,"column":37}},"53":{"start":{"line":129,"column":4},"end":{"line":129,"column":37}},"54":{"start":{"line":130,"column":4},"end":{"line":130,"column":40}},"55":{"start":{"line":131,"column":4},"end":{"line":131,"column":42}},"56":{"start":{"line":132,"column":4},"end":{"line":132,"column":25}},"57":{"start":{"line":135,"column":2},"end":{"line":135,"column":16}},"58":{"start":{"line":139,"column":0},"end":{"line":139,"column":24}}},"branchMap":{"1":{"line":53,"type":"if","locations":[{"start":{"line":53,"column":4},"end":{"line":53,"column":4}},{"start":{"line":53,"column":4},"end":{"line":53,"column":4}}]},"2":{"line":56,"type":"if","locations":[{"start":{"line":56,"column":4},"end":{"line":56,"column":4}},{"start":{"line":56,"column":4},"end":{"line":56,"column":4}}]},"3":{"line":126,"type":"if","locations":[{"start":{"line":126,"column":4},"end":{"line":126,"column":4}},{"start":{"line":126,"column":4},"end":{"line":126,"column":4}}]}}},"/Users/craig/Developer/Public/paperclip.js/lib/paper/modifiers.js":{"path":"/Users/craig/Developer/Public/paperclip.js/lib/paper/modifiers.js","s":{"1":1,"2":8,"3":4,"4":2,"5":2,"6":2,"7":0},"b":{},"f":{"1":8,"2":4,"3":2,"4":0},"fnMap":{"1":{"name":"(anonymous_1)","line":3,"loc":{"start":{"line":3,"column":13},"end":{"line":3,"column":29}}},"2":{"name":"(anonymous_2)","line":6,"loc":{"start":{"line":6,"column":13},"end":{"line":6,"column":29}}},"3":{"name":"(anonymous_3)","line":9,"loc":{"start":{"line":9,"column":13},"end":{"line":9,"column":29}}},"4":{"name":"(anonymous_4)","line":14,"loc":{"start":{"line":14,"column":8},"end":{"line":14,"column":42}}}},"statementMap":{"1":{"start":{"line":2,"column":0},"end":{"line":17,"column":2}},"2":{"start":{"line":4,"column":4},"end":{"line":4,"column":39}},"3":{"start":{"line":7,"column":4},"end":{"line":7,"column":39}},"4":{"start":{"line":10,"column":4},"end":{"line":10,"column":12}},"5":{"start":{"line":11,"column":4},"end":{"line":11,"column":24}},"6":{"start":{"line":12,"column":4},"end":{"line":12,"column":58}},"7":{"start":{"line":15,"column":4},"end":{"line":15,"column":49}}},"branchMap":{}},"/Users/craig/Developer/Public/paperclip.js/lib/paper/writers/fragment.js":{"path":"/Users/craig/Developer/Public/paperclip.js/lib/paper/writers/fragment.js","s":{"1":1,"2":78,"3":78,"4":1,"5":0,"6":0,"7":1,"8":1,"9":1,"10":1,"11":1,"12":1,"13":1,"14":1,"15":1,"16":78,"17":78,"18":78,"19":1,"20":78,"21":56,"22":22,"23":1,"24":1},"b":{"1":[0,0],"2":[56,22]},"f":{"1":78,"2":78,"3":1,"4":1,"5":1,"6":78,"7":78},"fnMap":{"1":{"name":"(anonymous_1)","line":3,"loc":{"start":{"line":3,"column":11},"end":{"line":3,"column":27}}},"2":{"name":"(anonymous_2)","line":3,"loc":{"start":{"line":3,"column":36},"end":{"line":3,"column":46}}},"3":{"name":"(anonymous_3)","line":5,"loc":{"start":{"line":5,"column":14},"end":{"line":5,"column":38}}},"4":{"name":"ctor","line":5,"loc":{"start":{"line":5,"column":127},"end":{"line":5,"column":143}}},"5":{"name":"(anonymous_5)","line":7,"loc":{"start":{"line":7,"column":18},"end":{"line":7,"column":35}}},"6":{"name":"FragmentWriter","line":10,"loc":{"start":{"line":10,"column":2},"end":{"line":10,"column":28}}},"7":{"name":"(anonymous_7)","line":20,"loc":{"start":{"line":20,"column":35},"end":{"line":20,"column":54}}}},"statementMap":{"1":{"start":{"line":2,"column":0},"end":{"line":5,"column":290}},"2":{"start":{"line":3,"column":29},"end":{"line":3,"column":82}},"3":{"start":{"line":3,"column":48},"end":{"line":3,"column":79}},"4":{"start":{"line":5,"column":40},"end":{"line":5,"column":126}},"5":{"start":{"line":5,"column":66},"end":{"line":5,"column":124}},"6":{"start":{"line":5,"column":99},"end":{"line":5,"column":124}},"7":{"start":{"line":5,"column":127},"end":{"line":5,"column":172}},"8":{"start":{"line":5,"column":145},"end":{"line":5,"column":170}},"9":{"start":{"line":5,"column":173},"end":{"line":5,"column":207}},"10":{"start":{"line":5,"column":208},"end":{"line":5,"column":237}},"11":{"start":{"line":5,"column":238},"end":{"line":5,"column":273}},"12":{"start":{"line":5,"column":274},"end":{"line":5,"column":287}},"13":{"start":{"line":7,"column":0},"end":{"line":29,"column":22}},"14":{"start":{"line":8,"column":2},"end":{"line":8,"column":36}},"15":{"start":{"line":10,"column":2},"end":{"line":14,"column":3}},"16":{"start":{"line":11,"column":4},"end":{"line":11,"column":42}},"17":{"start":{"line":12,"column":4},"end":{"line":12,"column":71}},"18":{"start":{"line":13,"column":4},"end":{"line":13,"column":16}},"19":{"start":{"line":20,"column":2},"end":{"line":25,"column":4}},"20":{"start":{"line":21,"column":4},"end":{"line":23,"column":5}},"21":{"start":{"line":22,"column":6},"end":{"line":22,"column":25}},"22":{"start":{"line":24,"column":4},"end":{"line":24,"column":53}},"23":{"start":{"line":27,"column":2},"end":{"line":27,"column":24}},"24":{"start":{"line":31,"column":0},"end":{"line":31,"column":32}}},"branchMap":{"1":{"line":5,"type":"if","locations":[{"start":{"line":5,"column":66},"end":{"line":5,"column":66}},{"start":{"line":5,"column":66},"end":{"line":5,"column":66}}]},"2":{"line":21,"type":"if","locations":[{"start":{"line":21,"column":4},"end":{"line":21,"column":4}},{"start":{"line":21,"column":4},"end":{"line":21,"column":4}}]}}},"/Users/craig/Developer/Public/paperclip.js/lib/paper/writers/base.js":{"path":"/Users/craig/Developer/Public/paperclip.js/lib/paper/writers/base.js","s":{"1":1,"2":1,"3":1,"4":390,"5":390,"6":390,"7":390,"8":390,"9":1,"10":1},"b":{},"f":{"1":1,"2":390},"fnMap":{"1":{"name":"(anonymous_1)","line":4,"loc":{"start":{"line":4,"column":14},"end":{"line":4,"column":25}}},"2":{"name":"BaseWriter","line":8,"loc":{"start":{"line":8,"column":2},"end":{"line":8,"column":30}}}},"statementMap":{"1":{"start":{"line":2,"column":0},"end":{"line":2,"column":15}},"2":{"start":{"line":4,"column":0},"end":{"line":18,"column":5}},"3":{"start":{"line":8,"column":2},"end":{"line":14,"column":3}},"4":{"start":{"line":9,"column":4},"end":{"line":9,"column":25}},"5":{"start":{"line":10,"column":4},"end":{"line":10,"column":54}},"6":{"start":{"line":11,"column":4},"end":{"line":11,"column":47}},"7":{"start":{"line":12,"column":4},"end":{"line":12,"column":36}},"8":{"start":{"line":13,"column":4},"end":{"line":13,"column":36}},"9":{"start":{"line":16,"column":2},"end":{"line":16,"column":20}},"10":{"start":{"line":20,"column":0},"end":{"line":20,"column":28}}},"branchMap":{}},"/Users/craig/Developer/Public/paperclip.js/lib/paper/writers/block.js":{"path":"/Users/craig/Developer/Public/paperclip.js/lib/paper/writers/block.js","s":{"1":1,"2":78,"3":62,"4":1,"5":0,"6":0,"7":1,"8":1,"9":1,"10":1,"11":1,"12":1,"13":1,"14":1,"15":1,"16":1,"17":1,"18":1,"19":1,"20":78,"21":78,"22":78,"23":1,"24":62,"25":62,"26":62,"27":62,"28":62,"29":62,"30":62,"31":1,"32":1},"b":{"1":[0,0],"2":[8,54],"3":[3,59]},"f":{"1":78,"2":62,"3":1,"4":1,"5":1,"6":78,"7":62},"fnMap":{"1":{"name":"(anonymous_1)","line":3,"loc":{"start":{"line":3,"column":11},"end":{"line":3,"column":27}}},"2":{"name":"(anonymous_2)","line":3,"loc":{"start":{"line":3,"column":36},"end":{"line":3,"column":46}}},"3":{"name":"(anonymous_3)","line":5,"loc":{"start":{"line":5,"column":14},"end":{"line":5,"column":38}}},"4":{"name":"ctor","line":5,"loc":{"start":{"line":5,"column":127},"end":{"line":5,"column":143}}},"5":{"name":"(anonymous_5)","line":15,"loc":{"start":{"line":15,"column":15},"end":{"line":15,"column":32}}},"6":{"name":"BlockWriter","line":18,"loc":{"start":{"line":18,"column":2},"end":{"line":18,"column":25}}},"7":{"name":"(anonymous_7)","line":28,"loc":{"start":{"line":28,"column":32},"end":{"line":28,"column":84}}}},"statementMap":{"1":{"start":{"line":2,"column":0},"end":{"line":5,"column":290}},"2":{"start":{"line":3,"column":29},"end":{"line":3,"column":82}},"3":{"start":{"line":3,"column":48},"end":{"line":3,"column":79}},"4":{"start":{"line":5,"column":40},"end":{"line":5,"column":126}},"5":{"start":{"line":5,"column":66},"end":{"line":5,"column":124}},"6":{"start":{"line":5,"column":99},"end":{"line":5,"column":124}},"7":{"start":{"line":5,"column":127},"end":{"line":5,"column":172}},"8":{"start":{"line":5,"column":145},"end":{"line":5,"column":170}},"9":{"start":{"line":5,"column":173},"end":{"line":5,"column":207}},"10":{"start":{"line":5,"column":208},"end":{"line":5,"column":237}},"11":{"start":{"line":5,"column":238},"end":{"line":5,"column":273}},"12":{"start":{"line":5,"column":274},"end":{"line":5,"column":287}},"13":{"start":{"line":7,"column":0},"end":{"line":7,"column":23}},"14":{"start":{"line":9,"column":0},"end":{"line":9,"column":59}},"15":{"start":{"line":11,"column":0},"end":{"line":11,"column":29}},"16":{"start":{"line":13,"column":0},"end":{"line":13,"column":42}},"17":{"start":{"line":15,"column":0},"end":{"line":49,"column":22}},"18":{"start":{"line":16,"column":2},"end":{"line":16,"column":33}},"19":{"start":{"line":18,"column":2},"end":{"line":22,"column":3}},"20":{"start":{"line":19,"column":4},"end":{"line":19,"column":42}},"21":{"start":{"line":20,"column":4},"end":{"line":20,"column":68}},"22":{"start":{"line":21,"column":4},"end":{"line":21,"column":16}},"23":{"start":{"line":28,"column":2},"end":{"line":45,"column":4}},"24":{"start":{"line":29,"column":4},"end":{"line":29,"column":44}},"25":{"start":{"line":30,"column":4},"end":{"line":30,"column":92}},"26":{"start":{"line":31,"column":4},"end":{"line":31,"column":103}},"27":{"start":{"line":32,"column":4},"end":{"line":32,"column":37}},"28":{"start":{"line":33,"column":4},"end":{"line":36,"column":7}},"29":{"start":{"line":37,"column":4},"end":{"line":43,"column":8}},"30":{"start":{"line":44,"column":4},"end":{"line":44,"column":32}},"31":{"start":{"line":47,"column":2},"end":{"line":47,"column":21}},"32":{"start":{"line":51,"column":0},"end":{"line":51,"column":29}}},"branchMap":{"1":{"line":5,"type":"if","locations":[{"start":{"line":5,"column":66},"end":{"line":5,"column":66}},{"start":{"line":5,"column":66},"end":{"line":5,"column":66}}]},"2":{"line":30,"type":"cond-expr","locations":[{"start":{"line":30,"column":27},"end":{"line":30,"column":82}},{"start":{"line":30,"column":85},"end":{"line":30,"column":91}}]},"3":{"line":31,"type":"cond-expr","locations":[{"start":{"line":31,"column":35},"end":{"line":31,"column":93}},{"start":{"line":31,"column":96},"end":{"line":31,"column":102}}]}}},"/Users/craig/Developer/Public/paperclip.js/lib/paper/bindings/block/factory.js":{"path":"/Users/craig/Developer/Public/paperclip.js/lib/paper/bindings/block/factory.js","s":{"1":1,"2":1,"3":1,"4":1,"5":1,"6":1,"7":62,"8":62,"9":62,"10":62,"11":62,"12":62,"13":62,"14":62,"15":62,"16":1,"17":1,"18":1,"19":1},"b":{"1":[62,0]},"f":{"1":1,"2":1,"3":62,"4":1},"fnMap":{"1":{"name":"(anonymous_1)","line":14,"loc":{"start":{"line":14,"column":11},"end":{"line":14,"column":22}}},"2":{"name":"Factory","line":15,"loc":{"start":{"line":15,"column":2},"end":{"line":15,"column":21}}},"3":{"name":"(anonymous_3)","line":21,"loc":{"start":{"line":21,"column":34},"end":{"line":21,"column":52}}},"4":{"name":"(anonymous_4)","line":39,"loc":{"start":{"line":39,"column":31},"end":{"line":39,"column":60}}}},"statementMap":{"1":{"start":{"line":2,"column":0},"end":{"line":2,"column":47}},"2":{"start":{"line":4,"column":0},"end":{"line":4,"column":45}},"3":{"start":{"line":6,"column":0},"end":{"line":12,"column":2}},"4":{"start":{"line":14,"column":0},"end":{"line":45,"column":5}},"5":{"start":{"line":15,"column":2},"end":{"line":15,"column":23}},"6":{"start":{"line":21,"column":2},"end":{"line":33,"column":4}},"7":{"start":{"line":22,"column":4},"end":{"line":22,"column":60}},"8":{"start":{"line":23,"column":4},"end":{"line":23,"column":18}},"9":{"start":{"line":24,"column":4},"end":{"line":24,"column":49}},"10":{"start":{"line":25,"column":4},"end":{"line":31,"column":5}},"11":{"start":{"line":26,"column":6},"end":{"line":26,"column":39}},"12":{"start":{"line":27,"column":6},"end":{"line":30,"column":7}},"13":{"start":{"line":28,"column":8},"end":{"line":28,"column":40}},"14":{"start":{"line":29,"column":8},"end":{"line":29,"column":39}},"15":{"start":{"line":32,"column":4},"end":{"line":32,"column":20}},"16":{"start":{"line":39,"column":2},"end":{"line":41,"column":4}},"17":{"start":{"line":40,"column":4},"end":{"line":40,"column":47}},"18":{"start":{"line":43,"column":2},"end":{"line":43,"column":17}},"19":{"start":{"line":47,"column":0},"end":{"line":47,"column":31}}},"branchMap":{"1":{"line":27,"type":"if","locations":[{"start":{"line":27,"column":6},"end":{"line":27,"column":6}},{"start":{"line":27,"column":6},"end":{"line":27,"column":6}}]}}},"/Users/craig/Developer/Public/paperclip.js/lib/paper/bindings/collection.js":{"path":"/Users/craig/Developer/Public/paperclip.js/lib/paper/bindings/collection.js","s":{"1":1,"2":1,"3":0,"4":0,"5":1,"6":1,"7":1,"8":1,"9":1,"10":1,"11":1,"12":1,"13":1,"14":1,"15":84,"16":84,"17":1,"18":81,"19":81,"20":1,"21":85,"22":85,"23":85,"24":0,"25":85,"26":85,"27":85,"28":82,"29":82,"30":1,"31":8,"32":8,"33":0,"34":8,"35":8,"36":8,"37":8,"38":8,"39":1,"40":1},"b":{"1":[0,0],"2":[0,84],"3":[0,85],"4":[0,8]},"f":{"1":1,"2":1,"3":1,"4":84,"5":81,"6":85,"7":8},"fnMap":{"1":{"name":"(anonymous_1)","line":4,"loc":{"start":{"line":4,"column":14},"end":{"line":4,"column":38}}},"2":{"name":"ctor","line":4,"loc":{"start":{"line":4,"column":127},"end":{"line":4,"column":143}}},"3":{"name":"(anonymous_3)","line":8,"loc":{"start":{"line":8,"column":14},"end":{"line":8,"column":31}}},"4":{"name":"Collection","line":15,"loc":{"start":{"line":15,"column":2},"end":{"line":15,"column":37}}},"5":{"name":"(anonymous_5)","line":24,"loc":{"start":{"line":24,"column":30},"end":{"line":24,"column":41}}},"6":{"name":"(anonymous_6)","line":33,"loc":{"start":{"line":33,"column":30},"end":{"line":33,"column":48}}},"7":{"name":"(anonymous_7)","line":51,"loc":{"start":{"line":51,"column":32},"end":{"line":51,"column":43}}}},"statementMap":{"1":{"start":{"line":2,"column":0},"end":{"line":4,"column":290}},"2":{"start":{"line":4,"column":40},"end":{"line":4,"column":126}},"3":{"start":{"line":4,"column":66},"end":{"line":4,"column":124}},"4":{"start":{"line":4,"column":99},"end":{"line":4,"column":124}},"5":{"start":{"line":4,"column":127},"end":{"line":4,"column":172}},"6":{"start":{"line":4,"column":145},"end":{"line":4,"column":170}},"7":{"start":{"line":4,"column":173},"end":{"line":4,"column":207}},"8":{"start":{"line":4,"column":208},"end":{"line":4,"column":237}},"9":{"start":{"line":4,"column":238},"end":{"line":4,"column":273}},"10":{"start":{"line":4,"column":274},"end":{"line":4,"column":287}},"11":{"start":{"line":6,"column":0},"end":{"line":6,"column":38}},"12":{"start":{"line":8,"column":0},"end":{"line":66,"column":16}},"13":{"start":{"line":9,"column":2},"end":{"line":9,"column":32}},"14":{"start":{"line":15,"column":2},"end":{"line":18,"column":3}},"15":{"start":{"line":16,"column":4},"end":{"line":16,"column":21}},"16":{"start":{"line":17,"column":4},"end":{"line":17,"column":50}},"17":{"start":{"line":24,"column":2},"end":{"line":27,"column":4}},"18":{"start":{"line":25,"column":4},"end":{"line":25,"column":13}},"19":{"start":{"line":26,"column":4},"end":{"line":26,"column":61}},"20":{"start":{"line":33,"column":2},"end":{"line":45,"column":4}},"21":{"start":{"line":34,"column":4},"end":{"line":34,"column":32}},"22":{"start":{"line":35,"column":4},"end":{"line":35,"column":27}},"23":{"start":{"line":36,"column":4},"end":{"line":38,"column":5}},"24":{"start":{"line":37,"column":6},"end":{"line":37,"column":13}},"25":{"start":{"line":39,"column":4},"end":{"line":39,"column":23}},"26":{"start":{"line":40,"column":4},"end":{"line":40,"column":24}},"27":{"start":{"line":41,"column":4},"end":{"line":44,"column":5}},"28":{"start":{"line":42,"column":6},"end":{"line":42,"column":25}},"29":{"start":{"line":43,"column":6},"end":{"line":43,"column":33}},"30":{"start":{"line":51,"column":2},"end":{"line":62,"column":4}},"31":{"start":{"line":52,"column":4},"end":{"line":52,"column":32}},"32":{"start":{"line":53,"column":4},"end":{"line":55,"column":5}},"33":{"start":{"line":54,"column":6},"end":{"line":54,"column":13}},"34":{"start":{"line":56,"column":4},"end":{"line":56,"column":24}},"35":{"start":{"line":57,"column":4},"end":{"line":57,"column":24}},"36":{"start":{"line":58,"column":4},"end":{"line":61,"column":5}},"37":{"start":{"line":59,"column":6},"end":{"line":59,"column":25}},"38":{"start":{"line":60,"column":6},"end":{"line":60,"column":23}},"39":{"start":{"line":64,"column":2},"end":{"line":64,"column":20}},"40":{"start":{"line":68,"column":0},"end":{"line":68,"column":28}}},"branchMap":{"1":{"line":4,"type":"if","locations":[{"start":{"line":4,"column":66},"end":{"line":4,"column":66}},{"start":{"line":4,"column":66},"end":{"line":4,"column":66}}]},"2":{"line":17,"type":"cond-expr","locations":[{"start":{"line":17,"column":37},"end":{"line":17,"column":44}},{"start":{"line":17,"column":47},"end":{"line":17,"column":49}}]},"3":{"line":36,"type":"if","locations":[{"start":{"line":36,"column":4},"end":{"line":36,"column":4}},{"start":{"line":36,"column":4},"end":{"line":36,"column":4}}]},"4":{"line":53,"type":"if","locations":[{"start":{"line":53,"column":4},"end":{"line":53,"column":4}},{"start":{"line":53,"column":4},"end":{"line":53,"column":4}}]}}},"/Users/craig/Developer/Public/paperclip.js/lib/paper/bindings/base/index.js":{"path":"/Users/craig/Developer/Public/paperclip.js/lib/paper/bindings/base/index.js","s":{"1":1,"2":1,"3":1,"4":0,"5":1,"6":0,"7":1,"8":1,"9":1},"b":{},"f":{"1":1,"2":0,"3":0,"4":0},"fnMap":{"1":{"name":"(anonymous_1)","line":4,"loc":{"start":{"line":4,"column":15},"end":{"line":4,"column":26}}},"2":{"name":"BaseBinding","line":5,"loc":{"start":{"line":5,"column":2},"end":{"line":5,"column":29}}},"3":{"name":"(anonymous_3)","line":9,"loc":{"start":{"line":9,"column":31},"end":{"line":9,"column":49}}},"4":{"name":"(anonymous_4)","line":13,"loc":{"start":{"line":13,"column":33},"end":{"line":13,"column":44}}}},"statementMap":{"1":{"start":{"line":2,"column":0},"end":{"line":2,"column":16}},"2":{"start":{"line":4,"column":0},"end":{"line":17,"column":5}},"3":{"start":{"line":5,"column":2},"end":{"line":7,"column":3}},"4":{"start":{"line":6,"column":4},"end":{"line":6,"column":21}},"5":{"start":{"line":9,"column":2},"end":{"line":11,"column":4}},"6":{"start":{"line":10,"column":4},"end":{"line":10,"column":27}},"7":{"start":{"line":13,"column":2},"end":{"line":13,"column":47}},"8":{"start":{"line":15,"column":2},"end":{"line":15,"column":21}},"9":{"start":{"line":19,"column":0},"end":{"line":19,"column":29}}},"branchMap":{}},"/Users/craig/Developer/Public/paperclip.js/lib/paper/bindings/block/html.js":{"path":"/Users/craig/Developer/Public/paperclip.js/lib/paper/bindings/block/html.js","s":{"1":1,"2":1,"3":2,"4":2,"5":1,"6":1,"7":1,"8":1,"9":1,"10":1,"11":1,"12":1,"13":1,"14":1,"15":10,"16":10,"17":1,"18":14,"19":14,"20":14,"21":14,"22":7,"23":5,"24":14,"25":0,"26":14,"27":8,"28":6,"29":0,"30":6,"31":6,"32":0,"33":0,"34":0,"35":14,"36":1,"37":0,"38":0,"39":1,"40":1},"b":{"1":[2,0],"2":[7,7],"3":[5,2],"4":[0,14],"5":[8,6],"6":[0,6],"7":[6,0]},"f":{"1":1,"2":1,"3":1,"4":10,"5":14,"6":0},"fnMap":{"1":{"name":"(anonymous_1)","line":4,"loc":{"start":{"line":4,"column":14},"end":{"line":4,"column":38}}},"2":{"name":"ctor","line":4,"loc":{"start":{"line":4,"column":127},"end":{"line":4,"column":143}}},"3":{"name":"(anonymous_3)","line":8,"loc":{"start":{"line":8,"column":13},"end":{"line":8,"column":30}}},"4":{"name":"HtmlDecor","line":11,"loc":{"start":{"line":11,"column":2},"end":{"line":11,"column":23}}},"5":{"name":"(anonymous_5)","line":20,"loc":{"start":{"line":20,"column":34},"end":{"line":20,"column":60}}},"6":{"name":"(anonymous_6)","line":52,"loc":{"start":{"line":52,"column":31},"end":{"line":52,"column":42}}}},"statementMap":{"1":{"start":{"line":2,"column":0},"end":{"line":4,"column":290}},"2":{"start":{"line":4,"column":40},"end":{"line":4,"column":126}},"3":{"start":{"line":4,"column":66},"end":{"line":4,"column":124}},"4":{"start":{"line":4,"column":99},"end":{"line":4,"column":124}},"5":{"start":{"line":4,"column":127},"end":{"line":4,"column":172}},"6":{"start":{"line":4,"column":145},"end":{"line":4,"column":170}},"7":{"start":{"line":4,"column":173},"end":{"line":4,"column":207}},"8":{"start":{"line":4,"column":208},"end":{"line":4,"column":237}},"9":{"start":{"line":4,"column":238},"end":{"line":4,"column":273}},"10":{"start":{"line":4,"column":274},"end":{"line":4,"column":287}},"11":{"start":{"line":6,"column":0},"end":{"line":6,"column":33}},"12":{"start":{"line":8,"column":0},"end":{"line":59,"column":22}},"13":{"start":{"line":9,"column":2},"end":{"line":9,"column":31}},"14":{"start":{"line":11,"column":2},"end":{"line":14,"column":3}},"15":{"start":{"line":12,"column":4},"end":{"line":12,"column":66}},"16":{"start":{"line":13,"column":4},"end":{"line":13,"column":16}},"17":{"start":{"line":20,"column":2},"end":{"line":46,"column":4}},"18":{"start":{"line":21,"column":4},"end":{"line":21,"column":18}},"19":{"start":{"line":22,"column":4},"end":{"line":22,"column":23}},"20":{"start":{"line":23,"column":4},"end":{"line":23,"column":29}},"21":{"start":{"line":24,"column":4},"end":{"line":28,"column":5}},"22":{"start":{"line":25,"column":6},"end":{"line":27,"column":7}},"23":{"start":{"line":26,"column":8},"end":{"line":26,"column":26}},"24":{"start":{"line":29,"column":4},"end":{"line":31,"column":5}},"25":{"start":{"line":30,"column":6},"end":{"line":30,"column":38}},"26":{"start":{"line":32,"column":4},"end":{"line":44,"column":5}},"27":{"start":{"line":33,"column":6},"end":{"line":33,"column":41}},"28":{"start":{"line":34,"column":11},"end":{"line":44,"column":5}},"29":{"start":{"line":35,"column":6},"end":{"line":35,"column":19}},"30":{"start":{"line":37,"column":6},"end":{"line":43,"column":7}},"31":{"start":{"line":38,"column":8},"end":{"line":38,"column":62}},"32":{"start":{"line":40,"column":8},"end":{"line":40,"column":52}},"33":{"start":{"line":41,"column":8},"end":{"line":41,"column":38}},"34":{"start":{"line":42,"column":8},"end":{"line":42,"column":63}},"35":{"start":{"line":45,"column":4},"end":{"line":45,"column":48}},"36":{"start":{"line":52,"column":2},"end":{"line":55,"column":4}},"37":{"start":{"line":53,"column":4},"end":{"line":53,"column":42}},"38":{"start":{"line":54,"column":4},"end":{"line":54,"column":46}},"39":{"start":{"line":57,"column":2},"end":{"line":57,"column":19}},"40":{"start":{"line":61,"column":0},"end":{"line":61,"column":27}}},"branchMap":{"1":{"line":4,"type":"if","locations":[{"start":{"line":4,"column":66},"end":{"line":4,"column":66}},{"start":{"line":4,"column":66},"end":{"line":4,"column":66}}]},"2":{"line":24,"type":"if","locations":[{"start":{"line":24,"column":4},"end":{"line":24,"column":4}},{"start":{"line":24,"column":4},"end":{"line":24,"column":4}}]},"3":{"line":25,"type":"if","locations":[{"start":{"line":25,"column":6},"end":{"line":25,"column":6}},{"start":{"line":25,"column":6},"end":{"line":25,"column":6}}]},"4":{"line":29,"type":"if","locations":[{"start":{"line":29,"column":4},"end":{"line":29,"column":4}},{"start":{"line":29,"column":4},"end":{"line":29,"column":4}}]},"5":{"line":32,"type":"if","locations":[{"start":{"line":32,"column":4},"end":{"line":32,"column":4}},{"start":{"line":32,"column":4},"end":{"line":32,"column":4}}]},"6":{"line":34,"type":"if","locations":[{"start":{"line":34,"column":11},"end":{"line":34,"column":11}},{"start":{"line":34,"column":11},"end":{"line":34,"column":11}}]},"7":{"line":37,"type":"if","locations":[{"start":{"line":37,"column":6},"end":{"line":37,"column":6}},{"start":{"line":37,"column":6},"end":{"line":37,"column":6}}]}}},"/Users/craig/Developer/Public/paperclip.js/lib/paper/bindings/block/base.js":{"path":"/Users/craig/Developer/Public/paperclip.js/lib/paper/bindings/block/base.js","s":{"1":1,"2":1,"3":1,"4":1,"5":1,"6":1,"7":1,"8":1,"9":1,"10":1,"11":1,"12":1,"13":1,"14":62,"15":62,"16":62,"17":62,"18":62,"19":62,"20":62,"21":62,"22":62,"23":62,"24":1,"25":64,"26":64,"27":64,"28":1,"29":8,"30":8,"31":1,"32":0,"33":1,"34":1},"b":{"1":[1,0]},"f":{"1":1,"2":1,"3":1,"4":62,"5":64,"6":8,"7":0},"fnMap":{"1":{"name":"(anonymous_1)","line":4,"loc":{"start":{"line":4,"column":14},"end":{"line":4,"column":38}}},"2":{"name":"ctor","line":4,"loc":{"start":{"line":4,"column":127},"end":{"line":4,"column":143}}},"3":{"name":"(anonymous_3)","line":6,"loc":{"start":{"line":6,"column":16},"end":{"line":6,"column":33}}},"4":{"name":"BlockBinding","line":13,"loc":{"start":{"line":13,"column":2},"end":{"line":13,"column":33}}},"5":{"name":"(anonymous_5)","line":30,"loc":{"start":{"line":30,"column":32},"end":{"line":30,"column":50}}},"6":{"name":"(anonymous_6)","line":36,"loc":{"start":{"line":36,"column":34},"end":{"line":36,"column":45}}},"7":{"name":"(anonymous_7)","line":45,"loc":{"start":{"line":45,"column":22},"end":{"line":45,"column":37}}}},"statementMap":{"1":{"start":{"line":2,"column":0},"end":{"line":4,"column":290}},"2":{"start":{"line":4,"column":40},"end":{"line":4,"column":126}},"3":{"start":{"line":4,"column":66},"end":{"line":4,"column":124}},"4":{"start":{"line":4,"column":99},"end":{"line":4,"column":124}},"5":{"start":{"line":4,"column":127},"end":{"line":4,"column":172}},"6":{"start":{"line":4,"column":145},"end":{"line":4,"column":170}},"7":{"start":{"line":4,"column":173},"end":{"line":4,"column":207}},"8":{"start":{"line":4,"column":208},"end":{"line":4,"column":237}},"9":{"start":{"line":4,"column":238},"end":{"line":4,"column":273}},"10":{"start":{"line":4,"column":274},"end":{"line":4,"column":287}},"11":{"start":{"line":6,"column":0},"end":{"line":51,"column":30}},"12":{"start":{"line":7,"column":2},"end":{"line":7,"column":34}},"13":{"start":{"line":13,"column":2},"end":{"line":24,"column":3}},"14":{"start":{"line":14,"column":4},"end":{"line":14,"column":35}},"15":{"start":{"line":15,"column":4},"end":{"line":15,"column":29}},"16":{"start":{"line":16,"column":4},"end":{"line":16,"column":43}},"17":{"start":{"line":17,"column":4},"end":{"line":17,"column":52}},"18":{"start":{"line":18,"column":4},"end":{"line":18,"column":32}},"19":{"start":{"line":19,"column":4},"end":{"line":19,"column":44}},"20":{"start":{"line":20,"column":4},"end":{"line":20,"column":41}},"21":{"start":{"line":21,"column":4},"end":{"line":21,"column":57}},"22":{"start":{"line":22,"column":4},"end":{"line":22,"column":52}},"23":{"start":{"line":23,"column":4},"end":{"line":23,"column":78}},"24":{"start":{"line":30,"column":2},"end":{"line":34,"column":4}},"25":{"start":{"line":31,"column":4},"end":{"line":31,"column":27}},"26":{"start":{"line":32,"column":4},"end":{"line":32,"column":34}},"27":{"start":{"line":33,"column":4},"end":{"line":33,"column":64}},"28":{"start":{"line":36,"column":2},"end":{"line":39,"column":4}},"29":{"start":{"line":37,"column":4},"end":{"line":37,"column":45}},"30":{"start":{"line":38,"column":4},"end":{"line":38,"column":47}},"31":{"start":{"line":45,"column":2},"end":{"line":47,"column":4}},"32":{"start":{"line":46,"column":4},"end":{"line":46,"column":17}},"33":{"start":{"line":49,"column":2},"end":{"line":49,"column":22}},"34":{"start":{"line":53,"column":0},"end":{"line":53,"column":30}}},"branchMap":{"1":{"line":4,"type":"if","locations":[{"start":{"line":4,"column":66},"end":{"line":4,"column":66}},{"start":{"line":4,"column":66},"end":{"line":4,"column":66}}]}}},"/Users/craig/Developer/Public/paperclip.js/lib/paper/bindings/base/script.js":{"path":"/Users/craig/Developer/Public/paperclip.js/lib/paper/bindings/base/script.js","s":{"1":1,"2":68,"3":104,"4":1,"5":0,"6":0,"7":1,"8":1,"9":1,"10":1,"11":1,"12":1,"13":1,"14":1,"15":1,"16":68,"17":68,"18":68,"19":68,"20":1,"21":70,"22":70,"23":70,"24":70,"25":70,"26":10,"27":70,"28":70,"29":70,"30":1,"31":8,"32":8,"33":8,"34":8,"35":8,"36":1,"37":1,"38":1},"b":{"1":[0,0],"2":[70,0],"3":[10,60],"4":[8,0]},"f":{"1":68,"2":104,"3":1,"4":1,"5":1,"6":68,"7":70,"8":8,"9":1},"fnMap":{"1":{"name":"(anonymous_1)","line":3,"loc":{"start":{"line":3,"column":11},"end":{"line":3,"column":27}}},"2":{"name":"(anonymous_2)","line":3,"loc":{"start":{"line":3,"column":36},"end":{"line":3,"column":46}}},"3":{"name":"(anonymous_3)","line":5,"loc":{"start":{"line":5,"column":14},"end":{"line":5,"column":38}}},"4":{"name":"ctor","line":5,"loc":{"start":{"line":5,"column":127},"end":{"line":5,"column":143}}},"5":{"name":"(anonymous_5)","line":7,"loc":{"start":{"line":7,"column":17},"end":{"line":7,"column":34}}},"6":{"name":"ScriptBinding","line":14,"loc":{"start":{"line":14,"column":2},"end":{"line":14,"column":43}}},"7":{"name":"(anonymous_7)","line":25,"loc":{"start":{"line":25,"column":33},"end":{"line":25,"column":51}}},"8":{"name":"(anonymous_8)","line":43,"loc":{"start":{"line":43,"column":35},"end":{"line":43,"column":46}}},"9":{"name":"(anonymous_9)","line":56,"loc":{"start":{"line":56,"column":38},"end":{"line":56,"column":54}}}},"statementMap":{"1":{"start":{"line":2,"column":0},"end":{"line":5,"column":290}},"2":{"start":{"line":3,"column":29},"end":{"line":3,"column":82}},"3":{"start":{"line":3,"column":48},"end":{"line":3,"column":79}},"4":{"start":{"line":5,"column":40},"end":{"line":5,"column":126}},"5":{"start":{"line":5,"column":66},"end":{"line":5,"column":124}},"6":{"start":{"line":5,"column":99},"end":{"line":5,"column":124}},"7":{"start":{"line":5,"column":127},"end":{"line":5,"column":172}},"8":{"start":{"line":5,"column":145},"end":{"line":5,"column":170}},"9":{"start":{"line":5,"column":173},"end":{"line":5,"column":207}},"10":{"start":{"line":5,"column":208},"end":{"line":5,"column":237}},"11":{"start":{"line":5,"column":238},"end":{"line":5,"column":273}},"12":{"start":{"line":5,"column":274},"end":{"line":5,"column":287}},"13":{"start":{"line":7,"column":0},"end":{"line":60,"column":23}},"14":{"start":{"line":8,"column":2},"end":{"line":8,"column":35}},"15":{"start":{"line":14,"column":2},"end":{"line":19,"column":3}},"16":{"start":{"line":15,"column":4},"end":{"line":15,"column":21}},"17":{"start":{"line":16,"column":4},"end":{"line":16,"column":33}},"18":{"start":{"line":17,"column":4},"end":{"line":17,"column":50}},"19":{"start":{"line":18,"column":4},"end":{"line":18,"column":47}},"20":{"start":{"line":25,"column":2},"end":{"line":37,"column":4}},"21":{"start":{"line":26,"column":4},"end":{"line":26,"column":27}},"22":{"start":{"line":27,"column":4},"end":{"line":29,"column":5}},"23":{"start":{"line":28,"column":6},"end":{"line":28,"column":35}},"24":{"start":{"line":30,"column":4},"end":{"line":30,"column":52}},"25":{"start":{"line":31,"column":4},"end":{"line":33,"column":5}},"26":{"start":{"line":32,"column":6},"end":{"line":32,"column":35}},"27":{"start":{"line":34,"column":4},"end":{"line":34,"column":37}},"28":{"start":{"line":35,"column":4},"end":{"line":35,"column":24}},"29":{"start":{"line":36,"column":4},"end":{"line":36,"column":16}},"30":{"start":{"line":43,"column":2},"end":{"line":50,"column":4}},"31":{"start":{"line":44,"column":4},"end":{"line":44,"column":13}},"32":{"start":{"line":45,"column":4},"end":{"line":47,"column":5}},"33":{"start":{"line":46,"column":6},"end":{"line":46,"column":21}},"34":{"start":{"line":48,"column":4},"end":{"line":48,"column":27}},"35":{"start":{"line":49,"column":4},"end":{"line":49,"column":16}},"36":{"start":{"line":56,"column":2},"end":{"line":56,"column":57}},"37":{"start":{"line":58,"column":2},"end":{"line":58,"column":23}},"38":{"start":{"line":62,"column":0},"end":{"line":62,"column":31}}},"branchMap":{"1":{"line":5,"type":"if","locations":[{"start":{"line":5,"column":66},"end":{"line":5,"column":66}},{"start":{"line":5,"column":66},"end":{"line":5,"column":66}}]},"2":{"line":27,"type":"if","locations":[{"start":{"line":27,"column":4},"end":{"line":27,"column":4}},{"start":{"line":27,"column":4},"end":{"line":27,"column":4}}]},"3":{"line":31,"type":"if","locations":[{"start":{"line":31,"column":4},"end":{"line":31,"column":4}},{"start":{"line":31,"column":4},"end":{"line":31,"column":4}}]},"4":{"line":45,"type":"if","locations":[{"start":{"line":45,"column":4},"end":{"line":45,"column":4}},{"start":{"line":45,"column":4},"end":{"line":45,"column":4}}]}}},"/Users/craig/Developer/Public/paperclip.js/lib/paper/bindings/block/conditional.js":{"path":"/Users/craig/Developer/Public/paperclip.js/lib/paper/bindings/block/conditional.js","s":{"1":1,"2":8,"3":14,"4":1,"5":2,"6":2,"7":1,"8":1,"9":1,"10":1,"11":1,"12":1,"13":1,"14":1,"15":1,"16":8,"17":8,"18":8,"19":1,"20":14,"21":1,"22":14,"23":14,"24":14,"25":5,"26":14,"27":14,"28":8,"29":6,"30":14,"31":11,"32":11,"33":3,"34":1,"35":1,"36":2,"37":2,"38":2,"39":1,"40":1},"b":{"1":[2,0],"2":[5,9],"3":[8,6],"4":[11,3],"5":[1,2],"6":[2,0]},"f":{"1":8,"2":14,"3":1,"4":1,"5":1,"6":8,"7":14,"8":14,"9":2},"fnMap":{"1":{"name":"(anonymous_1)","line":10,"loc":{"start":{"line":10,"column":11},"end":{"line":10,"column":27}}},"2":{"name":"(anonymous_2)","line":10,"loc":{"start":{"line":10,"column":36},"end":{"line":10,"column":46}}},"3":{"name":"(anonymous_3)","line":12,"loc":{"start":{"line":12,"column":14},"end":{"line":12,"column":38}}},"4":{"name":"ctor","line":12,"loc":{"start":{"line":12,"column":127},"end":{"line":12,"column":143}}},"5":{"name":"(anonymous_5)","line":14,"loc":{"start":{"line":14,"column":14},"end":{"line":14,"column":31}}},"6":{"name":"BlockDecor","line":17,"loc":{"start":{"line":17,"column":2},"end":{"line":17,"column":24}}},"7":{"name":"(anonymous_7)","line":27,"loc":{"start":{"line":27,"column":30},"end":{"line":27,"column":46}}},"8":{"name":"(anonymous_8)","line":35,"loc":{"start":{"line":35,"column":35},"end":{"line":35,"column":51}}},"9":{"name":"(anonymous_9)","line":59,"loc":{"start":{"line":59,"column":32},"end":{"line":59,"column":43}}}},"statementMap":{"1":{"start":{"line":9,"column":0},"end":{"line":12,"column":290}},"2":{"start":{"line":10,"column":29},"end":{"line":10,"column":82}},"3":{"start":{"line":10,"column":48},"end":{"line":10,"column":79}},"4":{"start":{"line":12,"column":40},"end":{"line":12,"column":126}},"5":{"start":{"line":12,"column":66},"end":{"line":12,"column":124}},"6":{"start":{"line":12,"column":99},"end":{"line":12,"column":124}},"7":{"start":{"line":12,"column":127},"end":{"line":12,"column":172}},"8":{"start":{"line":12,"column":145},"end":{"line":12,"column":170}},"9":{"start":{"line":12,"column":173},"end":{"line":12,"column":207}},"10":{"start":{"line":12,"column":208},"end":{"line":12,"column":237}},"11":{"start":{"line":12,"column":238},"end":{"line":12,"column":273}},"12":{"start":{"line":12,"column":274},"end":{"line":12,"column":287}},"13":{"start":{"line":14,"column":0},"end":{"line":67,"column":22}},"14":{"start":{"line":15,"column":2},"end":{"line":15,"column":32}},"15":{"start":{"line":17,"column":2},"end":{"line":21,"column":3}},"16":{"start":{"line":18,"column":4},"end":{"line":18,"column":50}},"17":{"start":{"line":19,"column":4},"end":{"line":19,"column":67}},"18":{"start":{"line":20,"column":4},"end":{"line":20,"column":16}},"19":{"start":{"line":27,"column":2},"end":{"line":29,"column":4}},"20":{"start":{"line":28,"column":4},"end":{"line":28,"column":19}},"21":{"start":{"line":35,"column":2},"end":{"line":53,"column":4}},"22":{"start":{"line":36,"column":4},"end":{"line":36,"column":39}},"23":{"start":{"line":37,"column":4},"end":{"line":37,"column":26}},"24":{"start":{"line":38,"column":4},"end":{"line":40,"column":5}},"25":{"start":{"line":39,"column":6},"end":{"line":39,"column":21}},"26":{"start":{"line":41,"column":4},"end":{"line":41,"column":24}},"27":{"start":{"line":42,"column":4},"end":{"line":46,"column":5}},"28":{"start":{"line":43,"column":6},"end":{"line":43,"column":43}},"29":{"start":{"line":45,"column":6},"end":{"line":45,"column":46}},"30":{"start":{"line":47,"column":4},"end":{"line":52,"column":5}},"31":{"start":{"line":48,"column":6},"end":{"line":48,"column":52}},"32":{"start":{"line":49,"column":6},"end":{"line":49,"column":77}},"33":{"start":{"line":50,"column":11},"end":{"line":52,"column":5}},"34":{"start":{"line":51,"column":6},"end":{"line":51,"column":37}},"35":{"start":{"line":59,"column":2},"end":{"line":63,"column":4}},"36":{"start":{"line"
[...]
attributes.js","s":{"1":1,"2":1,"3":1,"4":1,"5":1,"6":1,"7":1,"8":1,"9":1,"10":1,"11":1,"12":1,"13":1,"14":12,"15":1,"16":0,"17":0,"18":0,"19":0,"20":0,"21":0,"22":0,"23":1,"24":12,"25":12,"26":12,"27":12,"28":14,"29":14,"30":12,"31":1,"32":1},"b":{"1":[1,0],"2":[0,0],"3":[14,0]},"f":{"1":1,"2":1,"3":1,"4":12,"5":0,"6":12},"fnMap":{"1":{"name":"(anonymous_1)","line":4,"loc":{"start":{"line":4,"column":14},"end":{"line":4,"column":38}}},"2":{"name":"ctor","line":4,"loc":{"start":{"line":4,"column":127},"end":{"line":4,"column":143}}},"3":{"name":"(anonymous_3)","line":6,"loc":{"start":{"line":6,"column":24},"end":{"line":6,"column":41}}},"4":{"name":"AttributesExpression","line":13,"loc":{"start":{"line":13,"column":2},"end":{"line":13,"column":39}}},"5":{"name":"(anonymous_5)","line":21,"loc":{"start":{"line":21,"column":46},"end":{"line":21,"column":57}}},"6":{"name":"(anonymous_6)","line":37,"loc":{"start":{"line":37,"column":44},"end":{"line":37,"column":55}}}},"statementMap":{"1":{"start":{"line":2,"column":0},"end":{"line":4,"column":290}},"2":{"start":{"line":4,"column":40},"end":{"line":4,"column":126}},"3":{"start":{"line":4,"column":66},"end":{"line":4,"column":124}},"4":{"start":{"line":4,"column":99},"end":{"line":4,"column":124}},"5":{"start":{"line":4,"column":127},"end":{"line":4,"column":172}},"6":{"start":{"line":4,"column":145},"end":{"line":4,"column":170}},"7":{"start":{"line":4,"column":173},"end":{"line":4,"column":207}},"8":{"start":{"line":4,"column":208},"end":{"line":4,"column":237}},"9":{"start":{"line":4,"column":238},"end":{"line":4,"column":273}},"10":{"start":{"line":4,"column":274},"end":{"line":4,"column":287}},"11":{"start":{"line":6,"column":0},"end":{"line":50,"column":28}},"12":{"start":{"line":7,"column":2},"end":{"line":7,"column":42}},"13":{"start":{"line":13,"column":2},"end":{"line":15,"column":3}},"14":{"start":{"line":14,"column":4},"end":{"line":14,"column":65}},"15":{"start":{"line":21,"column":2},"end":{"line":31,"column":4}},"16":{"start":{"line":22,"column":4},"end":{"line":22,"column":29}},"17":{"start":{"line":23,"column":4},"end":{"line":23,"column":26}},"18":{"start":{"line":24,"column":4},"end":{"line":29,"column":5}},"19":{"start":{"line":25,"column":6},"end":{"line":25,"column":22}},"20":{"start":{"line":26,"column":6},"end":{"line":28,"column":7}},"21":{"start":{"line":27,"column":8},"end":{"line":27,"column":20}},"22":{"start":{"line":30,"column":4},"end":{"line":30,"column":17}},"23":{"start":{"line":37,"column":2},"end":{"line":46,"column":4}},"24":{"start":{"line":38,"column":4},"end":{"line":38,"column":37}},"25":{"start":{"line":39,"column":4},"end":{"line":39,"column":16}},"26":{"start":{"line":40,"column":4},"end":{"line":40,"column":26}},"27":{"start":{"line":41,"column":4},"end":{"line":44,"column":5}},"28":{"start":{"line":42,"column":6},"end":{"line":42,"column":22}},"29":{"start":{"line":43,"column":6},"end":{"line":43,"column":97}},"30":{"start":{"line":45,"column":4},"end":{"line":45,"column":42}},"31":{"start":{"line":48,"column":2},"end":{"line":48,"column":30}},"32":{"start":{"line":52,"column":0},"end":{"line":52,"column":38}}},"branchMap":{"1":{"line":4,"type":"if","locations":[{"start":{"line":4,"column":66},"end":{"line":4,"column":66}},{"start":{"line":4,"column":66},"end":{"line":4,"column":66}}]},"2":{"line":26,"type":"if","locations":[{"start":{"line":26,"column":6},"end":{"line":26,"column":6}},{"start":{"line":26,"column":6},"end":{"line":26,"column":6}}]},"3":{"line":43,"type":"cond-expr","locations":[{"start":{"line":43,"column":58},"end":{"line":43,"column":79}},{"start":{"line":43,"column":82},"end":{"line":43,"column":88}}]}}},"/Users/craig/Developer/Public/paperclip.js/lib/translate/template/expressions/textString.js":{"path":"/Users/craig/Developer/Public/paperclip.js/lib/translate/template/expressions/textString.js","s":{"1":1,"2":1,"3":1,"4":1,"5":1,"6":1,"7":1,"8":1,"9":1,"10":1,"11":1,"12":1,"13":1,"14":1,"15":37,"16":37,"17":1,"18":37,"19":1,"20":1},"b":{"1":[1,0]},"f":{"1":1,"2":1,"3":1,"4":37,"5":37},"fnMap":{"1":{"name":"(anonymous_1)","line":4,"loc":{"start":{"line":4,"column":14},"end":{"line":4,"column":38}}},"2":{"name":"ctor","line":4,"loc":{"start":{"line":4,"column":127},"end":{"line":4,"column":143}}},"3":{"name":"(anonymous_3)","line":6,"loc":{"start":{"line":6,"column":24},"end":{"line":6,"column":41}}},"4":{"name":"TextStringExpression","line":15,"loc":{"start":{"line":15,"column":2},"end":{"line":15,"column":39}}},"5":{"name":"(anonymous_5)","line":24,"loc":{"start":{"line":24,"column":44},"end":{"line":24,"column":55}}}},"statementMap":{"1":{"start":{"line":2,"column":0},"end":{"line":4,"column":290}},"2":{"start":{"line":4,"column":40},"end":{"line":4,"column":126}},"3":{"start":{"line":4,"column":66},"end":{"line":4,"column":124}},"4":{"start":{"line":4,"column":99},"end":{"line":4,"column":124}},"5":{"start":{"line":4,"column":127},"end":{"line":4,"column":172}},"6":{"start":{"line":4,"column":145},"end":{"line":4,"column":170}},"7":{"start":{"line":4,"column":173},"end":{"line":4,"column":207}},"8":{"start":{"line":4,"column":208},"end":{"line":4,"column":237}},"9":{"start":{"line":4,"column":238},"end":{"line":4,"column":273}},"10":{"start":{"line":4,"column":274},"end":{"line":4,"column":287}},"11":{"start":{"line":6,"column":0},"end":{"line":30,"column":22}},"12":{"start":{"line":7,"column":2},"end":{"line":7,"column":42}},"13":{"start":{"line":9,"column":2},"end":{"line":9,"column":54}},"14":{"start":{"line":15,"column":2},"end":{"line":18,"column":3}},"15":{"start":{"line":16,"column":4},"end":{"line":16,"column":23}},"16":{"start":{"line":17,"column":4},"end":{"line":17,"column":58}},"17":{"start":{"line":24,"column":2},"end":{"line":26,"column":4}},"18":{"start":{"line":25,"column":4},"end":{"line":25,"column":38}},"19":{"start":{"line":28,"column":2},"end":{"line":28,"column":30}},"20":{"start":{"line":32,"column":0},"end":{"line":32,"column":38}}},"branchMap":{"1":{"line":4,"type":"if","locations":[{"start":{"line":4,"column":66},"end":{"line":4,"column":66}},{"start":{"line":4,"column":66},"end":{"line":4,"column":66}}]}}},"/Users/craig/Developer/Public/paperclip.js/lib/translate/template/expressions/textBinding.js":{"path":"/Users/craig/Developer/Public/paperclip.js/lib/translate/template/expressions/textBinding.js","s":{"1":1,"2":1,"3":1,"4":1,"5":1,"6":1,"7":1,"8":1,"9":1,"10":1,"11":1,"12":1,"13":1,"14":1,"15":1,"16":1,"17":45,"18":45,"19":1,"20":45,"21":1,"22":1},"b":{"1":[1,0]},"f":{"1":1,"2":1,"3":1,"4":45,"5":45},"fnMap":{"1":{"name":"(anonymous_1)","line":4,"loc":{"start":{"line":4,"column":14},"end":{"line":4,"column":38}}},"2":{"name":"ctor","line":4,"loc":{"start":{"line":4,"column":127},"end":{"line":4,"column":143}}},"3":{"name":"(anonymous_3)","line":6,"loc":{"start":{"line":6,"column":25},"end":{"line":6,"column":42}}},"4":{"name":"TextBindingExpression","line":19,"loc":{"start":{"line":19,"column":2},"end":{"line":19,"column":42}}},"5":{"name":"(anonymous_5)","line":28,"loc":{"start":{"line":28,"column":45},"end":{"line":28,"column":56}}}},"statementMap":{"1":{"start":{"line":2,"column":0},"end":{"line":4,"column":290}},"2":{"start":{"line":4,"column":40},"end":{"line":4,"column":126}},"3":{"start":{"line":4,"column":66},"end":{"line":4,"column":124}},"4":{"start":{"line":4,"column":99},"end":{"line":4,"column":124}},"5":{"start":{"line":4,"column":127},"end":{"line":4,"column":172}},"6":{"start":{"line":4,"column":145},"end":{"line":4,"column":170}},"7":{"start":{"line":4,"column":173},"end":{"line":4,"column":207}},"8":{"start":{"line":4,"column":208},"end":{"line":4,"column":237}},"9":{"start":{"line":4,"column":238},"end":{"line":4,"column":273}},"10":{"start":{"line":4,"column":274},"end":{"line":4,"column":287}},"11":{"start":{"line":6,"column":0},"end":{"line":34,"column":22}},"12":{"start":{"line":7,"column":2},"end":{"line":7,"column":43}},"13":{"start":{"line":9,"column":2},"end":{"line":9,"column":56}},"14":{"start":{"line":11,"column":2},"end":{"line":11,"column":58}},"15":{"start":{"line":13,"column":2},"end":{"line":13,"column":50}},"16":{"start":{"line":19,"column":2},"end":{"line":22,"column":3}},"17":{"start":{"line":20,"column":4},"end":{"line":20,"column":27}},"18":{"start":{"line":21,"column":4},"end":{"line":21,"column":59}},"19":{"start":{"line":28,"column":2},"end":{"line":30,"column":4}},"20":{"start":{"line":29,"column":4},"end":{"line":29,"column":41}},"21":{"start":{"line":32,"column":2},"end":{"line":32,"column":31}},"22":{"start":{"line":36,"column":0},"end":{"line":36,"column":39}}},"branchMap":{"1":{"line":4,"type":"if","locations":[{"start":{"line":4,"column":66},"end":{"line":4,"column":66}},{"start":{"line":4,"column":66},"end":{"line":4,"column":66}}]}}},"/Users/craig/Developer/Public/paperclip.js/lib/translate/template/expressions/stringNode.js":{"path":"/Users/craig/Developer/Public/paperclip.js/lib/translate/template/expressions/stringNode.js","s":{"1":1,"2":1,"3":1,"4":1,"5":1,"6":1,"7":1,"8":1,"9":1,"10":1,"11":1,"12":1,"13":1,"14":1,"15":0,"16":0,"17":1,"18":0,"19":1,"20":1},"b":{"1":[1,0]},"f":{"1":1,"2":1,"3":1,"4":0,"5":0},"fnMap":{"1":{"name":"(anonymous_1)","line":4,"loc":{"start":{"line":4,"column":14},"end":{"line":4,"column":38}}},"2":{"name":"ctor","line":4,"loc":{"start":{"line":4,"column":127},"end":{"line":4,"column":143}}},"3":{"name":"(anonymous_3)","line":6,"loc":{"start":{"line":6,"column":20},"end":{"line":6,"column":37}}},"4":{"name":"StringExpression","line":15,"loc":{"start":{"line":15,"column":2},"end":{"line":15,"column":35}}},"5":{"name":"(anonymous_5)","line":24,"loc":{"start":{"line":24,"column":40},"end":{"line":24,"column":51}}}},"statementMap":{"1":{"start":{"line":2,"column":0},"end":{"line":4,"column":290}},"2":{"start":{"line":4,"column":40},"end":{"line":4,"column":126}},"3":{"start":{"line":4,"column":66},"end":{"line":4,"column":124}},"4":{"start":{"line":4,"column":99},"end":{"line":4,"column":124}},"5":{"start":{"line":4,"column":127},"end":{"line":4,"column":172}},"6":{"start":{"line":4,"column":145},"end":{"line":4,"column":170}},"7":{"start":{"line":4,"column":173},"end":{"line":4,"column":207}},"8":{"start":{"line":4,"column":208},"end":{"line":4,"column":237}},"9":{"start":{"line":4,"column":238},"end":{"line":4,"column":273}},"10":{"start":{"line":4,"column":274},"end":{"line":4,"column":287}},"11":{"start":{"line":6,"column":0},"end":{"line":30,"column":22}},"12":{"start":{"line":7,"column":2},"end":{"line":7,"column":38}},"13":{"start":{"line":9,"column":2},"end":{"line":9,"column":46}},"14":{"start":{"line":15,"column":2},"end":{"line":18,"column":3}},"15":{"start":{"line":16,"column":4},"end":{"line":16,"column":23}},"16":{"start":{"line":17,"column":4},"end":{"line":17,"column":54}},"17":{"start":{"line":24,"column":2},"end":{"line":26,"column":4}},"18":{"start":{"line":25,"column":4},"end":{"line":25,"column":86}},"19":{"start":{"line":28,"column":2},"end":{"line":28,"column":26}},"20":{"start":{"line":32,"column":0},"end":{"line":32,"column":34}}},"branchMap":{"1":{"line":4,"type":"if","locations":[{"start":{"line":4,"column":66},"end":{"line":4,"column":66}},{"start":{"line":4,"column":66},"end":{"line":4,"column":66}}]}}},"/Users/craig/Developer/Public/paperclip.js/lib/node/adapters/index.js":{"path":"/Users/craig/Developer/Public/paperclip.js/lib/node/adapters/index.js","s":{"1":1},"b":{},"f":{},"fnMap":{},"statementMap":{"1":{"start":{"line":2,"column":0},"end":{"line":4,"column":2}}},"branchMap":{}},"/Users/craig/Developer/Public/paperclip.js/lib/node/adapters/express.js":{"path":"/Users/craig/Developer/Public/paperclip.js/lib/node/adapters/express.js","s":{"1":1,"2":1,"3":1,"4":1,"5":1,"6":0,"7":0,"8":0,"9":0,"10":0,"11":0,"12":0,"13":0,"14":0,"15":0,"16":1,"17":0,"18":0,"19":0},"b":{"1":[0,0]},"f":{"1":0,"2":0,"3":0},"fnMap":{"1":{"name":"(anonymous_1)","line":10,"loc":{"start":{"line":10,"column":10},"end":{"line":10,"column":25}}},"2":{"name":"(anonymous_2)","line":18,"loc":{"start":{"line":18,"column":9},"end":{"line":18,"column":24}}},"3":{"name":"(anonymous_3)","line":24,"loc":{"start":{"line":24,"column":17},"end":{"line":24,"column":47}}}},"statementMap":{"1":{"start":{"line":2,"column":0},"end":{"line":2,"column":32}},"2":{"start":{"line":4,"column":0},"end":{"line":4,"column":35}},"3":{"start":{"line":6,"column":0},"end":{"line":6,"column":19}},"4":{"start":{"line":8,"column":0},"end":{"line":8,"column":11}},"5":{"start":{"line":10,"column":0},"end":{"line":22,"column":2}},"6":{"start":{"line":11,"column":2},"end":{"line":11,"column":37}},"7":{"start":{"line":12,"column":2},"end":{"line":12,"column":42}},"8":{"start":{"line":13,"column":2},"end":{"line":13,"column":34}},"9":{"start":{"line":14,"column":2},"end":{"line":14,"column":43}},"10":{"start":{"line":15,"column":2},"end":{"line":15,"column":33}},"11":{"start":{"line":16,"column":2},"end":{"line":16,"column":29}},"12":{"start":{"line":17,"column":2},"end":{"line":17,"column":30}},"13":{"start":{"line":18,"column":2},"end":{"line":21,"column":4}},"14":{"start":{"line":19,"column":4},"end":{"line":19,"column":25}},"15":{"start":{"line":20,"column":4},"end":{"line":20,"column":29}},"16":{"start":{"line":24,"column":0},"end":{"line":28,"column":2}},"17":{"start":{"line":25,"column":2},"end":{"line":25,"column":10}},"18":{"start":{"line":26,"column":2},"end":{"line":26,"column":53}},"19":{"start":{"line":27,"column":2},"end":{"line":27,"column":34}}},"branchMap":{"1":{"line":26,"type":"binary-expr","locations":[{"start":{"line":26,"column":8},"end":{"line":26,"column":19}},{"start":{"line":26,"column":24},"end":{"line":26,"column":51}}]}}},"/Users/craig/Developer/Public/paperclip.js/lib/node/index.js":{"path":"/Users/craig/Developer/Public/paperclip.js/lib/node/index.js","s":{"1":1,"2":1,"3":1,"4":1,"5":1},"b":{},"f":{},"fnMap":{},"statementMap":{"1":{"start":{"line":2,"column":0},"end":{"line":2,"column":28}},"2":{"start":{"line":4,"column":0},"end":{"line":4,"column":27}},"3":{"start":{"line":6,"column":0},"end":{"line":6,"column":50}},"4":{"start":{"line":8,"column":0},"end":{"line":10,"column":1}},"5":{"start":{"line":9,"column":2},"end":{"line":9,"column":45}}},"branchMap":{}},"/Users/craig/Developer/Public/paperclip.js/lib/node/paper/bindings/block/index.js":{"path":"/Users/craig/Developer/Public/paperclip.js/lib/node/paper/bindings/block/index.js","s":{"1":1},"b":{},"f":{},"fnMap":{},"statementMap":{"1":{"start":{"line":2,"column":0},"end":{"line":4,"column":2}}},"branchMap":{}},"/Users/craig/Developer/Public/paperclip.js/lib/node/paper/bindings/block/layout.js":{"path":"/Users/craig/Developer/Public/paperclip.js/lib/node/paper/bindings/block/layout.js","s":{"1":1,"2":1,"3":2,"4":2,"5":1,"6":1,"7":1,"8":1,"9":1,"10":1,"11":1,"12":1,"13":1,"14":1,"15":1,"16":1,"17":0,"18":0,"19":1,"20":0,"21":0,"22":0,"23":0,"24":0,"25":0,"26":0,"27":1,"28":1},"b":{"1":[2,0],"2":[0,0]},"f":{"1":1,"2":1,"3":1,"4":0,"5":0},"fnMap":{"1":{"name":"(anonymous_1)","line":4,"loc":{"start":{"line":4,"column":14},"end":{"line":4,"column":38}}},"2":{"name":"ctor","line":4,"loc":{"start":{"line":4,"column":127},"end":{"line":4,"column":143}}},"3":{"name":"(anonymous_3)","line":12,"loc":{"start":{"line":12,"column":22},"end":{"line":12,"column":39}}},"4":{"name":"LayoutBlockBinding","line":15,"loc":{"start":{"line":15,"column":2},"end":{"line":15,"column":32}}},"5":{"name":"(anonymous_5)","line":24,"loc":{"start":{"line":24,"column":43},"end":{"line":24,"column":59}}}},"statementMap":{"1":{"start":{"line":2,"column":0},"end":{"line":4,"column":290}},"2":{"start":{"line":4,"column":40},"end":{"line":4,"column":126}},"3":{"start":{"line":4,"column":66},"end":{"line":4,"column":124}},"4":{"start":{"line":4,"column":99},"end":{"line":4,"column":124}},"5":{"start":{"line":4,"column":127},"end":{"line":4,"column":172}},"6":{"start":{"line":4,"column":145},"end":{"line":4,"column":170}},"7":{"start":{"line":4,"column":173},"end":{"line":4,"column":207}},"8":{"start":{"line":4,"column":208},"end":{"line":4,"column":237}},"9":{"start":{"line":4,"column":238},"end":{"line":4,"column":273}},"10":{"start":{"line":4,"column":274},"end":{"line":4,"column":287}},"11":{"start":{"line":6,"column":0},"end":{"line":6,"column":23}},"12":{"start":{"line":8,"column":0},"end":{"line":8,"column":36}},"13":{"start":{"line":10,"column":0},"end":{"line":10,"column":19}},"14":{"start":{"line":12,"column":0},"end":{"line":38,"column":22}},"15":{"start":{"line":13,"column":2},"end":{"line":13,"column":40}},"16":{"start":{"line":15,"column":2},"end":{"line":18,"column":3}},"17":{"start":{"line":16,"column":4},"end":{"line":16,"column":75}},"18":{"start":{"line":17,"column":4},"end":{"line":17,"column":16}},"19":{"start":{"line":24,"column":2},"end":{"line":34,"column":4}},"20":{"start":{"line":25,"column":4},"end":{"line":25,"column":48}},"21":{"start":{"line":26,"column":4},"end":{"line":26,"column":34}},"22":{"start":{"line":27,"column":4},"end":{"line":27,"column":39}},"23":{"start":{"line":28,"column":4},"end":{"line":28,"column":57}},"24":{"start":{"line":29,"column":4},"end":{"line":29,"column":57}},"25":{"start":{"line":30,"column":4},"end":{"line":32,"column":7}},"26":{"start":{"line":33,"column":4},"end":{"line":33,"column":71}},"27":{"start":{"line":36,"column":2},"end":{"line":36,"column":28}},"28":{"start":{"line":40,"column":0},"end":{"line":40,"column":36}}},"branchMap":{"1":{"line":4,"type":"if","locations":[{"start":{"line":4,"column":66},"end":{"line":4,"column":66}},{"start":{"line":4,"column":66},"end":{"line":4,"column":66}}]},"2":{"line":26,"type":"binary-expr","locations":[{"start":{"line":26,"column":14},"end":{"line":26,"column":24}},{"start":{"line":26,"column":28},"end":{"line":26,"column":33}}]}}},"/Users/craig/Developer/Public/paperclip.js/lib/node/paper/bindings/block/base.js":{"path":"/Users/craig/Developer/Public/paperclip.js/lib/node/paper/bindings/block/base.js","s":{"1":1,"2":1,"3":2,"4":2,"5":1,"6":1,"7":1,"8":1,"9":1,"10":1,"11":1,"12":1,"13":1,"14":1,"15":0,"16":0,"17":1,"18":1},"b":{"1":[2,0]},"f":{"1":1,"2":1,"3":1,"4":0},"fnMap":{"1":{"name":"(anonymous_1)","line":4,"loc":{"start":{"line":4,"column":14},"end":{"line":4,"column":38}}},"2":{"name":"ctor","line":4,"loc":{"start":{"line":4,"column":127},"end":{"line":4,"column":143}}},"3":{"name":"(anonymous_3)","line":8,"loc":{"start":{"line":8,"column":24},"end":{"line":8,"column":41}}},"4":{"name":"BaseNodeBlockBinding","line":11,"loc":{"start":{"line":11,"column":2},"end":{"line":11,"column":34}}}},"statementMap":{"1":{"start":{"line":2,"column":0},"end":{"line":4,"column":290}},"2":{"start":{"line":4,"column":40},"end":{"line":4,"column":126}},"3":{"start":{"line":4,"column":66},"end":{"line":4,"column":124}},"4":{"start":{"line":4,"column":99},"end":{"line":4,"column":124}},"5":{"start":{"line":4,"column":127},"end":{"line":4,"column":172}},"6":{"start":{"line":4,"column":145},"end":{"line":4,"column":170}},"7":{"start":{"line":4,"column":173},"end":{"line":4,"column":207}},"8":{"start":{"line":4,"column":208},"end":{"line":4,"column":237}},"9":{"start":{"line":4,"column":238},"end":{"line":4,"column":273}},"10":{"start":{"line":4,"column":274},"end":{"line":4,"column":287}},"11":{"start":{"line":6,"column":0},"end":{"line":6,"column":36}},"12":{"start":{"line":8,"column":0},"end":{"line":18,"column":24}},"13":{"start":{"line":9,"column":2},"end":{"line":9,"column":42}},"14":{"start":{"line":11,"column":2},"end":{"line":14,"column":3}},"15":{"start":{"line":12,"column":4},"end":{"line":12,"column":77}},"16":{"start":{"line":13,"column":4},"end":{"line":13,"column":16}},"17":{"start":{"line":16,"column":2},"end":{"line":16,"column":30}},"18":{"start":{"line":20,"column":0},"end":{"line":20,"column":38}}},"branchMap":{"1":{"line":4,"type":"if","locations":[{"start":{"line":4,"column":66},"end":{"line":4,"column":66}},{"start":{"line":4,"column":66},"end":{"line":4,"column":66}}]}}}}