TN:
SF:/Users/craig/Developer/Public/paperclip.js/lib/index.js
FNF:0
FNH:0
DA:2,1
DA:4,1
DA:6,1
DA:8,1
DA:10,1
DA:12,1
DA:14,1
DA:16,1
DA:18,1
DA:20,1
DA:22,1
DA:24,1
LF:12
LH:12
BRF:0
BRH:0
end_of_record
TN:
SF:/Users/craig/Developer/Public/paperclip.js/lib/clip/index.js
FN:3,(anonymous_1)
FN:3,(anonymous_2)
FN:5,(anonymous_3)
FN:5,ctor
FN:20,(anonymous_5)
FN:30,PropertyChain
FN:40,(anonymous_7)
FN:51,(anonymous_8)
FN:60,(anonymous_9)
FN:75,(anonymous_10)
FN:85,(anonymous_11)
FN:97,(anonymous_12)
FN:106,(anonymous_13)
FN:148,(anonymous_14)
FN:155,ClipScript
FN:169,(anonymous_16)
FN:181,(anonymous_17)
FN:196,(anonymous_18)
FN:205,(anonymous_19)
FN:219,(anonymous_20)
FN:227,(anonymous_21)
FN:231,(anonymous_22)
FN:235,(anonymous_23)
FN:239,(anonymous_24)
FN:248,(anonymous_25)
FN:264,(anonymous_26)
FN:278,(anonymous_27)
FN:294,(anonymous_28)
FN:297,(anonymous_29)
FN:304,(anonymous_30)
FN:326,(anonymous_31)
FN:380,(anonymous_32)
FN:389,(anonymous_33)
FN:393,ClipScripts
FN:404,(anonymous_35)
FN:416,(anonymous_36)
FN:428,(anonymous_37)
FN:440,(anonymous_38)
FN:452,(anonymous_39)
FN:460,(anonymous_40)
FN:475,(anonymous_41)
FN:481,(anonymous_42)
FN:490,(anonymous_43)
FN:494,Clip
FN:512,(anonymous_45)
FN:530,(anonymous_46)
FN:539,(anonymous_47)
FN:547,(anonymous_48)
FN:556,(anonymous_49)
FN:564,(anonymous_50)
FN:568,(anonymous_51)
FN:573,(anonymous_52)
FN:578,(anonymous_53)
FNF:53
FNH:39
FNDA:144,(anonymous_1)
FNDA:210,(anonymous_2)
FNDA:1,(anonymous_3)
FNDA:1,ctor
FNDA:1,(anonymous_5)
FNDA:243,PropertyChain
FNDA:235,(anonymous_7)
FNDA:0,(anonymous_8)
FNDA:0,(anonymous_9)
FNDA:0,(anonymous_10)
FNDA:10,(anonymous_11)
FNDA:0,(anonymous_12)
FNDA:243,(anonymous_13)
FNDA:1,(anonymous_14)
FNDA:72,ClipScript
FNDA:0,(anonymous_16)
FNDA:210,(anonymous_17)
FNDA:82,(anonymous_18)
FNDA:8,(anonymous_19)
FNDA:0,(anonymous_20)
FNDA:235,(anonymous_21)
FNDA:0,(anonymous_22)
FNDA:8,(anonymous_23)
FNDA:0,(anonymous_24)
FNDA:243,(anonymous_25)
FNDA:121,(anonymous_26)
FNDA:14,(anonymous_27)
FNDA:0,(anonymous_28)
FNDA:0,(anonymous_29)
FNDA:0,(anonymous_30)
FNDA:3,(anonymous_31)
FNDA:0,(anonymous_32)
FNDA:1,(anonymous_33)
FNDA:72,ClipScripts
FNDA:12,(anonymous_35)
FNDA:8,(anonymous_36)
FNDA:88,(anonymous_37)
FNDA:0,(anonymous_38)
FNDA:130,(anonymous_39)
FNDA:72,(anonymous_40)
FNDA:72,(anonymous_41)
FNDA:117,(anonymous_42)
FNDA:1,(anonymous_43)
FNDA:72,Clip
FNDA:158,(anonymous_45)
FNDA:4,(anonymous_46)
FNDA:8,(anonymous_47)
FNDA:88,(anonymous_48)
FNDA:0,(anonymous_49)
FNDA:130,(anonymous_50)
FNDA:8,(anonymous_51)
FNDA:117,(anonymous_52)
FNDA:74,(anonymous_53)
DA:2,1
DA:3,210
DA:5,1
DA:7,1
DA:9,1
DA:11,1
DA:13,1
DA:20,1
DA:24,1
DA:30,1
DA:31,243
DA:32,243
DA:33,243
DA:40,1
DA:41,235
DA:44,235
DA:51,1
DA:52,0
DA:53,0
DA:60,1
DA:61,0
DA:62,0
DA:63,0
DA:64,0
DA:65,0
DA:66,0
DA:68,0
DA:75,1
DA:76,0
DA:77,0
DA:78,0
DA:85,1
DA:86,10
DA:90,10
DA:97,1
DA:98,0
DA:99,0
DA:106,1
DA:107,243
DA:108,243
DA:109,243
DA:110,243
DA:111,243
DA:112,243
DA:113,245
DA:114,245
DA:115,243
DA:117,245
DA:118,34
DA:119,34
DA:121,0
DA:124,245
DA:125,245
DA:126,245
DA:127,10
DA:128,8
DA:130,2
DA:133,245
DA:134,47
DA:137,243
DA:140,1
DA:148,1
DA:149,1
DA:155,1
DA:156,72
DA:157,72
DA:158,72
DA:159,72
DA:160,72
DA:161,72
DA:162,72
DA:169,1
DA:170,0
DA:171,0
DA:172,0
DA:174,0
DA:181,1
DA:182,210
DA:183,210
DA:184,210
DA:185,93
DA:187,117
DA:188,117
DA:189,117
DA:196,1
DA:197,82
DA:198,82
DA:205,1
DA:206,8
DA:207,8
DA:208,8
DA:209,7
DA:211,8
DA:212,8
DA:219,1
DA:220,0
DA:227,1
DA:228,235
DA:231,1
DA:232,0
DA:235,1
DA:236,8
DA:239,1
DA:240,0
DA:248,1
DA:249,243
DA:251,243
DA:252,66
DA:254,177
DA:255,98
DA:256,91
DA:258,7
DA:260,86
DA:261,86
DA:262,86
DA:265,121
DA:266,0
DA:268,121
DA:269,0
DA:270,121
DA:271,3
DA:273,121
DA:274,69
DA:276,52
DA:279,14
DA:280,0
DA:282,14
DA:285,86
DA:294,1
DA:295,0
DA:297,0
DA:298,0
DA:299,0
DA:301,0
DA:303,0
DA:305,0
DA:326,1
DA:327,3
DA:328,3
DA:329,3
DA:330,0
DA:332,3
DA:333,3
DA:334,3
DA:335,0
DA:336,0
DA:337,0
DA:338,0
DA:380,1
DA:381,0
DA:382,0
DA:385,1
DA:389,1
DA:393,1
DA:394,72
DA:395,72
DA:396,72
DA:397,72
DA:404,1
DA:405,12
DA:406,12
DA:407,12
DA:409,12
DA:416,1
DA:417,8
DA:418,8
DA:419,8
DA:421,8
DA:428,1
DA:429,88
DA:430,88
DA:431,88
DA:433,88
DA:440,1
DA:441,0
DA:442,0
DA:443,0
DA:445,0
DA:452,1
DA:453,130
DA:460,1
DA:461,72
DA:462,72
DA:463,48
DA:465,24
DA:466,24
DA:475,1
DA:476,72
DA:478,72
DA:479,72
DA:480,72
DA:481,72
DA:482,117
DA:486,1
DA:490,1
DA:494,1
DA:495,72
DA:496,72
DA:497,72
DA:498,72
DA:499,72
DA:500,72
DA:501,72
DA:503,72
DA:504,4
DA:512,1
DA:513,158
DA:514,80
DA:516,158
DA:517,80
DA:519,158
DA:520,158
DA:521,80
DA:523,158
DA:530,1
DA:531,4
DA:532,4
DA:539,1
DA:540,8
DA:547,1
DA:548,88
DA:549,88
DA:556,1
DA:557,0
DA:558,0
DA:559,0
DA:561,0
DA:564,1
DA:565,130
DA:568,1
DA:569,8
DA:570,8
DA:573,1
DA:574,117
DA:575,117
DA:578,1
DA:579,74
DA:580,74
DA:583,1
DA:587,1
LF:240
LH:193
BRDA:5,1,0,1
BRDA:5,1,1,0
BRDA:109,2,0,0
BRDA:109,2,1,243
BRDA:114,3,0,243
BRDA:114,3,1,2
BRDA:117,4,0,34
BRDA:117,4,1,211
BRDA:117,5,0,245
BRDA:117,5,1,243
BRDA:118,6,0,34
BRDA:118,6,1,0
BRDA:125,7,0,243
BRDA:125,7,1,2
BRDA:126,8,0,10
BRDA:126,8,1,235
BRDA:127,9,0,8
BRDA:127,9,1,2
BRDA:127,10,0,10
BRDA:127,10,1,8
BRDA:128,11,0,8
BRDA:128,11,1,0
BRDA:133,12,0,47
BRDA:133,12,1,198
BRDA:184,13,0,93
BRDA:184,13,1,117
BRDA:220,14,0,0
BRDA:220,14,1,0
BRDA:251,15,0,66
BRDA:251,15,1,177
BRDA:254,16,0,98
BRDA:254,16,1,79
BRDA:255,17,0,91
BRDA:255,17,1,7
BRDA:265,18,0,0
BRDA:265,18,1,121
BRDA:268,19,0,0
BRDA:268,19,1,121
BRDA:268,20,0,118
BRDA:268,20,1,3
BRDA:270,21,0,3
BRDA:270,21,1,118
BRDA:273,22,0,69
BRDA:273,22,1,52
BRDA:279,23,0,0
BRDA:279,23,1,14
BRDA:298,24,0,0
BRDA:298,24,1,0
BRDA:329,25,0,0
BRDA:329,25,1,3
BRDA:333,26,0,3
BRDA:333,26,1,3
BRDA:333,27,0,0
BRDA:333,27,1,3
BRDA:334,28,0,0
BRDA:334,28,1,3
BRDA:462,29,0,48
BRDA:462,29,1,24
BRDA:497,30,0,72
BRDA:497,30,1,66
BRDA:499,31,0,72
BRDA:499,31,1,66
BRDA:500,32,0,72
BRDA:500,32,1,0
BRDA:503,33,0,4
BRDA:503,33,1,68
BRDA:513,34,0,80
BRDA:513,34,1,78
BRDA:516,35,0,80
BRDA:516,35,1,78
BRDA:519,36,0,78
BRDA:519,36,1,80
BRDA:520,37,0,80
BRDA:520,37,1,78
BRDA:558,38,0,0
BRDA:558,38,1,0
BRDA:561,39,0,0
BRDA:561,39,1,0
BRF:78
BRH:59
end_of_record
TN:
SF:/Users/craig/Developer/Public/paperclip.js/lib/paper/index.js
FN:35,(anonymous_1)
FN:73,(anonymous_2)
FNF:2
FNH:1
FNDA:2,(anonymous_1)
FNDA:0,(anonymous_2)
DA:2,1
DA:4,1
DA:6,1
DA:8,1
DA:10,1
DA:12,1
DA:14,1
DA:16,1
DA:36,2
DA:74,0
LF:10
LH:9
BRF:0
BRH:0
end_of_record
TN:
SF:/Users/craig/Developer/Public/paperclip.js/lib/paper/template.js
FN:8,(anonymous_1)
FN:12,Template
FN:21,(anonymous_3)
FN:29,(anonymous_4)
FNF:4
FNH:4
FNDA:1,(anonymous_1)
FNDA:77,Template
FNDA:78,(anonymous_3)
FNDA:77,(anonymous_4)
DA:2,1
DA:4,1
DA:6,1
DA:8,1
DA:12,1
DA:13,77
DA:14,77
DA:21,1
DA:22,78
DA:25,1
DA:29,1
DA:30,77
DA:31,77
DA:32,66
DA:37,77
DA:38,66
DA:39,0
DA:41,66
DA:45,11
DA:47,77
LF:20
LH:19
BRDA:31,1,0,66
BRDA:31,1,1,11
BRDA:34,2,0,66
BRDA:34,2,1,0
BRDA:37,3,0,66
BRDA:37,3,1,11
BRDA:38,4,0,0
BRDA:38,4,1,66
BRF:8
BRH:6
end_of_record
TN:
SF:/Users/craig/Developer/Public/paperclip.js/lib/paper/loader.js
FN:22,(anonymous_1)
FN:32,Loader
FN:51,(anonymous_3)
FN:70,(anonymous_4)
FN:79,(anonymous_5)
FN:88,(anonymous_6)
FN:97,(anonymous_7)
FN:107,(anonymous_8)
FN:116,(anonymous_9)
FN:124,(anonymous_10)
FNF:10
FNH:9
FNDA:1,(anonymous_1)
FNDA:78,Loader
FNDA:78,(anonymous_3)
FNDA:79,(anonymous_4)
FNDA:8,(anonymous_5)
FNDA:5,(anonymous_6)
FNDA:2,(anonymous_7)
FNDA:8,(anonymous_8)
FNDA:0,(anonymous_9)
FNDA:86,(anonymous_10)
DA:2,1
DA:4,1
DA:6,1
DA:8,1
DA:10,1
DA:12,1
DA:14,1
DA:16,1
DA:18,1
DA:20,1
DA:22,1
DA:26,1
DA:32,1
DA:33,78
DA:34,78
DA:35,78
DA:36,78
DA:37,78
DA:38,78
DA:51,1
DA:52,78
DA:53,78
DA:54,19
DA:56,78
DA:57,63
DA:59,78
DA:60,78
DA:61,78
DA:62,78
DA:63,78
DA:70,1
DA:71,79
DA:72,79
DA:79,1
DA:80,8
DA:81,8
DA:88,1
DA:89,5
DA:90,5
DA:97,1
DA:98,2
DA:99,2
DA:100,2
DA:107,1
DA:108,8
DA:109,8
DA:116,1
DA:117,0
DA:124,1
DA:125,86
DA:126,86
DA:127,86
DA:129,0
DA:130,0
DA:131,0
DA:132,0
DA:135,1
DA:139,1
LF:58
LH:53
BRDA:53,1,0,19
BRDA:53,1,1,59
BRDA:56,2,0,63
BRDA:56,2,1,15
BRDA:126,3,0,86
BRDA:126,3,1,0
BRF:6
BRH:5
end_of_record
TN:
SF:/Users/craig/Developer/Public/paperclip.js/lib/paper/modifiers.js
FN:3,(anonymous_1)
FN:6,(anonymous_2)
FN:9,(anonymous_3)
FN:14,(anonymous_4)
FNF:4
FNH:3
FNDA:8,(anonymous_1)
FNDA:4,(anonymous_2)
FNDA:2,(anonymous_3)
FNDA:0,(anonymous_4)
DA:2,1
DA:4,8
DA:7,4
DA:10,2
DA:11,2
DA:12,2
DA:15,0
LF:7
LH:6
BRF:0
BRH:0
end_of_record
TN:
SF:/Users/craig/Developer/Public/paperclip.js/lib/paper/writers/fragment.js
FN:3,(anonymous_1)
FN:3,(anonymous_2)
FN:5,(anonymous_3)
FN:5,ctor
FN:7,(anonymous_5)
FN:10,FragmentWriter
FN:20,(anonymous_7)
FNF:7
FNH:7
FNDA:78,(anonymous_1)
FNDA:78,(anonymous_2)
FNDA:1,(anonymous_3)
FNDA:1,ctor
FNDA:1,(anonymous_5)
FNDA:78,FragmentWriter
FNDA:78,(anonymous_7)
DA:2,1
DA:3,78
DA:5,1
DA:7,1
DA:8,1
DA:10,1
DA:11,78
DA:12,78
DA:13,78
DA:20,1
DA:21,78
DA:22,56
DA:24,22
DA:27,1
DA:31,1
LF:15
LH:15
BRDA:5,1,0,0
BRDA:5,1,1,0
BRDA:21,2,0,56
BRDA:21,2,1,22
BRF:4
BRH:2
end_of_record
TN:
SF:/Users/craig/Developer/Public/paperclip.js/lib/paper/writers/base.js
FN:4,(anonymous_1)
FN:8,BaseWriter
FNF:2
FNH:2
FNDA:1,(anonymous_1)
FNDA:390,BaseWriter
DA:2,1
DA:4,1
DA:8,1
DA:9,390
DA:10,390
DA:11,390
DA:12,390
DA:13,390
DA:16,1
DA:20,1
LF:10
LH:10
BRF:0
BRH:0
end_of_record
TN:
SF:/Users/craig/Developer/Public/paperclip.js/lib/paper/writers/block.js
FN:3,(anonymous_1)
FN:3,(anonymous_2)
FN:5,(anonymous_3)
FN:5,ctor
FN:15,(anonymous_5)
FN:18,BlockWriter
FN:28,(anonymous_7)
FNF:7
FNH:7
FNDA:78,(anonymous_1)
FNDA:62,(anonymous_2)
FNDA:1,(anonymous_3)
FNDA:1,ctor
FNDA:1,(anonymous_5)
FNDA:78,BlockWriter
FNDA:62,(anonymous_7)
DA:2,1
DA:3,78
DA:5,1
DA:7,1
DA:9,1
DA:11,1
DA:13,1
DA:15,1
DA:16,1
DA:18,1
DA:19,78
DA:20,78
DA:21,78
DA:28,1
DA:29,62
DA:30,62
DA:31,62
DA:32,62
DA:33,62
DA:37,62
DA:44,62
DA:47,1
DA:51,1
LF:23
LH:23
BRDA:5,1,0,0
BRDA:5,1,1,0
BRDA:30,2,0,8
BRDA:30,2,1,54
BRDA:31,3,0,3
BRDA:31,3,1,59
BRF:6
BRH:4
end_of_record
TN:
SF:/Users/craig/Developer/Public/paperclip.js/lib/paper/bindings/block/factory.js
FN:14,(anonymous_1)
FN:15,Factory
FN:21,(anonymous_3)
FN:39,(anonymous_4)
FNF:4
FNH:4
FNDA:1,(anonymous_1)
FNDA:1,Factory
FNDA:62,(anonymous_3)
FNDA:1,(anonymous_4)
DA:2,1
DA:4,1
DA:6,1
DA:14,1
DA:15,1
DA:21,1
DA:22,62
DA:23,62
DA:24,62
DA:25,62
DA:26,62
DA:27,62
DA:28,62
DA:29,62
DA:32,62
DA:39,1
DA:40,1
DA:43,1
DA:47,1
LF:19
LH:19
BRDA:27,1,0,62
BRDA:27,1,1,0
BRF:2
BRH:1
end_of_record
TN:
SF:/Users/craig/Developer/Public/paperclip.js/lib/paper/bindings/collection.js
FN:4,(anonymous_1)
FN:4,ctor
FN:8,(anonymous_3)
FN:15,Collection
FN:24,(anonymous_5)
FN:33,(anonymous_6)
FN:51,(anonymous_7)
FNF:7
FNH:7
FNDA:1,(anonymous_1)
FNDA:1,ctor
FNDA:1,(anonymous_3)
FNDA:84,Collection
FNDA:81,(anonymous_5)
FNDA:85,(anonymous_6)
FNDA:8,(anonymous_7)
DA:2,1
DA:4,1
DA:6,1
DA:8,1
DA:9,1
DA:15,1
DA:16,84
DA:17,84
DA:24,1
DA:25,81
DA:26,81
DA:33,1
DA:34,85
DA:35,85
DA:36,85
DA:37,0
DA:39,85
DA:40,85
DA:41,85
DA:42,82
DA:43,82
DA:51,1
DA:52,8
DA:53,8
DA:54,0
DA:56,8
DA:57,8
DA:58,8
DA:59,8
DA:60,8
DA:64,1
DA:68,1
LF:32
LH:30
BRDA:4,1,0,0
BRDA:4,1,1,0
BRDA:17,2,0,0
BRDA:17,2,1,84
BRDA:36,3,0,0
BRDA:36,3,1,85
BRDA:53,4,0,0
BRDA:53,4,1,8
BRF:8
BRH:3
end_of_record
TN:
SF:/Users/craig/Developer/Public/paperclip.js/lib/paper/bindings/base/index.js
FN:4,(anonymous_1)
FN:5,BaseBinding
FN:9,(anonymous_3)
FN:13,(anonymous_4)
FNF:4
FNH:1
FNDA:1,(anonymous_1)
FNDA:0,BaseBinding
FNDA:0,(anonymous_3)
FNDA:0,(anonymous_4)
DA:2,1
DA:4,1
DA:5,1
DA:6,0
DA:9,1
DA:10,0
DA:13,1
DA:15,1
DA:19,1
LF:9
LH:7
BRF:0
BRH:0
end_of_record
TN:
SF:/Users/craig/Developer/Public/paperclip.js/lib/paper/bindings/block/html.js
FN:4,(anonymous_1)
FN:4,ctor
FN:8,(anonymous_3)
FN:11,HtmlDecor
FN:20,(anonymous_5)
FN:52,(anonymous_6)
FNF:6
FNH:5
FNDA:1,(anonymous_1)
FNDA:1,ctor
FNDA:1,(anonymous_3)
FNDA:10,HtmlDecor
FNDA:14,(anonymous_5)
FNDA:0,(anonymous_6)
DA:2,1
DA:4,2
DA:6,1
DA:8,1
DA:9,1
DA:11,1
DA:12,10
DA:13,10
DA:20,1
DA:21,14
DA:22,14
DA:23,14
DA:24,14
DA:25,7
DA:26,5
DA:29,14
DA:30,0
DA:32,14
DA:33,8
DA:34,6
DA:35,0
DA:37,6
DA:38,6
DA:40,0
DA:41,0
DA:42,0
DA:45,14
DA:52,1
DA:53,0
DA:54,0
DA:57,1
DA:61,1
LF:32
LH:25
BRDA:4,1,0,2
BRDA:4,1,1,0
BRDA:24,2,0,7
BRDA:24,2,1,7
BRDA:25,3,0,5
BRDA:25,3,1,2
BRDA:29,4,0,0
BRDA:29,4,1,14
BRDA:32,5,0,8
BRDA:32,5,1,6
BRDA:34,6,0,0
BRDA:34,6,1,6
BRDA:37,7,0,6
BRDA:37,7,1,0
BRF:14
BRH:10
end_of_record
TN:
SF:/Users/craig/Developer/Public/paperclip.js/lib/paper/bindings/block/base.js
FN:4,(anonymous_1)
FN:4,ctor
FN:6,(anonymous_3)
FN:13,BlockBinding
FN:30,(anonymous_5)
FN:36,(anonymous_6)
FN:45,(anonymous_7)
FNF:7
FNH:6
FNDA:1,(anonymous_1)
FNDA:1,ctor
FNDA:1,(anonymous_3)
FNDA:62,BlockBinding
FNDA:64,(anonymous_5)
FNDA:8,(anonymous_6)
FNDA:0,(anonymous_7)
DA:2,1
DA:4,1
DA:6,1
DA:7,1
DA:13,1
DA:14,62
DA:15,62
DA:16,62
DA:17,62
DA:18,62
DA:19,62
DA:20,62
DA:21,62
DA:22,62
DA:23,62
DA:30,1
DA:31,64
DA:32,64
DA:33,64
DA:36,1
DA:37,8
DA:38,8
DA:45,1
DA:46,0
DA:49,1
DA:53,1
LF:26
LH:25
BRDA:4,1,0,1
BRDA:4,1,1,0
BRF:2
BRH:1
end_of_record
TN:
SF:/Users/craig/Developer/Public/paperclip.js/lib/paper/bindings/base/script.js
FN:3,(anonymous_1)
FN:3,(anonymous_2)
FN:5,(anonymous_3)
FN:5,ctor
FN:7,(anonymous_5)
FN:14,ScriptBinding
FN:25,(anonymous_7)
FN:43,(anonymous_8)
FN:56,(anonymous_9)
FNF:9
FNH:9
FNDA:68,(anonymous_1)
FNDA:104,(anonymous_2)
FNDA:1,(anonymous_3)
FNDA:1,ctor
FNDA:1,(anonymous_5)
FNDA:68,ScriptBinding
FNDA:70,(anonymous_7)
FNDA:8,(anonymous_8)
FNDA:1,(anonymous_9)
DA:2,1
DA:3,104
DA:5,1
DA:7,1
DA:8,1
DA:14,1
DA:15,68
DA:16,68
DA:17,68
DA:18,68
DA:25,1
DA:26,70
DA:27,70
DA:28,70
DA:30,70
DA:31,70
DA:32,10
DA:34,70
DA:35,70
DA:36,70
DA:43,1
DA:44,8
DA:45,8
DA:46,8
DA:48,8
DA:49,8
DA:56,1
DA:58,1
DA:62,1
LF:29
LH:29
BRDA:5,1,0,0
BRDA:5,1,1,0
BRDA:27,2,0,70
BRDA:27,2,1,0
BRDA:31,3,0,10
BRDA:31,3,1,60
BRDA:45,4,0,8
BRDA:45,4,1,0
BRF:8
BRH:4
end_of_record
TN:
SF:/Users/craig/Developer/Public/paperclip.js/lib/paper/bindings/block/conditional.js
FN:10,(anonymous_1)
FN:10,(anonymous_2)
FN:12,(anonymous_3)
FN:12,ctor
FN:14,(anonymous_5)
FN:17,BlockDecor
FN:27,(anonymous_7)
FN:35,(anonymous_8)
FN:59,(anonymous_9)
FNF:9
FNH:9
FNDA:8,(anonymous_1)
FNDA:14,(anonymous_2)
FNDA:1,(anonymous_3)
FNDA:1,ctor
FNDA:1,(anonymous_5)
FNDA:8,BlockDecor
FNDA:14,(anonymous_7)
FNDA:14,(anonymous_8)
FNDA:2,(anonymous_9)
DA:9,1
DA:10,14
DA:12,2
DA:14,1
DA:15,1
DA:17,1
DA:18,8
DA:19,8
DA:20,8
DA:27,1
DA:28,14
DA:35,1
DA:36,14
DA:37,14
DA:38,14
DA:39,5
DA:41,14
DA:42,14
DA:43,8
DA:45,6
DA:47,14
DA:48,11
DA:49,11
DA:50,3
DA:51,1
DA:59,1
DA:60,2
DA:61,2
DA:62,2
DA:65,1
DA:69,1
LF:31
LH:31
BRDA:12,1,0,2
BRDA:12,1,1,0
BRDA:38,2,0,5
BRDA:38,2,1,9
BRDA:42,3,0,8
BRDA:42,3,1,6
BRDA:47,4,0,11
BRDA:47,4,1,3
BRDA:50,5,0,1
BRDA:50,5,1,2
BRDA:62,6,0,2
BRDA:62,6,1,0
BRF:12
BRH:10
end_of_record
TN:
SF:/Users/craig/Developer/Public/paperclip.js/lib/paper/bindings/block/value.js
FN:4,(anonymous_1)
FN:4,ctor
FN:8,(anonymous_3)
FN:11,ValueDecor
FN:20,(anonymous_5)
FNF:5
FNH:5
FNDA:1,(anonymous_1)
FNDA:1,ctor
FNDA:1,(anonymous_3)
FNDA:44,ValueDecor
FNDA:63,(anonymous_5)
DA:2,1
DA:4,2
DA:6,1
DA:8,1
DA:9,1
DA:11,1
DA:12,44
DA:13,44
DA:20,1
DA:21,63
DA:22,0
DA:24,63
DA:27,1
DA:31,1
LF:14
LH:13
BRDA:4,1,0,2
BRDA:4,1,1,0
BRDA:21,2,0,0
BRDA:21,2,1,63
BRF:4
BRH:2
end_of_record
TN:
SF:/Users/craig/Developer/Public/paperclip.js/lib/paper/utils/escapeHTML.js
FN:11,(anonymous_1)
FN:13,(anonymous_2)
FNF:2
FNH:0
FNDA:0,(anonymous_1)
FNDA:0,(anonymous_2)
DA:2,1
DA:4,1
DA:11,1
DA:12,0
DA:13,0
DA:14,0
DA:15,0
DA:16,0
DA:17,0
DA:18,0
DA:19,0
DA:20,0
DA:21,0
DA:22,0
DA:24,0
LF:15
LH:3
BRDA:17,1,0,0
BRDA:17,1,1,0
BRDA:19,2,0,0
BRDA:19,2,1,0
BRDA:21,3,0,0
BRDA:21,3,1,0
BRDA:21,4,0,0
BRDA:21,4,1,0
BRF:8
BRH:0
end_of_record
TN:
SF:/Users/craig/Developer/Public/paperclip.js/lib/paper/bindings/clip.js
FN:4,(anonymous_1)
FN:4,ctor
FN:6,(anonymous_3)
FN:13,ClipBinding
FN:21,(anonymous_5)
FN:31,(anonymous_6)
FNF:6
FNH:3
FNDA:1,(anonymous_1)
FNDA:1,ctor
FNDA:1,(anonymous_3)
FNDA:0,ClipBinding
FNDA:0,(anonymous_5)
FNDA:0,(anonymous_6)
DA:2,1
DA:4,1
DA:6,1
DA:7,1
DA:13,1
DA:14,0
DA:21,1
DA:22,0
DA:23,0
DA:24,0
DA:31,1
DA:32,0
DA:35,1
DA:39,1
LF:14
LH:9
BRDA:4,1,0,0
BRDA:4,1,1,0
BRF:2
BRH:0
end_of_record
TN:
SF:/Users/craig/Developer/Public/paperclip.js/lib/paper/writers/text.js
FN:3,(anonymous_1)
FN:3,(anonymous_2)
FN:5,(anonymous_3)
FN:5,ctor
FN:7,(anonymous_5)
FN:10,TextWriter
FN:20,(anonymous_7)
FNF:7
FNH:7
FNDA:78,(anonymous_1)
FNDA:46,(anonymous_2)
FNDA:1,(anonymous_3)
FNDA:1,ctor
FNDA:1,(anonymous_5)
FNDA:78,TextWriter
FNDA:46,(anonymous_7)
DA:2,1
DA:3,78
DA:5,1
DA:7,1
DA:8,1
DA:10,1
DA:11,78
DA:12,78
DA:13,78
DA:20,1
DA:21,46
DA:22,46
DA:23,46
DA:24,46
DA:27,1
DA:31,1
LF:16
LH:16
BRDA:5,1,0,0
BRDA:5,1,1,0
BRDA:24,2,0,46
BRDA:24,2,1,46
BRF:4
BRH:2
end_of_record
TN:
SF:/Users/craig/Developer/Public/paperclip.js/lib/paper/writers/element.js
FN:3,(anonymous_1)
FN:3,(anonymous_2)
FN:5,(anonymous_3)
FN:5,ctor
FN:11,(anonymous_5)
FN:14,ElementWriter
FN:24,(anonymous_7)
FNF:7
FNH:7
FNDA:78,(anonymous_1)
FNDA:13,(anonymous_2)
FNDA:1,(anonymous_3)
FNDA:1,ctor
FNDA:1,(anonymous_5)
FNDA:78,ElementWriter
FNDA:13,(anonymous_7)
DA:2,1
DA:3,78
DA:5,1
DA:7,1
DA:9,1
DA:11,1
DA:12,1
DA:14,1
DA:15,78
DA:16,78
DA:17,78
DA:24,1
DA:25,13
DA:26,13
DA:27,0
DA:29,13
DA:30,13
DA:32,13
DA:33,13
DA:34,14
DA:35,14
DA:36,4
DA:39,13
DA:44,13
DA:45,0
DA:46,0
DA:48,13
DA:51,1
DA:55,1
LF:29
LH:26
BRDA:5,1,0,0
BRDA:5,1,1,0
BRDA:26,2,0,0
BRDA:26,2,1,13
BRDA:29,3,0,13
BRDA:29,3,1,0
BRDA:35,4,0,4
BRDA:35,4,1,10
BRDA:35,5,0,14
BRDA:35,5,1,13
BRF:10
BRH:6
end_of_record
TN:
SF:/Users/craig/Developer/Public/paperclip.js/lib/paper/bindings/node/factory.js
FN:13,(anonymous_1)
FN:14,NodeBindingFactory
FN:20,(anonymous_3)
FN:79,(anonymous_4)
FN:87,(anonymous_5)
FNF:5
FNH:5
FNDA:1,(anonymous_1)
FNDA:1,NodeBindingFactory
FNDA:13,(anonymous_3)
FNDA:4,(anonymous_4)
FNDA:7,(anonymous_5)
DA:2,1
DA:4,1
DA:6,1
DA:13,1
DA:14,1
DA:20,1
DA:21,13
DA:22,13
DA:23,13
DA:24,13
DA:25,13
DA:26,13
DA:41,13
DA:42,13
DA:43,14
DA:50,14
DA:58,13
DA:59,54
DA:60,54
DA:61,54
DA:62,23
DA:63,23
DA:64,12
DA:65,11
DA:67,12
DA:68,12
DA:72,13
DA:79,1
DA:80,4
DA:81,4
DA:82,4
DA:83,0
DA:85,4
DA:86,4
DA:87,2
DA:88,7
DA:91,4
DA:92,3
DA:94,4
DA:95,4
DA:98,1
DA:102,1
DA:104,1
DA:109,1
DA:110,2
DA:111,2
DA:112,2
DA:113,2
LF:48
LH:47
BRDA:60,1,0,54
BRDA:60,1,1,31
BRDA:63,2,0,12
BRDA:63,2,1,11
BRDA:64,3,0,11
BRDA:64,3,1,1
BRDA:81,4,0,4
BRDA:81,4,1,4
BRDA:82,5,0,0
BRDA:82,5,1,4
BRDA:86,6,0,2
BRDA:86,6,1,2
BRDA:91,7,0,3
BRDA:91,7,1,1
BRF:14
BRH:13
end_of_record
TN:
SF:/Users/craig/Developer/Public/paperclip.js/lib/paper/bindings/node/attrs/text/index.js
FN:3,(anonymous_1)
FN:3,(anonymous_2)
FN:5,(anonymous_3)
FN:5,ctor
FN:11,(anonymous_5)
FN:24,AttrTextBinding
FN:34,(anonymous_7)
FN:43,(anonymous_8)
FN:56,(anonymous_9)
FN:69,(anonymous_10)
FNF:10
FNH:9
FNDA:4,(anonymous_1)
FNDA:8,(anonymous_2)
FNDA:1,(anonymous_3)
FNDA:1,ctor
FNDA:1,(anonymous_5)
FNDA:4,AttrTextBinding
FNDA:4,(anonymous_7)
FNDA:0,(anonymous_8)
FNDA:8,(anonymous_9)
FNDA:14,(anonymous_10)
DA:2,1
DA:3,8
DA:5,1
DA:7,1
DA:9,1
DA:11,1
DA:12,1
DA:18,1
DA:24,1
DA:25,4
DA:26,4
DA:27,4
DA:34,1
DA:35,4
DA:36,4
DA:43,1
DA:44,0
DA:45,0
DA:46,0
DA:48,0
DA:49,0
DA:56,1
DA:57,8
DA:58,1
DA:59,1
DA:61,7
DA:62,7
DA:69,1
DA:70,14
DA:71,14
DA:72,0
DA:74,14
DA:75,14
DA:76,15
DA:77,15
DA:78,4
DA:81,10
DA:84,1
DA:88,1
LF:39
LH:33
BRDA:5,1,0,1
BRDA:5,1,1,0
BRDA:45,2,0,0
BRDA:45,2,1,0
BRDA:57,3,0,1
BRDA:57,3,1,7
BRDA:71,4,0,0
BRDA:71,4,1,14
BRDA:77,5,0,4
BRDA:77,5,1,11
BRF:10
BRH:6
end_of_record
TN:
SF:/Users/craig/Developer/Public/paperclip.js/lib/clip/buffer.js
FN:3,(anonymous_1)
FN:3,(anonymous_2)
FN:5,(anonymous_3)
FN:5,ctor
FN:16,(anonymous_5)
FN:20,ClippedBufferPart
FN:34,(anonymous_7)
FN:42,(anonymous_8)
FN:52,(anonymous_9)
FN:64,(anonymous_10)
FN:78,(anonymous_11)
FN:85,ClippedBuffer
FN:106,(anonymous_13)
FN:119,(anonymous_14)
FN:134,(anonymous_15)
FN:151,(anonymous_16)
FN:159,(anonymous_17)
FNF:17
FNH:14
FNDA:4,(anonymous_1)
FNDA:8,(anonymous_2)
FNDA:1,(anonymous_3)
FNDA:1,ctor
FNDA:1,(anonymous_5)
FNDA:4,ClippedBufferPart
FNDA:0,(anonymous_7)
FNDA:8,(anonymous_8)
FNDA:8,(anonymous_9)
FNDA:8,(anonymous_10)
FNDA:1,(anonymous_11)
FNDA:4,ClippedBuffer
FNDA:4,(anonymous_13)
FNDA:0,(anonymous_14)
FNDA:8,(anonymous_15)
FNDA:8,(anonymous_16)
FNDA:0,(anonymous_17)
DA:2,1
DA:3,8
DA:5,4
DA:7,1
DA:9,1
DA:16,1
DA:20,1
DA:21,4
DA:22,4
DA:23,4
DA:24,4
DA:27,4
DA:34,1
DA:35,0
DA:42,1
DA:43,8
DA:44,8
DA:45,8
DA:52,1
DA:53,8
DA:54,8
DA:55,4
DA:57,4
DA:64,1
DA:65,8
DA:66,8
DA:69,1
DA:78,1
DA:79,1
DA:85,1
DA:86,4
DA:87,4
DA:88,4
DA:89,4
DA:90,4
DA:91,4
DA:92,5
DA:93,5
DA:94,4
DA:95,4
DA:97,1
DA:106,1
DA:107,4
DA:108,0
DA:110,4
DA:111,4
DA:112,4
DA:119,1
DA:120,0
DA:121,0
DA:122,0
DA:123,0
DA:124,0
DA:126,0
DA:134,1
DA:135,8
DA:136,8
DA:137,8
DA:138,8
DA:139,8
DA:140,8
DA:142,8
DA:143,8
DA:151,1
DA:152,8
DA:159,1
DA:160,0
DA:163,1
DA:167,1
LF:69
LH:60
BRDA:5,1,0,4
BRDA:5,1,1,0
BRDA:54,2,0,4
BRDA:54,2,1,4
BRDA:66,3,0,7
BRDA:66,3,1,1
BRDA:93,4,0,4
BRDA:93,4,1,1
BRDA:107,5,0,0
BRDA:107,5,1,4
BRF:10
BRH:8
end_of_record
TN:
SF:/Users/craig/Developer/Public/paperclip.js/lib/paper/bindings/node/base/index.js
FN:4,(anonymous_1)
FN:4,ctor
FN:6,(anonymous_3)
FN:13,BaseNodeBinding
FN:24,(anonymous_5)
FN:32,(anonymous_6)
FNF:6
FNH:5
FNDA:1,(anonymous_1)
FNDA:1,ctor
FNDA:1,(anonymous_3)
FNDA:12,BaseNodeBinding
FNDA:2,(anonymous_5)
FNDA:0,(anonymous_6)
DA:2,1
DA:4,1
DA:6,1
DA:7,1
DA:13,1
DA:14,12
DA:15,12
DA:16,12
DA:17,12
DA:24,1
DA:25,2
DA:32,1
DA:34,1
DA:38,1
LF:14
LH:14
BRDA:4,1,0,0
BRDA:4,1,1,0
BRDA:14,2,0,12
BRDA:14,2,1,0
BRF:4
BRH:1
end_of_record
TN:
SF:/Users/craig/Developer/Public/paperclip.js/lib/paper/bindings/node/attrs/dataBind/index.js
FN:4,(anonymous_1)
FN:4,ctor
FN:42,(anonymous_3)
FN:55,AttrDataBinding
FN:78,(anonymous_5)
FN:88,(anonymous_6)
FN:99,(anonymous_7)
FNF:7
FNH:6
FNDA:1,(anonymous_1)
FNDA:1,ctor
FNDA:1,(anonymous_3)
FNDA:6,AttrDataBinding
FNDA:6,(anonymous_5)
FNDA:0,(anonymous_6)
FNDA:1,(anonymous_7)
DA:2,1
DA:4,1
DA:6,1
DA:8,1
DA:10,1
DA:42,1
DA:43,1
DA:49,1
DA:55,1
DA:56,6
DA:57,6
DA:58,6
DA:63,6
DA:64,6
DA:65,6
DA:66,6
DA:67,6
DA:68,0
DA:70,6
DA:78,1
DA:79,6
DA:80,6
DA:81,6
DA:88,1
DA:89,0
DA:90,0
DA:93,1
DA:97,1
DA:99,1
DA:100,1
LF:30
LH:27
BRDA:4,1,0,1
BRDA:4,1,1,0
BRDA:67,2,0,0
BRDA:67,2,1,6
BRF:4
BRH:2
end_of_record
TN:
SF:/Users/craig/Developer/Public/paperclip.js/lib/paper/bindings/node/attrs/dataBind/handlers/show.js
FN:4,(anonymous_1)
FN:4,ctor
FN:6,(anonymous_3)
FN:9,ShowAttrBinding
FN:18,(anonymous_5)
FN:27,(anonymous_6)
FN:35,(anonymous_7)
FNF:7
FNH:7
FNDA:1,(anonymous_1)
FNDA:1,ctor
FNDA:1,(anonymous_3)
FNDA:2,ShowAttrBinding
FNDA:2,(anonymous_5)
FNDA:3,(anonymous_6)
FNDA:3,(anonymous_7)
DA:2,1
DA:4,1
DA:6,1
DA:7,1
DA:9,1
DA:10,2
DA:11,2
DA:18,1
DA:19,2
DA:20,2
DA:27,1
DA:28,3
DA:35,1
DA:36,3
DA:39,1
DA:43,1
LF:16
LH:16
BRDA:4,1,0,1
BRDA:4,1,1,0
BRDA:36,2,0,2
BRDA:36,2,1,1
BRF:4
BRH:3
end_of_record
TN:
SF:/Users/craig/Developer/Public/paperclip.js/lib/paper/bindings/node/attrs/dataBind/handlers/base.js
FN:4,(anonymous_1)
FN:4,ctor
FN:6,(anonymous_3)
FN:13,BaseDataBindHandler
FNF:4
FNH:4
FNDA:1,(anonymous_1)
FNDA:1,ctor
FNDA:1,(anonymous_3)
FNDA:6,BaseDataBindHandler
DA:2,1
DA:4,1
DA:6,1
DA:7,1
DA:13,1
DA:14,6
DA:15,6
DA:16,6
DA:17,6
DA:20,1
DA:24,1
LF:11
LH:11
BRDA:4,1,0,1
BRDA:4,1,1,0
BRF:2
BRH:1
end_of_record
TN:
SF:/Users/craig/Developer/Public/paperclip.js/lib/paper/bindings/node/attrs/dataBind/handlers/css.js
FN:3,(anonymous_1)
FN:3,(anonymous_2)
FN:5,(anonymous_3)
FN:5,ctor
FN:7,(anonymous_5)
FN:10,CssAttrBinding
FN:20,(anonymous_7)
FNF:7
FNH:7
FNDA:1,(anonymous_1)
FNDA:3,(anonymous_2)
FNDA:1,(anonymous_3)
FNDA:1,ctor
FNDA:1,(anonymous_5)
FNDA:1,CssAttrBinding
FNDA:3,(anonymous_7)
DA:2,1
DA:3,3
DA:5,1
DA:7,1
DA:8,1
DA:10,1
DA:11,1
DA:12,1
DA:13,1
DA:20,1
DA:21,3
DA:22,3
DA:23,3
DA:24,9
DA:25,9
DA:26,9
DA:27,7
DA:28,3
DA:30,2
DA:31,1
DA:34,3
DA:37,1
DA:41,1
LF:23
LH:23
BRDA:5,1,0,1
BRDA:5,1,1,0
BRDA:22,2,0,3
BRDA:22,2,1,1
BRDA:22,3,0,2
BRDA:22,3,1,1
BRDA:26,4,0,7
BRDA:26,4,1,2
BRDA:27,5,0,3
BRDA:27,5,1,4
BRDA:30,6,0,1
BRDA:30,6,1,1
BRF:12
BRH:11
end_of_record
TN:
SF:/Users/craig/Developer/Public/paperclip.js/lib/paper/bindings/node/attrs/dataBind/handlers/style.js
FN:4,(anonymous_1)
FN:4,ctor
FN:6,(anonymous_3)
FN:9,StyleDecor
FN:18,(anonymous_5)
FN:27,(anonymous_6)
FNF:6
FNH:6
FNDA:1,(anonymous_1)
FNDA:1,ctor
FNDA:1,(anonymous_3)
FNDA:1,StyleDecor
FNDA:1,(anonymous_5)
FNDA:4,(anonymous_6)
DA:2,1
DA:4,1
DA:6,1
DA:7,1
DA:9,1
DA:10,1
DA:11,1
DA:18,1
DA:19,1
DA:20,1
DA:27,1
DA:28,4
DA:29,4
DA:30,4
DA:31,4
DA:32,8
DA:33,8
DA:34,5
DA:37,4
DA:38,4
DA:39,5
DA:42,0
DA:46,1
DA:50,1
LF:24
LH:23
BRDA:4,1,0,1
BRDA:4,1,1,0
BRDA:33,2,0,5
BRDA:33,2,1,3
BRDA:34,3,0,5
BRDA:34,3,1,3
BRDA:37,4,0,4
BRDA:37,4,1,0
BRF:8
BRH:6
end_of_record
TN:
SF:/Users/craig/Developer/Public/paperclip.js/lib/paper/bindings/node/attrs/dataBind/handlers/disable.js
FN:8,(anonymous_1)
FN:8,ctor
FN:10,(anonymous_3)
FN:13,DisableAttrBinding
FN:22,(anonymous_5)
FNF:5
FNH:5
FNDA:1,(anonymous_1)
FNDA:1,ctor
FNDA:1,(anonymous_3)
FNDA:1,DisableAttrBinding
FNDA:2,(anonymous_5)
DA:6,1
DA:8,1
DA:10,1
DA:11,1
DA:13,1
DA:14,1
DA:15,1
DA:22,1
DA:23,2
DA:24,1
DA:26,1
DA:30,1
DA:34,1
LF:13
LH:13
BRDA:8,1,0,1
BRDA:8,1,1,0
BRDA:23,2,0,1
BRDA:23,2,1,1
BRF:4
BRH:3
end_of_record
TN:
SF:/Users/craig/Developer/Public/paperclip.js/lib/paper/bindings/node/attrs/dataBind/handlers/enable.js
FN:4,(anonymous_1)
FN:4,ctor
FN:6,(anonymous_3)
FN:9,EnableAttrBinding
FN:18,(anonymous_5)
FNF:5
FNH:3
FNDA:1,(anonymous_1)
FNDA:1,ctor
FNDA:1,(anonymous_3)
FNDA:0,EnableAttrBinding
FNDA:0,(anonymous_5)
DA:2,1
DA:4,1
DA:6,1
DA:7,1
DA:9,1
DA:10,0
DA:11,0
DA:18,1
DA:19,0
DA:20,0
DA:22,0
DA:26,1
DA:30,1
LF:13
LH:8
BRDA:4,1,0,1
BRDA:4,1,1,0
BRDA:19,2,0,0
BRDA:19,2,1,0
BRF:4
BRH:1
end_of_record
TN:
SF:/Users/craig/Developer/Public/paperclip.js/lib/paper/bindings/node/attrs/dataBind/handlers/value.js
FN:3,(anonymous_1)
FN:3,(anonymous_2)
FN:5,(anonymous_3)
FN:5,ctor
FN:18,(anonymous_5)
FN:21,ValueAttrBinding
FN:33,(anonymous_7)
FN:43,(anonymous_8)
FN:47,(anonymous_9)
FN:65,(anonymous_10)
FN:74,(anonymous_11)
FN:82,(anonymous_12)
FN:107,(anonymous_13)
FNF:13
FNH:3
FNDA:0,(anonymous_1)
FNDA:0,(anonymous_2)
FNDA:1,(anonymous_3)
FNDA:1,ctor
FNDA:1,(anonymous_5)
FNDA:0,ValueAttrBinding
FNDA:0,(anonymous_7)
FNDA:0,(anonymous_8)
FNDA:0,(anonymous_9)
FNDA:0,(anonymous_10)
FNDA:0,(anonymous_11)
FNDA:0,(anonymous_12)
FNDA:0,(anonymous_13)
DA:2,1
DA:3,0
DA:5,1
DA:7,1
DA:9,1
DA:11,1
DA:18,1
DA:19,1
DA:21,1
DA:22,0
DA:23,0
DA:24,0
DA:25,0
DA:26,0
DA:33,1
DA:34,0
DA:35,0
DA:36,0
DA:43,1
DA:44,0
DA:45,0
DA:46,0
DA:47,0
DA:48,0
DA:49,0
DA:50,0
DA:51,0
DA:52,0
DA:53,0
DA:54,0
DA:55,0
DA:65,1
DA:66,0
DA:67,0
DA:74,1
DA:75,0
DA:82,1
DA:83,0
DA:84,0
DA:85,0
DA:87,0
DA:88,0
DA:89,0
DA:90,0
DA:92,0
DA:95,0
DA:96,0
DA:97,0
DA:99,0
DA:107,1
DA:108,0
DA:109,0
DA:110,0
DA:111,0
DA:112,0
DA:114,0
DA:117,0
DA:118,0
DA:120,0
DA:124,1
DA:128,1
LF:61
LH:16
BRDA:5,1,0,1
BRDA:5,1,1,0
BRDA:50,2,0,0
BRDA:50,2,1,0
BRDA:67,3,0,0
BRDA:67,3,1,0
BRDA:84,4,0,0
BRDA:84,4,1,0
BRDA:87,5,0,0
BRDA:87,5,1,0
BRDA:88,6,0,0
BRDA:88,6,1,0
BRDA:89,7,0,0
BRDA:89,7,1,0
BRDA:96,8,0,0
BRDA:96,8,1,0
BRDA:110,9,0,0
BRDA:110,9,1,0
BRDA:111,10,0,0
BRDA:111,10,1,0
BRDA:117,11,0,0
BRDA:117,11,1,0
BRF:22
BRH:1
end_of_record
TN:
SF:/Users/craig/Developer/Public/paperclip.js/lib/paper/bindings/node/attrs/dataBind/handlers/change.js
FN:3,(anonymous_1)
FN:3,(anonymous_2)
FN:5,(anonymous_3)
FN:5,ctor
FN:7,(anonymous_5)
FN:10,ChangeAttrBinding
FN:38,(anonymous_7)
FN:47,(anonymous_8)
FNF:8
FNH:3
FNDA:0,(anonymous_1)
FNDA:0,(anonymous_2)
FNDA:1,(anonymous_3)
FNDA:1,ctor
FNDA:1,(anonymous_5)
FNDA:0,ChangeAttrBinding
FNDA:0,(anonymous_7)
FNDA:0,(anonymous_8)
DA:2,1
DA:3,0
DA:5,1
DA:7,1
DA:8,1
DA:10,1
DA:11,0
DA:12,0
DA:13,0
DA:20,1
DA:26,1
DA:32,1
DA:38,1
DA:39,0
DA:40,0
DA:47,1
DA:48,0
DA:51,1
DA:55,1
LF:19
LH:12
BRDA:5,1,0,1
BRDA:5,1,1,0
BRF:2
BRH:1
end_of_record
TN:
SF:/Users/craig/Developer/Public/paperclip.js/lib/paper/bindings/node/attrs/dataBind/handlers/event.js
FN:3,(anonymous_1)
FN:3,(anonymous_2)
FN:5,(anonymous_3)
FN:5,ctor
FN:7,(anonymous_5)
FN:10,EventDecor
FN:38,(anonymous_7)
FN:70,(anonymous_8)
FN:79,(anonymous_9)
FN:97,(anonymous_10)
FNF:10
FNH:3
FNDA:0,(anonymous_1)
FNDA:0,(anonymous_2)
FNDA:1,(anonymous_3)
FNDA:1,ctor
FNDA:1,(anonymous_5)
FNDA:0,EventDecor
FNDA:0,(anonymous_7)
FNDA:0,(anonymous_8)
FNDA:0,(anonymous_9)
FNDA:0,(anonymous_10)
DA:2,1
DA:3,0
DA:5,1
DA:7,1
DA:8,1
DA:10,1
DA:11,0
DA:12,0
DA:13,0
DA:20,1
DA:26,1
DA:32,1
DA:38,1
DA:39,0
DA:40,0
DA:41,0
DA:42,0
DA:43,0
DA:44,0
DA:46,0
DA:47,0
DA:49,0
DA:50,0
DA:51,0
DA:53,0
DA:54,0
DA:55,0
DA:56,0
DA:57,0
DA:58,0
DA:59,0
DA:60,0
DA:63,0
DA:70,1
DA:71,0
DA:72,0
DA:79,1
DA:80,0
DA:81,0
DA:83,0
DA:84,0
DA:86,0
DA:87,0
DA:89,0
DA:90,0
DA:97,1
DA:98,0
DA:101,1
DA:105,1
LF:49
LH:14
BRDA:5,1,0,1
BRDA:5,1,1,0
BRDA:41,2,0,0
BRDA:41,2,1,0
BRDA:43,3,0,0
BRDA:43,3,1,0
BRDA:46,4,0,0
BRDA:46,4,1,0
BRDA:49,5,0,0
BRDA:49,5,1,0
BRDA:49,6,0,0
BRDA:49,6,1,0
BRDA:49,6,2,0
BRDA:49,6,3,0
BRDA:59,7,0,0
BRDA:59,7,1,0
BRDA:59,8,0,0
BRDA:59,8,1,0
BRDA:59,8,2,0
BRDA:80,9,0,0
BRDA:80,9,1,0
BRDA:80,10,0,0
BRDA:80,10,1,0
BRDA:83,11,0,0
BRDA:83,11,1,0
BRDA:83,12,0,0
BRDA:83,12,1,0
BRDA:86,13,0,0
BRDA:86,13,1,0
BRF:29
BRH:1
end_of_record
TN:
SF:/Users/craig/Developer/Public/paperclip.js/lib/paper/bindings/node/attrs/dataBind/handlers/model.js
FN:3,(anonymous_1)
FN:3,(anonymous_2)
FN:5,(anonymous_3)
FN:5,ctor
FN:15,(anonymous_5)
FN:18,ModelAttrBinding
FN:31,(anonymous_7)
FN:42,(anonymous_8)
FN:46,(anonymous_9)
FN:73,(anonymous_10)
FN:87,(anonymous_11)
FN:105,(anonymous_12)
FN:113,(anonymous_13)
FN:132,(anonymous_14)
FN:160,(anonymous_15)
FN:168,(anonymous_16)
FNF:16
FNH:3
FNDA:0,(anonymous_1)
FNDA:0,(anonymous_2)
FNDA:1,(anonymous_3)
FNDA:1,ctor
FNDA:1,(anonymous_5)
FNDA:0,ModelAttrBinding
FNDA:0,(anonymous_7)
FNDA:0,(anonymous_8)
FNDA:0,(anonymous_9)
FNDA:0,(anonymous_10)
FNDA:0,(anonymous_11)
FNDA:0,(anonymous_12)
FNDA:0,(anonymous_13)
FNDA:0,(anonymous_14)
FNDA:0,(anonymous_15)
FNDA:0,(anonymous_16)
DA:2,1
DA:3,0
DA:5,1
DA:7,1
DA:9,1
DA:11,1
DA:13,1
DA:15,1
DA:16,1
DA:18,1
DA:19,0
DA:20,0
DA:21,0
DA:22,0
DA:23,0
DA:24,0
DA:31,1
DA:32,0
DA:33,0
DA:34,0
DA:35,0
DA:42,1
DA:43,0
DA:44,0
DA:45,0
DA:46,0
DA:47,0
DA:48,0
DA:49,0
DA:50,0
DA:51,0
DA:52,0
DA:53,0
DA:54,0
DA:55,0
DA:57,0
DA:58,0
DA:59,0
DA:60,0
DA:62,0
DA:73,1
DA:74,0
DA:75,0
DA:76,0
DA:77,0
DA:79,0
DA:80,0
DA:87,1
DA:88,0
DA:89,0
DA:90,0
DA:91,0
DA:92,0
DA:94,0
DA:95,0
DA:96,0
DA:97,0
DA:105,1
DA:106,0
DA:113,1
DA:114,0
DA:115,0
DA:116,0
DA:118,0
DA:119,0
DA:121,0
DA:122,0
DA:124,0
DA:132,1
DA:133,0
DA:134,0
DA:135,0
DA:137,0
DA:138,0
DA:139,0
DA:140,0
DA:142,0
DA:145,0
DA:146,0
DA:148,0
DA:149,0
DA:150,0
DA:152,0
DA:160,1
DA:161,0
DA:168,1
DA:169,0
DA:170,0
DA:171,0
DA:172,0
DA:173,0
DA:174,0
DA:175,0
DA:177,0
DA:180,0
DA:181,0
DA:182,0
DA:183,0
DA:186,0
DA:189,0
DA:193,1
DA:197,1
LF:102
LH:20
BRDA:5,1,0,1
BRDA:5,1,1,0
BRDA:52,2,0,0
BRDA:52,2,1,0
BRDA:53,3,0,0
BRDA:53,3,1,0
BRDA:53,4,0,0
BRDA:53,4,1,0
BRDA:54,5,0,0
BRDA:54,5,1,0
BRDA:58,6,0,0
BRDA:58,6,1,0
BRDA:59,7,0,0
BRDA:59,7,1,0
BRDA:76,8,0,0
BRDA:76,8,1,0
BRDA:91,9,0,0
BRDA:91,9,1,0
BRDA:94,10,0,0
BRDA:94,10,1,0
BRDA:95,11,0,0
BRDA:95,11,1,0
BRDA:96,12,0,0
BRDA:96,12,1,0
BRDA:115,13,0,0
BRDA:115,13,1,0
BRDA:115,14,0,0
BRDA:115,14,1,0
BRDA:118,15,0,0
BRDA:118,15,1,0
BRDA:121,16,0,0
BRDA:121,16,1,0
BRDA:121,17,0,0
BRDA:121,17,1,0
BRDA:121,17,2,0
BRDA:134,18,0,0
BRDA:134,18,1,0
BRDA:137,19,0,0
BRDA:137,19,1,0
BRDA:138,20,0,0
BRDA:138,20,1,0
BRDA:139,21,0,0
BRDA:139,21,1,0
BRDA:145,22,0,0
BRDA:145,22,1,0
BRDA:149,23,0,0
BRDA:149,23,1,0
BRDA:172,24,0,0
BRDA:172,24,1,0
BRDA:173,25,0,0
BRDA:173,25,1,0
BRDA:174,26,0,0
BRDA:174,26,1,0
BRDA:180,27,0,0
BRDA:180,27,1,0
BRDA:181,28,0,0
BRDA:181,28,1,0
BRDA:182,29,0,0
BRDA:182,29,1,0
BRF:59
BRH:1
end_of_record
TN:
SF:/Users/craig/Developer/Public/paperclip.js/lib/paper/bindings/node/attrs/dataBind/handlers/enter.js
FN:3,(anonymous_1)
FN:3,(anonymous_2)
FN:5,(anonymous_3)
FN:5,ctor
FN:7,(anonymous_5)
FN:10,EnterAttrBinding
FN:32,(anonymous_7)
FNF:7
FNH:3
FNDA:0,(anonymous_1)
FNDA:0,(anonymous_2)
FNDA:1,(anonymous_3)
FNDA:1,ctor
FNDA:1,(anonymous_5)
FNDA:0,EnterAttrBinding
FNDA:0,(anonymous_7)
DA:2,1
DA:3,0
DA:5,1
DA:7,1
DA:8,1
DA:10,1
DA:11,0
DA:12,0
DA:13,0
DA:20,1
DA:26,1
DA:32,1
DA:33,0
DA:34,0
DA:36,0
DA:39,1
DA:43,1
LF:17
LH:10
BRDA:5,1,0,1
BRDA:5,1,1,0
BRDA:33,2,0,0
BRDA:33,2,1,0
BRF:4
BRH:1
end_of_record
TN:
SF:/Users/craig/Developer/Public/paperclip.js/lib/paper/bindings/node/attrs/dataBind/handlers/delete.js
FN:3,(anonymous_1)
FN:3,(anonymous_2)
FN:5,(anonymous_3)
FN:5,ctor
FN:7,(anonymous_5)
FN:10,DeleteAttrBinding
FN:32,(anonymous_7)
FNF:7
FNH:3
FNDA:0,(anonymous_1)
FNDA:0,(anonymous_2)
FNDA:1,(anonymous_3)
FNDA:1,ctor
FNDA:1,(anonymous_5)
FNDA:0,DeleteAttrBinding
FNDA:0,(anonymous_7)
DA:2,1
DA:3,0
DA:5,1
DA:7,1
DA:8,1
DA:10,1
DA:11,0
DA:12,0
DA:13,0
DA:20,1
DA:26,1
DA:32,1
DA:33,0
DA:34,0
DA:35,0
DA:37,0
DA:40,1
DA:44,1
LF:18
LH:10
BRDA:5,1,0,1
BRDA:5,1,1,0
BRDA:34,2,0,0
BRDA:34,2,1,0
BRF:4
BRH:1
end_of_record
TN:
SF:/Users/craig/Developer/Public/paperclip.js/lib/paper/writers/parse.js
FN:3,(anonymous_1)
FN:3,(anonymous_2)
FN:5,(anonymous_3)
FN:5,ctor
FN:7,(anonymous_5)
FN:10,ParseWriter
FN:20,(anonymous_7)
FNF:7
FNH:5
FNDA:78,(anonymous_1)
FNDA:0,(anonymous_2)
FNDA:1,(anonymous_3)
FNDA:1,ctor
FNDA:1,(anonymous_5)
FNDA:78,ParseWriter
FNDA:0,(anonymous_7)
DA:2,1
DA:3,78
DA:5,1
DA:7,1
DA:8,1
DA:10,1
DA:11,78
DA:12,78
DA:13,78
DA:20,1
DA:21,0
DA:22,0
DA:23,0
DA:24,0
DA:26,0
DA:28,0
DA:31,1
DA:35,1
LF:18
LH:12
BRDA:5,1,0,0
BRDA:5,1,1,0
BRDA:22,2,0,0
BRDA:22,2,1,0
BRF:4
BRH:0
end_of_record
TN:
SF:/Users/craig/Developer/Public/paperclip.js/lib/paper/bindings/index.js
FNF:0
FNH:0
DA:2,1
LF:1
LH:1
BRF:0
BRH:0
end_of_record
TN:
SF:/Users/craig/Developer/Public/paperclip.js/lib/browser.js
FNF:0
FNH:0
DA:2,1
DA:4,1
DA:6,1
DA:8,1
DA:10,1
DA:11,0
LF:6
LH:5
BRDA:10,1,0,0
BRDA:10,1,1,1
BRF:2
BRH:1
end_of_record
TN:
SF:/Users/craig/Developer/Public/paperclip.js/lib/translate/index.js
FN:6,(anonymous_1)
FN:16,(anonymous_2)
FNF:2
FNH:2
FNDA:61,(anonymous_1)
FNDA:66,(anonymous_2)
DA:2,1
DA:4,1
DA:6,1
DA:7,61
DA:8,61
DA:10,61
DA:11,61
DA:14,1
DA:16,1
DA:17,66
DA:18,66
DA:21,66
DA:22,5
DA:24,61
DA:25,0
DA:27,61
DA:28,61
DA:30,61
DA:31,61
DA:34,1
DA:35,0
DA:36,0
DA:37,0
LF:23
LH:19
BRDA:7,1,0,61
BRDA:7,1,1,0
BRDA:21,2,0,5
BRDA:21,2,1,61
BRDA:24,3,0,0
BRDA:24,3,1,61
BRDA:27,4,0,61
BRDA:27,4,1,0
BRDA:34,5,0,0
BRDA:34,5,1,1
BRDA:34,6,0,0
BRDA:34,6,1,1
BRDA:34,7,0,1
BRDA:34,7,1,0
BRF:14
BRH:8
end_of_record
TN:
SF:/Users/craig/Developer/Public/paperclip.js/lib/translate/template/parser.js
FN:4,(anonymous_1)
FN:4,ctor
FN:36,(anonymous_3)
FN:43,Parser
FN:52,(anonymous_5)
FN:70,(anonymous_6)
FN:90,(anonymous_7)
FN:101,(anonymous_8)
FN:125,(anonymous_9)
FN:148,(anonymous_10)
FN:176,(anonymous_11)
FN:190,(anonymous_12)
FN:203,(anonymous_13)
FN:211,(anonymous_14)
FN:231,(anonymous_15)
FN:251,(anonymous_16)
FN:265,(anonymous_17)
FN:273,(anonymous_18)
FN:294,(anonymous_19)
FN:302,(anonymous_20)
FNF:20
FNH:19
FNDA:1,(anonymous_1)
FNDA:1,ctor
FNDA:1,(anonymous_3)
FNDA:1,Parser
FNDA:61,(anonymous_5)
FNDA:77,(anonymous_6)
FNDA:0,(anonymous_7)
FNDA:13,(anonymous_8)
FNDA:13,(anonymous_9)
FNDA:10,(anonymous_10)
FNDA:14,(anonymous_11)
FNDA:14,(anonymous_12)
FNDA:59,(anonymous_13)
FNDA:59,(anonymous_14)
FNDA:14,(anonymous_15)
FNDA:42,(anonymous_16)
FNDA:37,(anonymous_17)
FNDA:8,(anonymous_18)
FNDA:45,(anonymous_19)
FNDA:63,(anonymous_20)
DA:2,1
DA:4,1
DA:6,1
DA:8,1
DA:10,1
DA:12,1
DA:14,1
DA:16,1
DA:18,1
DA:20,1
DA:22,1
DA:24,1
DA:26,1
DA:28,1
DA:30,1
DA:32,1
DA:34,1
DA:36,1
DA:37,1
DA:43,1
DA:44,1
DA:45,1
DA:52,1
DA:53,61
DA:54,61
DA:55,61
DA:56,61
DA:57,61
DA:58,69
DA:59,69
DA:60,69
DA:63,61
DA:70,1
DA:71,77
DA:72,77
DA:73,0
DA:75,77
DA:76,13
DA:77,64
DA:78,5
DA:79,59
DA:80,0
DA:82,59
DA:90,1
DA:91,0
DA:92,0
DA:93,0
DA:94,0
DA:101,1
DA:102,13
DA:103,13
DA:104,13
DA:105,13
DA:106,13
DA:107,12
DA:108,10
DA:109,10
DA:110,10
DA:111,2
DA:112,2
DA:113,2
DA:115,0
DA:118,13
DA:125,1
DA:126,13
DA:127,13
DA:128,13
DA:129,38
DA:130,12
DA:132,26
DA:133,12
DA:134,12
DA:136,14
DA:138,13
DA:139,1
DA:141,12
DA:148,1
DA:149,10
DA:150,10
DA:151,10
DA:152,10
DA:153,10
DA:154,0
DA:156,10
DA:157,10
DA:158,10
DA:159,10
DA:161,0
DA:163,10
DA:164,0
DA:166,10
DA:167,10
DA:169,0
DA:176,1
DA:177,14
DA:178,14
DA:179,14
DA:180,14
DA:181,14
DA:183,14
DA:190,1
DA:191,14
DA:192,14
DA:193,14
DA:194,14
DA:195,14
DA:196,14
DA:203,1
DA:204,59
DA:211,1
DA:212,59
DA:213,59
DA:214,59
DA:215,82
DA:216,45
DA:218,37
DA:219,37
DA:220,37
DA:224,59
DA:231,1
DA:232,14
DA:233,14
DA:234,14
DA:235,15
DA:236,10
DA:238,5
DA:239,5
DA:240,5
DA:244,14
DA:251,1
DA:252,42
DA:253,42
DA:254,42
DA:255,123
DA:256,123
DA:258,42
DA:265,1
DA:266,37
DA:273,1
DA:274,8
DA:275,8
DA:276,8
DA:277,8
DA:278,8
DA:280,8
DA:281,8
DA:282,3
DA:283,3
DA:285,5
DA:287,8
DA:294,1
DA:295,45
DA:302,1
DA:303,63
DA:304,63
DA:305,63
DA:306,63
DA:307,471
DA:308,471
DA:310,63
DA:311,3
DA:313,63
DA:314,63
DA:315,63
DA:318,1
DA:322,1
LF:166
LH:155
BRDA:4,1,0,0
BRDA:4,1,1,0
BRDA:59,2,0,69
BRDA:59,2,1,0
BRDA:72,3,0,0
BRDA:72,3,1,77
BRDA:75,4,0,13
BRDA:75,4,1,64
BRDA:77,5,0,5
BRDA:77,5,1,59
BRDA:79,6,0,0
BRDA:79,6,1,59
BRDA:106,7,0,13
BRDA:106,7,1,12
BRDA:107,8,0,10
BRDA:107,8,1,2
BRDA:111,9,0,2
BRDA:111,9,1,0
BRDA:129,10,0,12
BRDA:129,10,1,26
BRDA:132,11,0,12
BRDA:132,11,1,14
BRDA:138,12,0,1
BRDA:138,12,1,12
BRDA:152,13,0,10
BRDA:152,13,1,10
BRDA:153,14,0,0
BRDA:153,14,1,10
BRDA:156,15,0,10
BRDA:156,15,1,0
BRDA:163,16,0,0
BRDA:163,16,1,10
BRDA:166,17,0,10
BRDA:166,17,1,0
BRDA:179,18,0,14
BRDA:179,18,1,0
BRDA:214,19,0,141
BRDA:214,19,1,129
BRDA:215,20,0,45
BRDA:215,20,1,37
BRDA:219,21,0,37
BRDA:219,21,1,0
BRDA:234,22,0,29
BRDA:234,22,1,16
BRDA:235,23,0,10
BRDA:235,23,1,5
BRDA:239,24,0,5
BRDA:239,24,1,0
BRDA:254,25,0,165
BRDA:254,25,1,134
BRDA:277,26,0,16
BRDA:277,26,1,8
BRDA:281,27,0,3
BRDA:281,27,1,5
BRDA:306,28,0,534
BRDA:306,28,1,472
BRDA:310,29,0,3
BRDA:310,29,1,60
BRF:58
BRH:45
end_of_record
TN:
SF:/Users/craig/Developer/Public/paperclip.js/lib/translate/base/parser.js
FN:4,(anonymous_1)
FN:8,Parser
FN:16,(anonymous_3)
FN:26,(anonymous_4)
FN:32,(anonymous_5)
FN:42,(anonymous_6)
FN:52,(anonymous_7)
FN:61,(anonymous_8)
FN:72,(anonymous_9)
FN:81,(anonymous_10)
FN:90,(anonymous_11)
FN:99,(anonymous_12)
FN:104,(anonymous_13)
FN:114,(anonymous_14)
FNF:14
FNH:10
FNDA:1,(anonymous_1)
FNDA:2,Parser
FNDA:124,(anonymous_3)
FNDA:0,(anonymous_4)
FNDA:5,(anonymous_5)
FNDA:14,(anonymous_6)
FNDA:1187,(anonymous_7)
FNDA:28,(anonymous_8)
FNDA:0,(anonymous_9)
FNDA:45,(anonymous_10)
FNDA:1461,(anonymous_11)
FNDA:770,(anonymous_12)
FNDA:0,(anonymous_13)
FNDA:0,(anonymous_14)
DA:2,1
DA:4,1
DA:8,1
DA:9,2
DA:16,1
DA:17,124
DA:18,124
DA:19,124
DA:26,1
DA:32,1
DA:33,5
DA:34,0
DA:42,1
DA:43,14
DA:44,0
DA:52,1
DA:53,1187
DA:54,1187
DA:61,1
DA:62,28
DA:63,4
DA:65,28
DA:72,1
DA:73,0
DA:74,0
DA:81,1
DA:82,45
DA:83,45
DA:90,1
DA:91,1461
DA:92,1461
DA:99,1
DA:100,770
DA:101,770
DA:104,1
DA:105,0
DA:106,0
DA:107,0
DA:109,0
DA:110,0
DA:111,0
DA:114,1
DA:115,0
DA:116,0
DA:117,0
DA:118,0
DA:119,0
DA:120,0
DA:121,0
DA:123,0
DA:125,0
DA:127,0
DA:128,0
DA:131,1
DA:135,1
LF:55
LH:34
BRDA:33,1,0,0
BRDA:33,1,1,5
BRDA:43,2,0,0
BRDA:43,2,1,14
BRDA:54,3,0,1060
BRDA:54,3,1,127
BRDA:83,4,0,44
BRDA:83,4,1,1
BRDA:92,5,0,1309
BRDA:92,5,1,152
BRDA:101,6,0,770
BRDA:101,6,1,0
BRDA:106,7,0,0
BRDA:106,7,1,0
BRDA:119,8,0,0
BRDA:119,8,1,0
BRDA:119,9,0,0
BRDA:119,9,1,0
BRDA:120,10,0,0
BRDA:120,10,1,0
BRDA:120,11,0,0
BRDA:120,11,1,0
BRF:22
BRH:9
end_of_record
TN:
SF:/Users/craig/Developer/Public/paperclip.js/lib/translate/template/tokenizer.js
FN:4,(anonymous_1)
FN:4,ctor
FN:15,(anonymous_3)
FN:16,Codes
FN:64,(anonymous_5)
FN:77,Tokenizer
FN:86,(anonymous_7)
FNF:7
FNH:6
FNDA:1,(anonymous_1)
FNDA:1,ctor
FNDA:1,(anonymous_3)
FNDA:0,Codes
FNDA:1,(anonymous_5)
FNDA:1,Tokenizer
FNDA:848,(anonymous_7)
DA:2,1
DA:4,1
DA:6,1
DA:15,1
DA:16,1
DA:18,1
DA:20,1
DA:22,1
DA:24,1
DA:26,1
DA:28,1
DA:30,1
DA:32,1
DA:34,1
DA:36,1
DA:38,1
DA:40,1
DA:42,1
DA:44,1
DA:46,1
DA:48,1
DA:50,1
DA:52,1
DA:54,1
DA:56,1
DA:58,1
DA:60,1
DA:64,1
DA:65,1
DA:71,1
DA:77,1
DA:78,1
DA:79,1
DA:86,1
DA:87,848
DA:88,848
DA:89,209
DA:91,639
DA:92,23
DA:93,0
DA:94,0
DA:95,0
DA:96,0
DA:97,0
DA:98,0
DA:99,0
DA:100,0
DA:103,0
DA:104,0
DA:106,0
DA:108,23
DA:109,0
DA:110,0
DA:111,0
DA:112,0
DA:113,0
DA:115,0
DA:117,0
DA:119,23
DA:120,10
DA:121,10
DA:122,10
DA:124,13
DA:126,616
DA:127,4
DA:128,2
DA:129,2
DA:131,2
DA:132,612
DA:133,10
DA:134,602
DA:135,245
DA:136,245
DA:137,357
DA:138,70
DA:139,8
DA:140,8
DA:142,62
DA:143,5
DA:144,5
DA:146,57
DA:147,55
DA:148,55
DA:150,287
DA:151,69
DA:152,67
DA:153,67
DA:155,218
DA:156,35
DA:157,183
DA:158,27
DA:159,156
DA:160,30
DA:161,126
DA:162,0
DA:164,130
DA:167,1
DA:171,1
LF:98
LH:79
BRDA:4,1,0,0
BRDA:4,1,1,0
BRDA:88,2,0,209
BRDA:88,2,1,639
BRDA:91,3,0,23
BRDA:91,3,1,616
BRDA:92,4,0,0
BRDA:92,4,1,23
BRDA:95,5,0,0
BRDA:95,5,1,0
BRDA:96,6,0,0
BRDA:96,6,1,0
BRDA:97,7,0,0
BRDA:97,7,1,0
BRDA:108,8,0,0
BRDA:108,8,1,23
BRDA:110,9,0,0
BRDA:110,9,1,0
BRDA:112,10,0,0
BRDA:112,10,1,0
BRDA:119,11,0,10
BRDA:119,11,1,13
BRDA:126,12,0,4
BRDA:126,12,1,612
BRDA:127,13,0,2
BRDA:127,13,1,2
BRDA:132,14,0,10
BRDA:132,14,1,602
BRDA:134,15,0,245
BRDA:134,15,1,357
BRDA:137,16,0,70
BRDA:137,16,1,287
BRDA:138,17,0,8
BRDA:138,17,1,62
BRDA:142,18,0,5
BRDA:142,18,1,57
BRDA:146,19,0,55
BRDA:146,19,1,2
BRDA:150,20,0,69
BRDA:150,20,1,218
BRDA:151,21,0,67
BRDA:151,21,1,2
BRDA:151,22,0,69
BRDA:151,22,1,67
BRDA:155,23,0,35
BRDA:155,23,1,183
BRDA:157,24,0,27
BRDA:157,24,1,156
BRDA:159,25,0,30
BRDA:159,25,1,126
BRDA:161,26,0,0
BRDA:161,26,1,126
BRF:52
BRH:37
end_of_record
TN:
SF:/Users/craig/Developer/Public/paperclip.js/lib/translate/base/tokenizer.js
FN:13,(anonymous_1)
FN:17,Tokenizer
FN:28,(anonymous_3)
FN:41,(anonymous_4)
FN:49,(anonymous_5)
FN:60,(anonymous_6)
FN:70,(anonymous_7)
FN:84,(anonymous_8)
FN:112,(anonymous_9)
FN:118,(anonymous_10)
FNF:10
FNH:8
FNDA:1,(anonymous_1)
FNDA:2,Tokenizer
FNDA:63,(anonymous_3)
FNDA:124,(anonymous_4)
FNDA:0,(anonymous_5)
FNDA:66,(anonymous_6)
FNDA:1295,(anonymous_7)
FNDA:134,(anonymous_8)
FNDA:0,(anonymous_9)
FNDA:1101,(anonymous_10)
DA:2,1
DA:4,1
DA:13,1
DA:17,1
DA:18,2
DA:21,2
DA:28,1
DA:29,63
DA:30,63
DA:31,63
DA:32,63
DA:33,63
DA:34,63
DA:41,1
DA:42,124
DA:43,0
DA:45,124
DA:46,124
DA:49,1
DA:50,0
DA:51,0
DA:53,0
DA:60,1
DA:61,66
DA:62,52
DA:70,1
DA:71,1295
DA:72,52
DA:74,1243
DA:75,142
DA:77,1101
DA:84,1
DA:85,134
DA:86,134
DA:87,134
DA:88,11
DA:89,11
DA:90,11
DA:91,11
DA:92,80
DA:93,80
DA:94,1
DA:95,1
DA:97,79
DA:98,11
DA:100,68
DA:102,11
DA:103,11
DA:105,123
DA:112,1
DA:118,1
DA:119,1101
DA:120,1101
DA:121,1101
DA:122,1101
DA:125,1
DA:129,1
LF:57
LH:53
BRDA:42,1,0,0
BRDA:42,1,1,124
BRDA:50,2,0,0
BRDA:50,2,1,0
BRDA:61,3,0,52
BRDA:61,3,1,14
BRDA:71,4,0,52
BRDA:71,4,1,1243
BRDA:74,5,0,142
BRDA:74,5,1,1101
BRDA:77,6,0,1101
BRDA:77,6,1,6
BRDA:87,7,0,11
BRDA:87,7,1,123
BRDA:87,8,0,134
BRDA:87,8,1,123
BRDA:91,9,0,80
BRDA:91,9,1,80
BRDA:93,10,0,1
BRDA:93,10,1,79
BRDA:97,11,0,11
BRDA:97,11,1,68
BRF:22
BRH:19
end_of_record
TN:
SF:/Users/craig/Developer/Public/paperclip.js/lib/translate/binding/parser.js
FN:4,(anonymous_1)
FN:4,ctor
FN:43,(anonymous_3)
FN:50,Parser
FN:58,(anonymous_5)
FN:67,(anonymous_6)
FN:91,(anonymous_7)
FN:103,(anonymous_8)
FN:116,(anonymous_9)
FN:137,(anonymous_10)
FN:182,(anonymous_11)
FN:195,(anonymous_12)
FN:203,(anonymous_13)
FN:225,(anonymous_14)
FN:233,(anonymous_15)
FNF:15
FNH:15
FNDA:1,(anonymous_1)
FNDA:1,ctor
FNDA:1,(anonymous_3)
FNDA:1,Parser
FNDA:63,(anonymous_5)
FNDA:63,(anonymous_6)
FNDA:22,(anonymous_7)
FNDA:68,(anonymous_8)
FNDA:2,(anonymous_9)
FNDA:78,(anonymous_10)
FNDA:9,(anonymous_11)
FNDA:13,(anonymous_12)
FNDA:14,(anonymous_13)
FNDA:1,(anonymous_14)
FNDA:66,(anonymous_15)
DA:2,1
DA:4,1
DA:6,1
DA:8,1
DA:10,1
DA:12,1
DA:14,1
DA:16,1
DA:18,1
DA:20,1
DA:22,1
DA:24,1
DA:26,1
DA:28,1
DA:30,1
DA:32,1
DA:34,1
DA:36,1
DA:43,1
DA:44,1
DA:50,1
DA:51,1
DA:58,1
DA:59,63
DA:60,63
DA:67,1
DA:68,63
DA:69,63
DA:70,63
DA:71,63
DA:72,3
DA:73,3
DA:75,63
DA:76,41
DA:78,22
DA:79,22
DA:80,22
DA:81,0
DA:84,22
DA:91,1
DA:92,22
DA:93,22
DA:94,22
DA:95,22
DA:96,22
DA:103,1
DA:104,68
DA:106,2
DA:108,66
DA:116,1
DA:117,2
DA:118,2
DA:119,2
DA:120,2
DA:121,5
DA:122,5
DA:123,5
DA:124,5
DA:125,5
DA:126,3
DA:129,2
DA:130,2
DA:137,1
DA:138,78
DA:139,78
DA:140,78
DA:141,78
DA:142,104
DA:143,66
DA:144,66
DA:146,104
DA:147,1
DA:148,1
DA:150,104
DA:151,0
DA:152,0
DA:154,104
DA:155,7
DA:156,7
DA:158,104
DA:159,9
DA:160,9
DA:162,104
DA:163,6
DA:165,98
DA:166,56
DA:168,42
DA:169,42
DA:171,78
DA:172,2
DA:174,76
DA:182,1
DA:183,9
DA:184,9
DA:185,9
DA:186,9
DA:187,9
DA:188,9
DA:195,1
DA:196,13
DA:203,1
DA:204,14
DA:205,14
DA:206,14
DA:207,14
DA:208,15
DA:209,10
DA:211,5
DA:212,5
DA:213,5
DA:214,4
DA:217,14
DA:218,14
DA:225,1
DA:226,1
DA:233,1
DA:234,66
DA:235,66
DA:236,66
DA:237,66
DA:238,66
DA:239,77
DA:240,77
DA:241,4
DA:242,4
DA:244,73
DA:246,77
DA:247,11
DA:250,66
DA:251,0
DA:252,0
DA:253,0
DA:255,66
DA:256,7
DA:257,7
DA:259,66
DA:262,1
DA:266,1
LF:138
LH:132
BRDA:4,1,0,0
BRDA:4,1,1,0
BRDA:70,2,0,63
BRDA:70,2,1,49
BRDA:71,3,0,3
BRDA:71,3,1,60
BRDA:75,4,0,41
BRDA:75,4,1,22
BRDA:80,5,0,0
BRDA:80,5,1,22
BRDA:104,6,0,2
BRDA:104,6,1,66
BRDA:125,7,0,3
BRDA:125,7,1,2
BRDA:142,8,0,66
BRDA:142,8,1,38
BRDA:146,9,0,1
BRDA:146,9,1,103
BRDA:150,10,0,0
BRDA:150,10,1,104
BRDA:154,11,0,7
BRDA:154,11,1,97
BRDA:162,12,0,6
BRDA:162,12,1,98
BRDA:165,13,0,56
BRDA:165,13,1,42
BRDA:165,14,0,98
BRDA:165,14,1,46
BRDA:171,15,0,2
BRDA:171,15,1,76
BRDA:208,16,0,10
BRDA:208,16,1,5
BRDA:213,17,0,4
BRDA:213,17,1,1
BRDA:240,18,0,4
BRDA:240,18,1,73
BRDA:246,19,0,11
BRDA:246,19,1,66
BRDA:250,20,0,0
BRDA:250,20,1,66
BRDA:255,21,0,7
BRDA:255,21,1,59
BRF:42
BRH:37
end_of_record
TN:
SF:/Users/craig/Developer/Public/paperclip.js/lib/translate/binding/tokenizer.js
FN:4,(anonymous_1)
FN:4,ctor
FN:8,(anonymous_3)
FN:9,Codes
FN:65,(anonymous_5)
FN:89,(anonymous_6)
FN:92,Tokenizer
FN:109,(anonymous_8)
FNF:8
FNH:6
FNDA:1,(anonymous_1)
FNDA:1,ctor
FNDA:1,(anonymous_3)
FNDA:0,Codes
FNDA:0,(anonymous_5)
FNDA:1,(anonymous_6)
FNDA:1,Tokenizer
FNDA:253,(anonymous_8)
DA:2,1
DA:4,1
DA:6,1
DA:8,1
DA:9,1
DA:11,1
DA:13,1
DA:15,1
DA:17,1
DA:19,1
DA:21,1
DA:23,1
DA:25,1
DA:27,1
DA:29,1
DA:31,1
DA:33,1
DA:35,1
DA:37,1
DA:39,1
DA:41,1
DA:43,1
DA:45,1
DA:47,1
DA:49,1
DA:51,1
DA:53,1
DA:55,1
DA:57,1
DA:59,1
DA:61,1
DA:63,1
DA:65,1
DA:66,0
DA:67,0
DA:68,0
DA:69,0
DA:74,1
DA:78,1
DA:79,28
DA:89,1
DA:90,1
DA:92,1
DA:93,1
DA:94,1
DA:101,1
DA:103,1
DA:109,1
DA:110,253
DA:111,253
DA:112,119
DA:113,119
DA:114,5
DA:116,114
DA:117,5
DA:119,109
DA:120,0
DA:122,109
DA:123,134
DA:124,11
DA:125,123
DA:126,9
DA:127,114
DA:128,4
DA:129,1
DA:130,1
DA:132,3
DA:134,110
DA:135,15
DA:136,5
DA:137,5
DA:139,10
DA:141,95
DA:142,2
DA:143,2
DA:144,93
DA:145,87
DA:149,1
DA:153,1
LF:79
LH:74
BRDA:4,1,0,0
BRDA:4,1,1,0
BRDA:68,2,0,0
BRDA:68,2,1,0
BRDA:111,3,0,119
BRDA:111,3,1,134
BRDA:111,4,0,253
BRDA:111,4,1,134
BRDA:111,4,2,134
BRDA:111,4,3,134
BRDA:113,5,0,5
BRDA:113,5,1,114
BRDA:116,6,0,5
BRDA:116,6,1,109
BRDA:119,7,0,0
BRDA:119,7,1,109
BRDA:123,8,0,11
BRDA:123,8,1,123
BRDA:125,9,0,9
BRDA:125,9,1,114
BRDA:127,10,0,4
BRDA:127,10,1,110
BRDA:128,11,0,1
BRDA:128,11,1,3
BRDA:134,12,0,15
BRDA:134,12,1,95
BRDA:135,13,0,5
BRDA:135,13,1,10
BRDA:141,14,0,2
BRDA:141,14,1,93
BRDA:141,15,0,95
BRDA:141,15,1,11
BRDA:144,16,0,87
BRDA:144,16,1,6
BRF:34
BRH:29
end_of_record
TN:
SF:/Users/craig/Developer/Public/paperclip.js/lib/translate/binding/expressions/fn.js
FN:4,(anonymous_1)
FN:4,ctor
FN:8,(anonymous_3)
FN:21,FnExpression
FN:32,(anonymous_5)
FNF:5
FNH:5
FNDA:1,(anonymous_1)
FNDA:1,ctor
FNDA:1,(anonymous_3)
FNDA:4,FnExpression
FNDA:4,(anonymous_5)
DA:2,1
DA:4,1
DA:6,1
DA:8,1
DA:9,1
DA:15,1
DA:21,1
DA:22,4
DA:23,4
DA:24,4
DA:25,4
DA:32,1
DA:33,4
DA:36,1
DA:40,1
LF:15
LH:15
BRDA:4,1,0,0
BRDA:4,1,1,0
BRF:2
BRH:0
end_of_record
TN:
SF:/Users/craig/Developer/Public/paperclip.js/lib/translate/base/expression.js
FN:4,(anonymous_1)
FN:8,Expression
FN:16,(anonymous_3)
FNF:3
FNH:3
FNDA:1,(anonymous_1)
FNDA:688,Expression
FNDA:458,(anonymous_3)
DA:2,1
DA:4,1
DA:8,1
DA:9,688
DA:16,1
DA:17,458
DA:18,458
DA:19,458
DA:20,546
DA:21,546
DA:22,546
DA:24,458
DA:27,1
DA:31,1
LF:14
LH:14
BRF:0
BRH:0
end_of_record
TN:
SF:/Users/craig/Developer/Public/paperclip.js/lib/translate/binding/expressions/js.js
FN:4,(anonymous_1)
FN:4,ctor
FN:8,(anonymous_3)
FN:21,JSExpression
FN:30,(anonymous_5)
FNF:5
FNH:5
FNDA:1,(anonymous_1)
FNDA:1,ctor
FNDA:1,(anonymous_3)
FNDA:42,JSExpression
FNDA:42,(anonymous_5)
DA:2,1
DA:4,1
DA:6,1
DA:8,1
DA:9,1
DA:15,1
DA:21,1
DA:22,42
DA:23,42
DA:30,1
DA:31,42
DA:34,1
DA:38,1
LF:13
LH:13
BRDA:4,1,0,0
BRDA:4,1,1,0
BRF:2
BRH:0
end_of_record
TN:
SF:/Users/craig/Developer/Public/paperclip.js/lib/translate/binding/expressions/ref.js
FN:4,(anonymous_1)
FN:14,RefExpression
FN:28,(anonymous_3)
FNF:3
FNH:3
FNDA:1,(anonymous_1)
FNDA:73,RefExpression
FNDA:66,(anonymous_3)
DA:2,1
DA:4,1
DA:8,1
DA:14,1
DA:15,73
DA:16,73
DA:17,0
DA:18,0
DA:20,73
DA:28,1
DA:29,66
DA:32,1
DA:36,1
LF:13
LH:11
BRDA:16,1,0,0
BRDA:16,1,1,73
BRF:2
BRH:1
end_of_record
TN:
SF:/Users/craig/Developer/Public/paperclip.js/lib/translate/binding/expressions/group.js
FN:4,(anonymous_1)
FN:4,ctor
FN:8,(anonymous_3)
FN:11,GroupExpresion
FN:26,(anonymous_5)
FNF:5
FNH:5
FNDA:1,(anonymous_1)
FNDA:1,ctor
FNDA:1,(anonymous_3)
FNDA:1,GroupExpresion
FNDA:1,(anonymous_5)
DA:2,1
DA:4,1
DA:6,1
DA:8,1
DA:9,1
DA:11,1
DA:12,1
DA:13,1
DA:20,1
DA:26,1
DA:27,1
DA:30,1
DA:34,1
LF:13
LH:13
BRDA:4,1,0,1
BRDA:4,1,1,0
BRF:2
BRH:1
end_of_record
TN:
SF:/Users/craig/Developer/Public/paperclip.js/lib/translate/binding/expressions/params.js
FN:4,(anonymous_1)
FN:4,ctor
FN:8,(anonymous_3)
FN:11,ParamsExpression
FN:26,(anonymous_5)
FN:27,(anonymous_6)
FNF:6
FNH:6
FNDA:1,(anonymous_1)
FNDA:1,ctor
FNDA:1,(anonymous_3)
FNDA:14,ParamsExpression
FNDA:5,(anonymous_5)
FNDA:2,(anonymous_6)
DA:2,1
DA:4,1
DA:6,1
DA:8,1
DA:9,1
DA:11,1
DA:12,14
DA:13,14
DA:20,1
DA:26,1
DA:27,5
DA:28,2
DA:32,1
DA:36,1
LF:14
LH:14
BRDA:4,1,0,1
BRDA:4,1,1,0
BRF:2
BRH:1
end_of_record
TN:
SF:/Users/craig/Developer/Public/paperclip.js/lib/translate/base/collectionExpression.js
FN:4,(anonymous_1)
FN:4,ctor
FN:8,(anonymous_3)
FN:21,CollectionExpression
FN:31,(anonymous_5)
FN:39,(anonymous_6)
FN:43,(anonymous_7)
FNF:7
FNH:7
FNDA:1,(anonymous_1)
FNDA:1,ctor
FNDA:1,(anonymous_3)
FNDA:332,CollectionExpression
FNDA:76,(anonymous_5)
FNDA:218,(anonymous_6)
FNDA:290,(anonymous_7)
DA:2,1
DA:4,1
DA:6,1
DA:8,1
DA:9,1
DA:15,1
DA:21,1
DA:22,332
DA:23,332
DA:24,332
DA:31,1
DA:32,76
DA:39,1
DA:40,218
DA:41,0
DA:43,218
DA:44,290
DA:48,1
DA:52,1
LF:19
LH:18
BRDA:4,1,0,0
BRDA:4,1,1,0
BRDA:40,2,0,0
BRDA:40,2,1,218
BRF:4
BRH:1
end_of_record
TN:
SF:/Users/craig/Developer/Public/paperclip.js/lib/translate/binding/expressions/string.js
FN:6,(anonymous_1)
FN:16,StringExpression
FN:25,(anonymous_3)
FNF:3
FNH:3
FNDA:1,(anonymous_1)
FNDA:7,StringExpression
FNDA:7,(anonymous_3)
DA:2,1
DA:4,1
DA:6,1
DA:10,1
DA:16,1
DA:17,7
DA:18,7
DA:25,1
DA:26,7
DA:29,1
DA:33,1
LF:11
LH:11
BRF:0
BRH:0
end_of_record
TN:
SF:/Users/craig/Developer/Public/paperclip.js/lib/translate/binding/expressions/script.js
FN:4,(anonymous_1)
FN:4,ctor
FN:10,(anonymous_3)
FN:29,(anonymous_4)
FN:42,ActionExpression
FN:52,(anonymous_6)
FN:54,(anonymous_7)
FNF:7
FNH:7
FNDA:1,(anonymous_1)
FNDA:1,ctor
FNDA:276,(anonymous_3)
FNDA:1,(anonymous_4)
FNDA:63,ActionExpression
FNDA:63,(anonymous_6)
FNDA:59,(anonymous_7)
DA:2,1
DA:4,1
DA:6,1
DA:8,1
DA:10,1
DA:11,276
DA:12,276
DA:13,63
DA:15,276
DA:16,2
DA:18,274
DA:19,59
DA:21,274
DA:22,274
DA:23,213
DA:24,213
DA:26,274
DA:29,1
DA:30,1
DA:36,1
DA:42,1
DA:43,63
DA:44,63
DA:45,63
DA:52,1
DA:53,63
DA:54,63
DA:55,59
DA:57,63
DA:58,63
DA:61,1
DA:65,1
LF:32
LH:32
BRDA:4,1,0,0
BRDA:4,1,1,0
BRDA:12,2,0,63
BRDA:12,2,1,213
BRDA:15,3,0,2
BRDA:15,3,1,274
BRDA:18,4,0,59
BRDA:18,4,1,215
BRDA:58,5,0,61
BRDA:58,5,1,2
BRF:10
BRH:8
end_of_record
TN:
SF:/Users/craig/Developer/Public/paperclip.js/lib/translate/binding/expressions/option.js
FN:4,(anonymous_1)
FN:4,ctor
FN:8,(anonymous_3)
FN:21,OptionExpression
FN:28,(anonymous_5)
FNF:5
FNH:5
FNDA:1,(anonymous_1)
FNDA:1,ctor
FNDA:1,(anonymous_3)
FNDA:5,OptionExpression
FNDA:5,(anonymous_5)
DA:2,1
DA:4,1
DA:6,1
DA:8,1
DA:9,1
DA:15,1
DA:21,1
DA:22,5
DA:23,5
DA:24,5
DA:25,5
DA:28,1
DA:29,5
DA:32,1
DA:36,1
LF:15
LH:15
BRDA:4,1,0,0
BRDA:4,1,1,0
BRF:2
BRH:0
end_of_record
TN:
SF:/Users/craig/Developer/Public/paperclip.js/lib/translate/binding/expressions/scripts.js
FN:4,(anonymous_1)
FN:4,ctor
FN:8,(anonymous_3)
FN:21,ActionsExpression
FN:30,(anonymous_5)
FNF:5
FNH:5
FNDA:1,(anonymous_1)
FNDA:1,ctor
FNDA:1,(anonymous_3)
FNDA:22,ActionsExpression
FNDA:22,(anonymous_5)
DA:2,1
DA:4,1
DA:6,1
DA:8,1
DA:9,1
DA:15,1
DA:21,1
DA:22,22
DA:23,22
DA:30,1
DA:31,22
DA:32,22
DA:33,22
DA:34,22
DA:35,22
DA:36,22
DA:37,22
DA:39,22
DA:40,22
DA:43,1
DA:47,1
LF:21
LH:21
BRDA:4,1,0,1
BRDA:4,1,1,0
BRF:2
BRH:1
end_of_record
TN:
SF:/Users/craig/Developer/Public/paperclip.js/lib/translate/binding/expressions/options.js
FN:4,(anonymous_1)
FN:4,ctor
FN:8,(anonymous_3)
FN:21,OptionsExpression
FN:27,(anonymous_5)
FNF:5
FNH:5
FNDA:1,(anonymous_1)
FNDA:1,ctor
FNDA:1,(anonymous_3)
FNDA:2,OptionsExpression
FNDA:2,(anonymous_5)
DA:2,1
DA:4,1
DA:6,1
DA:8,1
DA:9,1
DA:15,1
DA:21,1
DA:22,2
DA:23,2
DA:24,2
DA:27,1
DA:28,2
DA:31,1
DA:35,1
LF:14
LH:14
BRDA:4,1,0,0
BRDA:4,1,1,0
BRF:2
BRH:0
end_of_record
TN:
SF:/Users/craig/Developer/Public/paperclip.js/lib/translate/binding/expressions/refPath.js
FN:4,(anonymous_1)
FN:4,ctor
FN:8,(anonymous_3)
FN:21,RefPathExpression
FN:31,(anonymous_5)
FN:39,(anonymous_6)
FN:70,(anonymous_7)
FNF:7
FNH:7
FNDA:1,(anonymous_1)
FNDA:1,ctor
FNDA:1,(anonymous_3)
FNDA:66,RefPathExpression
FNDA:59,(anonymous_5)
FNDA:66,(anonymous_6)
FNDA:70,(anonymous_7)
DA:2,1
DA:4,1
DA:6,1
DA:8,1
DA:9,1
DA:15,1
DA:21,1
DA:22,66
DA:23,66
DA:24,66
DA:31,1
DA:32,59
DA:39,1
DA:40,66
DA:41,66
DA:42,66
DA:43,66
DA:44,66
DA:45,0
DA:47,66
DA:48,66
DA:49,77
DA:50,77
DA:51,4
DA:52,4
DA:53,4
DA:54,4
DA:55,4
DA:57,73
DA:58,73
DA:61,66
DA:62,66
DA:63,66
DA:70,1
DA:71,70
DA:72,70
DA:73,63
DA:74,63
DA:78,1
DA:82,1
LF:40
LH:39
BRDA:4,1,0,1
BRDA:4,1,1,0
BRDA:23,2,0,7
BRDA:23,2,1,59
BRDA:44,3,0,0
BRDA:44,3,1,66
BRDA:50,4,0,4
BRDA:50,4,1,73
BRDA:58,5,0,73
BRDA:58,5,1,73
BRDA:72,6,0,63
BRDA:72,6,1,7
BRDA:73,7,0,0
BRDA:73,7,1,63
BRF:14
BRH:11
end_of_record
TN:
SF:/Users/craig/Developer/Public/paperclip.js/lib/translate/binding/expressions/modifier.js
FN:4,(anonymous_1)
FN:4,ctor
FN:8,(anonymous_3)
FN:21,ModifierExpression
FN:33,(anonymous_5)
FNF:5
FNH:5
FNDA:1,(anonymous_1)
FNDA:1,ctor
FNDA:1,(anonymous_3)
FNDA:9,ModifierExpression
FNDA:9,(anonymous_5)
DA:2,1
DA:4,1
DA:6,1
DA:8,1
DA:9,1
DA:15,1
DA:21,1
DA:22,9
DA:23,9
DA:24,9
DA:25,9
DA:26,9
DA:33,1
DA:34,9
DA:35,9
DA:36,9
DA:37,9
DA:38,9
DA:39,9
DA:40,9
DA:41,3
DA:42,3
DA:44,9
DA:45,9
DA:48,1
DA:52,1
LF:26
LH:26
BRDA:4,1,0,0
BRDA:4,1,1,0
BRF:2
BRH:0
end_of_record
TN:
SF:/Users/craig/Developer/Public/paperclip.js/lib/translate/template/expressions/root.js
FN:4,(anonymous_1)
FN:4,ctor
FN:6,(anonymous_3)
FN:11,RootExpression
FN:18,(anonymous_5)
FNF:5
FNH:5
FNDA:1,(anonymous_1)
FNDA:1,ctor
FNDA:1,(anonymous_3)
FNDA:72,RootExpression
FNDA:72,(anonymous_5)
DA:2,1
DA:4,1
DA:6,1
DA:7,1
DA:9,1
DA:11,1
DA:12,72
DA:13,72
DA:14,72
DA:15,72
DA:18,1
DA:19,72
DA:20,72
DA:21,72
DA:22,61
DA:24,72
DA:25,72
DA:28,1
DA:32,1
LF:19
LH:19
BRDA:4,1,0,1
BRDA:4,1,1,0
BRDA:13,2,0,11
BRDA:13,2,1,61
BRDA:21,3,0,61
BRDA:21,3,1,11
BRF:6
BRH:5
end_of_record
TN:
SF:/Users/craig/Developer/Public/paperclip.js/lib/translate/template/expressions/base.js
FN:4,(anonymous_1)
FN:4,ctor
FN:6,(anonymous_3)
FN:9,Base
FNF:4
FNH:4
FNDA:1,(anonymous_1)
FNDA:1,ctor
FNDA:1,(anonymous_3)
FNDA:231,Base
DA:2,1
DA:4,1
DA:6,1
DA:7,1
DA:9,1
DA:10,231
DA:11,231
DA:14,1
DA:18,1
LF:9
LH:9
BRDA:4,1,0,0
BRDA:4,1,1,0
BRF:2
BRH:0
end_of_record
TN:
SF:/Users/craig/Developer/Public/paperclip.js/lib/translate/template/expressions/node.js
FN:4,(anonymous_1)
FN:4,ctor
FN:6,(anonymous_3)
FN:15,NodeExpression
FN:32,(anonymous_5)
FN:52,(anonymous_6)
FNF:6
FNH:6
FNDA:1,(anonymous_1)
FNDA:1,ctor
FNDA:1,(anonymous_3)
FNDA:13,NodeExpression
FNDA:13,(anonymous_5)
FNDA:13,(anonymous_6)
DA:2,1
DA:4,1
DA:6,1
DA:7,1
DA:9,1
DA:15,1
DA:16,13
DA:17,13
DA:18,13
DA:19,13
DA:20,13
DA:21,12
DA:23,13
DA:24,0
DA:32,1
DA:33,13
DA:34,13
DA:35,13
DA:36,13
DA:37,12
DA:39,1
DA:41,13
DA:42,0
DA:44,13
DA:45,13
DA:52,1
DA:53,13
DA:56,1
DA:60,1
LF:29
LH:27
BRDA:4,1,0,1
BRDA:4,1,1,0
BRDA:20,2,0,12
BRDA:20,2,1,1
BRDA:23,3,0,0
BRDA:23,3,1,13
BRDA:36,4,0,12
BRDA:36,4,1,1
BRDA:41,5,0,0
BRDA:41,5,1,13
BRF:10
BRH:7
end_of_record
TN:
SF:/Users/craig/Developer/Public/paperclip.js/lib/translate/template/expressions/string.js
FN:4,(anonymous_1)
FN:4,ctor
FN:6,(anonymous_3)
FN:15,StringExpression
FN:24,(anonymous_5)
FN:32,(anonymous_6)
FNF:6
FNH:5
FNDA:1,(anonymous_1)
FNDA:1,ctor
FNDA:1,(anonymous_3)
FNDA:42,StringExpression
FNDA:42,(anonymous_5)
FNDA:0,(anonymous_6)
DA:2,1
DA:4,1
DA:6,1
DA:7,1
DA:9,1
DA:15,1
DA:16,42
DA:17,42
DA:24,1
DA:25,42
DA:32,1
DA:33,0
DA:36,1
DA:40,1
LF:14
LH:13
BRDA:4,1,0,1
BRDA:4,1,1,0
BRF:2
BRH:1
end_of_record
TN:
SF:/Users/craig/Developer/Public/paperclip.js/lib/translate/template/expressions/binding.js
FN:4,(anonymous_1)
FN:4,ctor
FN:8,(anonymous_3)
FN:17,Binding
FN:31,(anonymous_5)
FN:39,(anonymous_6)
FN:47,(anonymous_7)
FNF:7
FNH:6
FNDA:1,(anonymous_1)
FNDA:1,ctor
FNDA:1,(anonymous_3)
FNDA:8,Binding
FNDA:0,(anonymous_5)
FNDA:8,(anonymous_6)
FNDA:8,(anonymous_7)
DA:2,1
DA:4,1
DA:6,1
DA:8,1
DA:9,1
DA:11,1
DA:17,1
DA:18,8
DA:19,8
DA:20,8
DA:21,8
DA:22,3
DA:24,8
DA:31,1
DA:32,0
DA:39,1
DA:40,8
DA:47,1
DA:48,8
DA:49,8
DA:50,8
DA:51,3
DA:53,8
DA:54,8
DA:57,1
DA:61,1
LF:26
LH:25
BRDA:4,1,0,1
BRDA:4,1,1,0
BRDA:21,2,0,3
BRDA:21,2,1,5
BRDA:50,3,0,3
BRDA:50,3,1,5
BRF:6
BRH:5
end_of_record
TN:
SF:/Users/craig/Developer/Public/paperclip.js/lib/translate/template/expressions/children.js
FN:4,(anonymous_1)
FN:4,ctor
FN:6,(anonymous_3)
FN:15,ChildrenExpression
FN:23,(anonymous_5)
FN:31,(anonymous_6)
FNF:6
FNH:3
FNDA:1,(anonymous_1)
FNDA:1,ctor
FNDA:1,(anonymous_3)
FNDA:0,ChildrenExpression
FNDA:0,(anonymous_5)
FNDA:0,(anonymous_6)
DA:2,1
DA:4,1
DA:6,1
DA:7,1
DA:9,1
DA:15,1
DA:16,0
DA:23,1
DA:24,0
DA:31,1
DA:32,0
DA:35,1
DA:39,1
LF:13
LH:10
BRDA:4,1,0,1
BRDA:4,1,1,0
BRF:2
BRH:1
end_of_record
TN:
SF:/Users/craig/Developer/Public/paperclip.js/lib/translate/template/expressions/collection.js
FN:4,(anonymous_1)
FN:4,ctor
FN:6,(anonymous_3)
FN:9,Expression
FN:14,(anonymous_5)
FNF:5
FNH:5
FNDA:1,(anonymous_1)
FNDA:1,ctor
FNDA:1,(anonymous_3)
FNDA:154,Expression
FNDA:142,(anonymous_5)
DA:2,1
DA:4,1
DA:6,1
DA:7,1
DA:9,1
DA:10,154
DA:11,154
DA:14,1
DA:15,142
DA:18,1
DA:22,1
LF:11
LH:11
BRDA:4,1,0,1
BRDA:4,1,1,0
BRF:2
BRH:1
end_of_record
TN:
SF:/Users/craig/Developer/Public/paperclip.js/lib/translate/template/expressions/attribute.js
FN:4,(anonymous_1)
FN:4,ctor
FN:6,(anonymous_3)
FN:15,AttributeExpression
FN:28,(anonymous_5)
FN:47,(anonymous_6)
FNF:6
FNH:4
FNDA:1,(anonymous_1)
FNDA:1,ctor
FNDA:1,(anonymous_3)
FNDA:14,AttributeExpression
FNDA:0,(anonymous_5)
FNDA:0,(anonymous_6)
DA:2,1
DA:4,1
DA:6,1
DA:7,1
DA:9,1
DA:15,1
DA:16,14
DA:17,14
DA:18,14
DA:19,14
DA:20,14
DA:28,1
DA:29,0
DA:30,0
DA:31,0
DA:33,0
DA:34,0
DA:35,0
DA:36,0
DA:37,0
DA:40,0
DA:47,1
DA:48,0
DA:51,1
DA:55,1
LF:25
LH:15
BRDA:4,1,0,1
BRDA:4,1,1,0
BRDA:19,2,0,14
BRDA:19,2,1,0
BRDA:30,3,0,0
BRDA:30,3,1,0
BRDA:36,4,0,0
BRDA:36,4,1,0
BRF:8
BRH:2
end_of_record
TN:
SF:/Users/craig/Developer/Public/paperclip.js/lib/translate/template/expressions/attributes.js
FN:4,(anonymous_1)
FN:4,ctor
FN:6,(anonymous_3)
FN:13,AttributesExpression
FN:21,(anonymous_5)
FN:37,(anonymous_6)
FNF:6
FNH:5
FNDA:1,(anonymous_1)
FNDA:1,ctor
FNDA:1,(anonymous_3)
FNDA:12,AttributesExpression
FNDA:0,(anonymous_5)
FNDA:12,(anonymous_6)
DA:2,1
DA:4,1
DA:6,1
DA:7,1
DA:13,1
DA:14,12
DA:21,1
DA:22,0
DA:23,0
DA:24,0
DA:25,0
DA:26,0
DA:27,0
DA:30,0
DA:37,1
DA:38,12
DA:39,12
DA:40,12
DA:41,12
DA:42,14
DA:43,14
DA:45,12
DA:48,1
DA:52,1
LF:24
LH:17
BRDA:4,1,0,1
BRDA:4,1,1,0
BRDA:26,2,0,0
BRDA:26,2,1,0
BRDA:43,3,0,14
BRDA:43,3,1,0
BRF:6
BRH:2
end_of_record
TN:
SF:/Users/craig/Developer/Public/paperclip.js/lib/translate/template/expressions/textString.js
FN:4,(anonymous_1)
FN:4,ctor
FN:6,(anonymous_3)
FN:15,TextStringExpression
FN:24,(anonymous_5)
FNF:5
FNH:5
FNDA:1,(anonymous_1)
FNDA:1,ctor
FNDA:1,(anonymous_3)
FNDA:37,TextStringExpression
FNDA:37,(anonymous_5)
DA:2,1
DA:4,1
DA:6,1
DA:7,1
DA:9,1
DA:15,1
DA:16,37
DA:17,37
DA:24,1
DA:25,37
DA:28,1
DA:32,1
LF:12
LH:12
BRDA:4,1,0,1
BRDA:4,1,1,0
BRF:2
BRH:1
end_of_record
TN:
SF:/Users/craig/Developer/Public/paperclip.js/lib/translate/template/expressions/textBinding.js
FN:4,(anonymous_1)
FN:4,ctor
FN:6,(anonymous_3)
FN:19,TextBindingExpression
FN:28,(anonymous_5)
FNF:5
FNH:5
FNDA:1,(anonymous_1)
FNDA:1,ctor
FNDA:1,(anonymous_3)
FNDA:45,TextBindingExpression
FNDA:45,(anonymous_5)
DA:2,1
DA:4,1
DA:6,1
DA:7,1
DA:9,1
DA:11,1
DA:13,1
DA:19,1
DA:20,45
DA:21,45
DA:28,1
DA:29,45
DA:32,1
DA:36,1
LF:14
LH:14
BRDA:4,1,0,1
BRDA:4,1,1,0
BRF:2
BRH:1
end_of_record
TN:
SF:/Users/craig/Developer/Public/paperclip.js/lib/translate/template/expressions/stringNode.js
FN:4,(anonymous_1)
FN:4,ctor
FN:6,(anonymous_3)
FN:15,StringExpression
FN:24,(anonymous_5)
FNF:5
FNH:3
FNDA:1,(anonymous_1)
FNDA:1,ctor
FNDA:1,(anonymous_3)
FNDA:0,StringExpression
FNDA:0,(anonymous_5)
DA:2,1
DA:4,1
DA:6,1
DA:7,1
DA:9,1
DA:15,1
DA:16,0
DA:17,0
DA:24,1
DA:25,0
DA:28,1
DA:32,1
LF:12
LH:9
BRDA:4,1,0,1
BRDA:4,1,1,0
BRF:2
BRH:1
end_of_record
TN:
SF:/Users/craig/Developer/Public/paperclip.js/lib/node/adapters/index.js
FNF:0
FNH:0
DA:2,1
LF:1
LH:1
BRF:0
BRH:0
end_of_record
TN:
SF:/Users/craig/Developer/Public/paperclip.js/lib/node/adapters/express.js
FN:10,(anonymous_1)
FN:18,(anonymous_2)
FN:24,(anonymous_3)
FNF:3
FNH:0
FNDA:0,(anonymous_1)
FNDA:0,(anonymous_2)
FNDA:0,(anonymous_3)
DA:2,1
DA:4,1
DA:6,1
DA:8,1
DA:10,1
DA:11,0
DA:12,0
DA:13,0
DA:14,0
DA:15,0
DA:16,0
DA:17,0
DA:18,0
DA:19,0
DA:20,0
DA:24,1
DA:25,0
DA:26,0
DA:27,0
LF:19
LH:6
BRDA:26,1,0,0
BRDA:26,1,1,0
BRF:2
BRH:0
end_of_record
TN:
SF:/Users/craig/Developer/Public/paperclip.js/lib/node/index.js
FNF:0
FNH:0
DA:2,1
DA:4,1
DA:6,1
DA:8,1
DA:9,1
LF:5
LH:5
BRF:0
BRH:0
end_of_record
TN:
SF:/Users/craig/Developer/Public/paperclip.js/lib/node/paper/bindings/block/index.js
FNF:0
FNH:0
DA:2,1
LF:1
LH:1
BRF:0
BRH:0
end_of_record
TN:
SF:/Users/craig/Developer/Public/paperclip.js/lib/node/paper/bindings/block/layout.js
FN:4,(anonymous_1)
FN:4,ctor
FN:12,(anonymous_3)
FN:15,LayoutBlockBinding
FN:24,(anonymous_5)
FNF:5
FNH:3
FNDA:1,(anonymous_1)
FNDA:1,ctor
FNDA:1,(anonymous_3)
FNDA:0,LayoutBlockBinding
FNDA:0,(anonymous_5)
DA:2,1
DA:4,2
DA:6,1
DA:8,1
DA:10,1
DA:12,1
DA:13,1
DA:15,1
DA:16,0
DA:17,0
DA:24,1
DA:25,0
DA:26,0
DA:27,0
DA:28,0
DA:29,0
DA:30,0
DA:33,0
DA:36,1
DA:40,1
LF:20
LH:11
BRDA:4,1,0,2
BRDA:4,1,1,0
BRDA:26,2,0,0
BRDA:26,2,1,0
BRF:4
BRH:1
end_of_record
TN:
SF:/Users/craig/Developer/Public/paperclip.js/lib/node/paper/bindings/block/base.js
FN:4,(anonymous_1)
FN:4,ctor
FN:8,(anonymous_3)
FN:11,BaseNodeBlockBinding
FNF:4
FNH:3
FNDA:1,(anonymous_1)
FNDA:1,ctor
FNDA:1,(anonymous_3)
FNDA:0,BaseNodeBlockBinding
DA:2,1
DA:4,2
DA:6,1
DA:8,1
DA:9,1
DA:11,1
DA:12,0
DA:13,0
DA:16,1
DA:20,1
LF:10
LH:8
BRDA:4,1,0,2
BRDA:4,1,1,0
BRF:2
BRH:1
end_of_record
